[ 2015-09-23T10:53:32+08:00 ] 222.204.1.5 /mobile/articles
INFO: [ app_init ] --START--
INFO: Run Behavior\BuildLiteBehavior [ RunTime:0.000017s ]
INFO: [ app_init ] --END-- [ RunTime:0.000313s ]
INFO: [ app_begin ] --START--
INFO: Run Behavior\ReadHtmlCacheBehavior [ RunTime:0.000324s ]
INFO: [ app_begin ] --END-- [ RunTime:0.000364s ]
SQL: SHOW COLUMNS FROM `bl_article` [ RunTime:0.0007s ]
SQL: SHOW COLUMNS FROM `bl_article` [ RunTime:0.0004s ]
SQL: SELECT * FROM `bl_article` WHERE `share` = 1  [ RunTime:0.0002s ]
SQL: SHOW COLUMNS FROM `bl_user` [ RunTime:0.0004s ]
SQL: SELECT * FROM `bl_user` WHERE `uid` = 25 LIMIT 1   [ RunTime:0.0002s ]
SQL: SELECT * FROM `bl_user` WHERE `uid` = 25 LIMIT 1   [ RunTime:0.0002s ]
SQL: SELECT * FROM `bl_user` WHERE `uid` = 25 LIMIT 1   [ RunTime:0.0001s ]
SQL: SELECT * FROM `bl_user` WHERE `uid` = 25 LIMIT 1   [ RunTime:0.0001s ]

[ 2015-09-23T10:53:32+08:00 ] 222.204.1.5 /mobile/articles
INFO: [ app_init ] --START--
INFO: Run Behavior\BuildLiteBehavior [ RunTime:0.000018s ]
INFO: [ app_init ] --END-- [ RunTime:0.000272s ]
INFO: [ app_begin ] --START--
INFO: Run Behavior\ReadHtmlCacheBehavior [ RunTime:0.000408s ]
INFO: [ app_begin ] --END-- [ RunTime:0.000451s ]
SQL: SHOW COLUMNS FROM `bl_article` [ RunTime:0.0007s ]
SQL: SHOW COLUMNS FROM `bl_article` [ RunTime:0.0004s ]
SQL: SELECT * FROM `bl_article` WHERE `share` = 1  [ RunTime:0.0002s ]
SQL: SHOW COLUMNS FROM `bl_user` [ RunTime:0.0004s ]
SQL: SELECT * FROM `bl_user` WHERE `uid` = 25 LIMIT 1   [ RunTime:0.0002s ]
SQL: SELECT * FROM `bl_user` WHERE `uid` = 25 LIMIT 1   [ RunTime:0.0002s ]
SQL: SELECT * FROM `bl_user` WHERE `uid` = 25 LIMIT 1   [ RunTime:0.0001s ]
SQL: SELECT * FROM `bl_user` WHERE `uid` = 25 LIMIT 1   [ RunTime:0.0001s ]

[ 2015-09-23T10:54:12+08:00 ] 222.204.1.5 /mobile/articles
INFO: [ app_init ] --START--
INFO: Run Behavior\BuildLiteBehavior [ RunTime:0.000014s ]
INFO: [ app_init ] --END-- [ RunTime:0.000253s ]
INFO: [ app_begin ] --START--
INFO: Run Behavior\ReadHtmlCacheBehavior [ RunTime:0.000387s ]
INFO: [ app_begin ] --END-- [ RunTime:0.000428s ]
SQL: SHOW COLUMNS FROM `bl_article` [ RunTime:0.0008s ]
SQL: SHOW COLUMNS FROM `bl_article` [ RunTime:0.0004s ]
SQL: SELECT * FROM `bl_article` WHERE `share` = 1  [ RunTime:0.0002s ]
SQL: SHOW COLUMNS FROM `bl_user` [ RunTime:0.0006s ]
SQL: SELECT * FROM `bl_user` WHERE `uid` = 25 LIMIT 1   [ RunTime:0.0002s ]
SQL: SELECT * FROM `bl_user` WHERE `uid` = 25 LIMIT 1   [ RunTime:0.0001s ]
SQL: SELECT * FROM `bl_user` WHERE `uid` = 25 LIMIT 1   [ RunTime:0.0002s ]
SQL: SELECT * FROM `bl_user` WHERE `uid` = 25 LIMIT 1   [ RunTime:0.0002s ]

[ 2015-09-23T10:54:21+08:00 ] 222.204.1.5 /mobile/articles
INFO: [ app_init ] --START--
INFO: Run Behavior\BuildLiteBehavior [ RunTime:0.000013s ]
INFO: [ app_init ] --END-- [ RunTime:0.000252s ]
INFO: [ app_begin ] --START--
INFO: Run Behavior\ReadHtmlCacheBehavior [ RunTime:0.000408s ]
INFO: [ app_begin ] --END-- [ RunTime:0.000450s ]
SQL: SHOW COLUMNS FROM `bl_article` [ RunTime:0.0007s ]
SQL: SHOW COLUMNS FROM `bl_article` [ RunTime:0.0005s ]
SQL: SELECT * FROM `bl_article` WHERE `share` = 1  [ RunTime:0.0002s ]
SQL: SHOW COLUMNS FROM `bl_user` [ RunTime:0.0007s ]
SQL: SELECT * FROM `bl_user` WHERE `uid` = 25 LIMIT 1   [ RunTime:0.0003s ]
SQL: SELECT * FROM `bl_user` WHERE `uid` = 25 LIMIT 1   [ RunTime:0.0001s ]
SQL: SELECT * FROM `bl_user` WHERE `uid` = 25 LIMIT 1   [ RunTime:0.0001s ]
SQL: SELECT * FROM `bl_user` WHERE `uid` = 25 LIMIT 1   [ RunTime:0.0001s ]

[ 2015-09-23T10:54:22+08:00 ] 222.204.1.5 /mobile/articles
INFO: [ app_init ] --START--
INFO: Run Behavior\BuildLiteBehavior [ RunTime:0.000013s ]
INFO: [ app_init ] --END-- [ RunTime:0.000295s ]
INFO: [ app_begin ] --START--
INFO: Run Behavior\ReadHtmlCacheBehavior [ RunTime:0.000346s ]
INFO: [ app_begin ] --END-- [ RunTime:0.000387s ]
SQL: SHOW COLUMNS FROM `bl_article` [ RunTime:0.0007s ]
SQL: SHOW COLUMNS FROM `bl_article` [ RunTime:0.0004s ]
SQL: SELECT * FROM `bl_article` WHERE `share` = 1  [ RunTime:0.0002s ]
SQL: SHOW COLUMNS FROM `bl_user` [ RunTime:0.0004s ]
SQL: SELECT * FROM `bl_user` WHERE `uid` = 25 LIMIT 1   [ RunTime:0.0002s ]
SQL: SELECT * FROM `bl_user` WHERE `uid` = 25 LIMIT 1   [ RunTime:0.0002s ]
SQL: SELECT * FROM `bl_user` WHERE `uid` = 25 LIMIT 1   [ RunTime:0.0002s ]
SQL: SELECT * FROM `bl_user` WHERE `uid` = 25 LIMIT 1   [ RunTime:0.0001s ]

[ 2015-09-23T10:54:26+08:00 ] 222.204.1.5 /mobile/articles
INFO: [ app_init ] --START--
INFO: Run Behavior\BuildLiteBehavior [ RunTime:0.000016s ]
INFO: [ app_init ] --END-- [ RunTime:0.000259s ]
INFO: [ app_begin ] --START--
INFO: Run Behavior\ReadHtmlCacheBehavior [ RunTime:0.000312s ]
INFO: [ app_begin ] --END-- [ RunTime:0.000353s ]
SQL: SHOW COLUMNS FROM `bl_article` [ RunTime:0.0007s ]
SQL: SHOW COLUMNS FROM `bl_article` [ RunTime:0.0005s ]
SQL: SELECT * FROM `bl_article` WHERE `share` = 1  [ RunTime:0.0002s ]
SQL: SHOW COLUMNS FROM `bl_user` [ RunTime:0.0004s ]
SQL: SELECT * FROM `bl_user` WHERE `uid` = 25 LIMIT 1   [ RunTime:0.0002s ]
SQL: SELECT * FROM `bl_user` WHERE `uid` = 25 LIMIT 1   [ RunTime:0.0001s ]
SQL: SELECT * FROM `bl_user` WHERE `uid` = 25 LIMIT 1   [ RunTime:0.0001s ]
SQL: SELECT * FROM `bl_user` WHERE `uid` = 25 LIMIT 1   [ RunTime:0.0002s ]

[ 2015-09-23T10:54:32+08:00 ] 222.204.1.5 /mobile/articles
INFO: [ app_init ] --START--
INFO: Run Behavior\BuildLiteBehavior [ RunTime:0.000018s ]
INFO: [ app_init ] --END-- [ RunTime:0.000271s ]
INFO: [ app_begin ] --START--
INFO: Run Behavior\ReadHtmlCacheBehavior [ RunTime:0.000321s ]
INFO: [ app_begin ] --END-- [ RunTime:0.000361s ]
SQL: SHOW COLUMNS FROM `bl_article` [ RunTime:0.0007s ]
SQL: SHOW COLUMNS FROM `bl_article` [ RunTime:0.0005s ]
SQL: SELECT * FROM `bl_article` WHERE `share` = 1  [ RunTime:0.0002s ]
SQL: SHOW COLUMNS FROM `bl_user` [ RunTime:0.0004s ]
SQL: SELECT * FROM `bl_user` WHERE `uid` = 25 LIMIT 1   [ RunTime:0.0002s ]
SQL: SELECT * FROM `bl_user` WHERE `uid` = 25 LIMIT 1   [ RunTime:0.0001s ]
SQL: SELECT * FROM `bl_user` WHERE `uid` = 25 LIMIT 1   [ RunTime:0.0001s ]
SQL: SELECT * FROM `bl_user` WHERE `uid` = 25 LIMIT 1   [ RunTime:0.0002s ]

[ 2015-09-23T10:59:15+08:00 ] 222.204.1.5 /mobile/articles
INFO: [ app_init ] --START--
INFO: Run Behavior\BuildLiteBehavior [ RunTime:0.000013s ]
INFO: [ app_init ] --END-- [ RunTime:0.000253s ]
INFO: [ app_begin ] --START--
INFO: Run Behavior\ReadHtmlCacheBehavior [ RunTime:0.000322s ]
INFO: [ app_begin ] --END-- [ RunTime:0.000369s ]
SQL: SHOW COLUMNS FROM `bl_article` [ RunTime:0.0007s ]
SQL: SHOW COLUMNS FROM `bl_article` [ RunTime:0.0004s ]
SQL: SELECT * FROM `bl_article` WHERE `share` = 1  [ RunTime:0.0002s ]
SQL: SHOW COLUMNS FROM `bl_user` [ RunTime:0.0004s ]
SQL: SELECT * FROM `bl_user` WHERE `uid` = 25 LIMIT 1   [ RunTime:0.0002s ]
SQL: SELECT * FROM `bl_user` WHERE `uid` = 25 LIMIT 1   [ RunTime:0.0002s ]
SQL: SELECT * FROM `bl_user` WHERE `uid` = 25 LIMIT 1   [ RunTime:0.0001s ]
SQL: SELECT * FROM `bl_user` WHERE `uid` = 25 LIMIT 1   [ RunTime:0.0001s ]

[ 2015-09-23T11:05:12+08:00 ] 222.204.1.5 /mobile/articles
INFO: [ app_init ] --START--
INFO: Run Behavior\BuildLiteBehavior [ RunTime:0.000022s ]
INFO: [ app_init ] --END-- [ RunTime:0.000274s ]
INFO: [ app_begin ] --START--
INFO: Run Behavior\ReadHtmlCacheBehavior [ RunTime:0.000317s ]
INFO: [ app_begin ] --END-- [ RunTime:0.000357s ]
SQL: SHOW COLUMNS FROM `bl_article` [ RunTime:0.0007s ]
SQL: SHOW COLUMNS FROM `bl_article` [ RunTime:0.0005s ]
SQL: SELECT * FROM `bl_article` WHERE `share` = 1  [ RunTime:0.0002s ]
SQL: SHOW COLUMNS FROM `bl_user` [ RunTime:0.0004s ]
SQL: SELECT * FROM `bl_user` WHERE `uid` = 25 LIMIT 1   [ RunTime:0.0002s ]
SQL: SELECT * FROM `bl_user` WHERE `uid` = 25 LIMIT 1   [ RunTime:0.0001s ]
SQL: SELECT * FROM `bl_user` WHERE `uid` = 25 LIMIT 1   [ RunTime:0.0002s ]
SQL: SELECT * FROM `bl_user` WHERE `uid` = 25 LIMIT 1   [ RunTime:0.0001s ]

[ 2015-09-23T11:05:12+08:00 ] 222.204.1.5 /mobile/articles
INFO: [ app_init ] --START--
INFO: Run Behavior\BuildLiteBehavior [ RunTime:0.000014s ]
INFO: [ app_init ] --END-- [ RunTime:0.000290s ]
INFO: [ app_begin ] --START--
INFO: Run Behavior\ReadHtmlCacheBehavior [ RunTime:0.000351s ]
INFO: [ app_begin ] --END-- [ RunTime:0.000396s ]
SQL: SHOW COLUMNS FROM `bl_article` [ RunTime:0.0007s ]
SQL: SHOW COLUMNS FROM `bl_article` [ RunTime:0.0004s ]
SQL: SELECT * FROM `bl_article` WHERE `share` = 1  [ RunTime:0.0002s ]
SQL: SHOW COLUMNS FROM `bl_user` [ RunTime:0.0004s ]
SQL: SELECT * FROM `bl_user` WHERE `uid` = 25 LIMIT 1   [ RunTime:0.0002s ]
SQL: SELECT * FROM `bl_user` WHERE `uid` = 25 LIMIT 1   [ RunTime:0.0002s ]
SQL: SELECT * FROM `bl_user` WHERE `uid` = 25 LIMIT 1   [ RunTime:0.0001s ]
SQL: SELECT * FROM `bl_user` WHERE `uid` = 25 LIMIT 1   [ RunTime:0.0001s ]

[ 2015-09-23T11:07:02+08:00 ] 222.204.1.5 /mobile/articles
INFO: [ app_init ] --START--
INFO: Run Behavior\BuildLiteBehavior [ RunTime:0.000020s ]
INFO: [ app_init ] --END-- [ RunTime:0.000408s ]
INFO: [ app_begin ] --START--
INFO: Run Behavior\ReadHtmlCacheBehavior [ RunTime:0.000596s ]
INFO: [ app_begin ] --END-- [ RunTime:0.000660s ]
SQL: SHOW COLUMNS FROM `bl_article` [ RunTime:0.0007s ]
SQL: SHOW COLUMNS FROM `bl_article` [ RunTime:0.0004s ]
SQL: SELECT * FROM `bl_article` WHERE `share` = 1  [ RunTime:0.0002s ]
SQL: SHOW COLUMNS FROM `bl_user` [ RunTime:0.0004s ]
SQL: SELECT * FROM `bl_user` WHERE `uid` = 25 LIMIT 1   [ RunTime:0.0002s ]
SQL: SELECT * FROM `bl_user` WHERE `uid` = 25 LIMIT 1   [ RunTime:0.0002s ]
SQL: SELECT * FROM `bl_user` WHERE `uid` = 25 LIMIT 1   [ RunTime:0.0001s ]
SQL: SELECT * FROM `bl_user` WHERE `uid` = 25 LIMIT 1   [ RunTime:0.0001s ]

[ 2015-09-23T11:07:02+08:00 ] 222.204.1.5 /mobile/articles
INFO: [ app_init ] --START--
INFO: Run Behavior\BuildLiteBehavior [ RunTime:0.000017s ]
INFO: [ app_init ] --END-- [ RunTime:0.000255s ]
INFO: [ app_begin ] --START--
INFO: Run Behavior\ReadHtmlCacheBehavior [ RunTime:0.000313s ]
INFO: [ app_begin ] --END-- [ RunTime:0.000352s ]
SQL: SHOW COLUMNS FROM `bl_article` [ RunTime:0.0007s ]
SQL: SHOW COLUMNS FROM `bl_article` [ RunTime:0.0004s ]
SQL: SELECT * FROM `bl_article` WHERE `share` = 1  [ RunTime:0.0002s ]
SQL: SHOW COLUMNS FROM `bl_user` [ RunTime:0.0004s ]
SQL: SELECT * FROM `bl_user` WHERE `uid` = 25 LIMIT 1   [ RunTime:0.0002s ]
SQL: SELECT * FROM `bl_user` WHERE `uid` = 25 LIMIT 1   [ RunTime:0.0001s ]
SQL: SELECT * FROM `bl_user` WHERE `uid` = 25 LIMIT 1   [ RunTime:0.0001s ]
SQL: SELECT * FROM `bl_user` WHERE `uid` = 25 LIMIT 1   [ RunTime:0.0001s ]

[ 2015-09-23T11:14:05+08:00 ] 222.204.1.5 /mobile/articles
INFO: [ app_init ] --START--
INFO: Run Behavior\BuildLiteBehavior [ RunTime:0.000014s ]
INFO: [ app_init ] --END-- [ RunTime:0.000295s ]
INFO: [ app_begin ] --START--
INFO: Run Behavior\ReadHtmlCacheBehavior [ RunTime:0.000327s ]
INFO: [ app_begin ] --END-- [ RunTime:0.000368s ]
SQL: SHOW COLUMNS FROM `bl_article` [ RunTime:0.0007s ]
SQL: SHOW COLUMNS FROM `bl_article` [ RunTime:0.0004s ]
SQL: SELECT * FROM `bl_article` WHERE `share` = 1  [ RunTime:0.0002s ]
SQL: SHOW COLUMNS FROM `bl_user` [ RunTime:0.0005s ]
SQL: SELECT * FROM `bl_user` WHERE `uid` = 25 LIMIT 1   [ RunTime:0.0002s ]
SQL: SELECT * FROM `bl_user` WHERE `uid` = 25 LIMIT 1   [ RunTime:0.0002s ]
SQL: SELECT * FROM `bl_user` WHERE `uid` = 25 LIMIT 1   [ RunTime:0.0001s ]
SQL: SELECT * FROM `bl_user` WHERE `uid` = 25 LIMIT 1   [ RunTime:0.0001s ]

[ 2015-09-23T11:14:14+08:00 ] 222.204.1.5 /mobile/articles
INFO: [ app_init ] --START--
INFO: Run Behavior\BuildLiteBehavior [ RunTime:0.000072s ]
INFO: [ app_init ] --END-- [ RunTime:0.000376s ]
INFO: [ app_begin ] --START--
INFO: Run Behavior\ReadHtmlCacheBehavior [ RunTime:0.000586s ]
INFO: [ app_begin ] --END-- [ RunTime:0.000634s ]
SQL: SHOW COLUMNS FROM `bl_article` [ RunTime:0.0007s ]
SQL: SHOW COLUMNS FROM `bl_article` [ RunTime:0.0004s ]
SQL: SELECT * FROM `bl_article` WHERE `share` = 1  [ RunTime:0.0002s ]
SQL: SHOW COLUMNS FROM `bl_user` [ RunTime:0.0004s ]
SQL: SELECT * FROM `bl_user` WHERE `uid` = 25 LIMIT 1   [ RunTime:0.0001s ]
SQL: SELECT * FROM `bl_user` WHERE `uid` = 25 LIMIT 1   [ RunTime:0.0001s ]
SQL: SELECT * FROM `bl_user` WHERE `uid` = 25 LIMIT 1   [ RunTime:0.0001s ]
SQL: SELECT * FROM `bl_user` WHERE `uid` = 25 LIMIT 1   [ RunTime:0.0002s ]

[ 2015-09-23T11:14:14+08:00 ] 222.204.1.5 /mobile/articles
INFO: [ app_init ] --START--
INFO: Run Behavior\BuildLiteBehavior [ RunTime:0.000013s ]
INFO: [ app_init ] --END-- [ RunTime:0.000261s ]
INFO: [ app_begin ] --START--
INFO: Run Behavior\ReadHtmlCacheBehavior [ RunTime:0.000318s ]
INFO: [ app_begin ] --END-- [ RunTime:0.000366s ]
SQL: SHOW COLUMNS FROM `bl_article` [ RunTime:0.0007s ]
SQL: SHOW COLUMNS FROM `bl_article` [ RunTime:0.0004s ]
SQL: SELECT * FROM `bl_article` WHERE `share` = 1  [ RunTime:0.0002s ]
SQL: SHOW COLUMNS FROM `bl_user` [ RunTime:0.0004s ]
SQL: SELECT * FROM `bl_user` WHERE `uid` = 25 LIMIT 1   [ RunTime:0.0002s ]
SQL: SELECT * FROM `bl_user` WHERE `uid` = 25 LIMIT 1   [ RunTime:0.0002s ]
SQL: SELECT * FROM `bl_user` WHERE `uid` = 25 LIMIT 1   [ RunTime:0.0001s ]
SQL: SELECT * FROM `bl_user` WHERE `uid` = 25 LIMIT 1   [ RunTime:0.0001s ]

[ 2015-09-23T11:16:39+08:00 ] 222.204.1.5 /mobile/articles
INFO: [ app_init ] --START--
INFO: Run Behavior\BuildLiteBehavior [ RunTime:0.000014s ]
INFO: [ app_init ] --END-- [ RunTime:0.000307s ]
INFO: [ app_begin ] --START--
INFO: Run Behavior\ReadHtmlCacheBehavior [ RunTime:0.000321s ]
INFO: [ app_begin ] --END-- [ RunTime:0.000414s ]
SQL: SHOW COLUMNS FROM `bl_article` [ RunTime:0.0007s ]
SQL: SHOW COLUMNS FROM `bl_article` [ RunTime:0.0005s ]
SQL: SELECT * FROM `bl_article` WHERE `share` = 1  [ RunTime:0.0002s ]
SQL: SHOW COLUMNS FROM `bl_user` [ RunTime:0.0004s ]
SQL: SELECT * FROM `bl_user` WHERE `uid` = 25 LIMIT 1   [ RunTime:0.0002s ]
SQL: SELECT * FROM `bl_user` WHERE `uid` = 25 LIMIT 1   [ RunTime:0.0001s ]
SQL: SELECT * FROM `bl_user` WHERE `uid` = 25 LIMIT 1   [ RunTime:0.0001s ]
SQL: SELECT * FROM `bl_user` WHERE `uid` = 25 LIMIT 1   [ RunTime:0.0001s ]

[ 2015-09-23T11:16:39+08:00 ] 222.204.1.5 /mobile/articles
INFO: [ app_init ] --START--
INFO: Run Behavior\BuildLiteBehavior [ RunTime:0.000013s ]
INFO: [ app_init ] --END-- [ RunTime:0.000243s ]
INFO: [ app_begin ] --START--
INFO: Run Behavior\ReadHtmlCacheBehavior [ RunTime:0.000364s ]
INFO: [ app_begin ] --END-- [ RunTime:0.000403s ]
SQL: SHOW COLUMNS FROM `bl_article` [ RunTime:0.0007s ]
SQL: SHOW COLUMNS FROM `bl_article` [ RunTime:0.0005s ]
SQL: SELECT * FROM `bl_article` WHERE `share` = 1  [ RunTime:0.0002s ]
SQL: SHOW COLUMNS FROM `bl_user` [ RunTime:0.0004s ]
SQL: SELECT * FROM `bl_user` WHERE `uid` = 25 LIMIT 1   [ RunTime:0.0002s ]
SQL: SELECT * FROM `bl_user` WHERE `uid` = 25 LIMIT 1   [ RunTime:0.0001s ]
SQL: SELECT * FROM `bl_user` WHERE `uid` = 25 LIMIT 1   [ RunTime:0.0002s ]
SQL: SELECT * FROM `bl_user` WHERE `uid` = 25 LIMIT 1   [ RunTime:0.0001s ]

[ 2015-09-23T11:17:18+08:00 ] 222.204.1.5 /mobile/articles
INFO: [ app_init ] --START--
INFO: Run Behavior\BuildLiteBehavior [ RunTime:0.000017s ]
INFO: [ app_init ] --END-- [ RunTime:0.000271s ]
INFO: [ app_begin ] --START--
INFO: Run Behavior\ReadHtmlCacheBehavior [ RunTime:0.000388s ]
INFO: [ app_begin ] --END-- [ RunTime:0.000429s ]
SQL: SHOW COLUMNS FROM `bl_article` [ RunTime:0.0008s ]
SQL: SHOW COLUMNS FROM `bl_article` [ RunTime:0.0004s ]
SQL: SELECT * FROM `bl_article` WHERE `share` = 1  [ RunTime:0.0002s ]
SQL: SHOW COLUMNS FROM `bl_user` [ RunTime:0.0004s ]
SQL: SELECT * FROM `bl_user` WHERE `uid` = 25 LIMIT 1   [ RunTime:0.0002s ]
SQL: SELECT * FROM `bl_user` WHERE `uid` = 25 LIMIT 1   [ RunTime:0.0001s ]
SQL: SELECT * FROM `bl_user` WHERE `uid` = 25 LIMIT 1   [ RunTime:0.0001s ]
SQL: SELECT * FROM `bl_user` WHERE `uid` = 25 LIMIT 1   [ RunTime:0.0002s ]

[ 2015-09-23T11:17:18+08:00 ] 222.204.1.5 /mobile/articles
INFO: [ app_init ] --START--
INFO: Run Behavior\BuildLiteBehavior [ RunTime:0.000013s ]
INFO: [ app_init ] --END-- [ RunTime:0.000244s ]
INFO: [ app_begin ] --START--
INFO: Run Behavior\ReadHtmlCacheBehavior [ RunTime:0.000387s ]
INFO: [ app_begin ] --END-- [ RunTime:0.000426s ]
SQL: SHOW COLUMNS FROM `bl_article` [ RunTime:0.0008s ]
SQL: SHOW COLUMNS FROM `bl_article` [ RunTime:0.0005s ]
SQL: SELECT * FROM `bl_article` WHERE `share` = 1  [ RunTime:0.0002s ]
SQL: SHOW COLUMNS FROM `bl_user` [ RunTime:0.0004s ]
SQL: SELECT * FROM `bl_user` WHERE `uid` = 25 LIMIT 1   [ RunTime:0.0002s ]
SQL: SELECT * FROM `bl_user` WHERE `uid` = 25 LIMIT 1   [ RunTime:0.0001s ]
SQL: SELECT * FROM `bl_user` WHERE `uid` = 25 LIMIT 1   [ RunTime:0.0002s ]
SQL: SELECT * FROM `bl_user` WHERE `uid` = 25 LIMIT 1   [ RunTime:0.0001s ]

[ 2015-09-23T11:17:58+08:00 ] 222.204.1.5 /mobile/articles
INFO: [ app_init ] --START--
INFO: Run Behavior\BuildLiteBehavior [ RunTime:0.000013s ]
INFO: [ app_init ] --END-- [ RunTime:0.000260s ]
INFO: [ app_begin ] --START--
INFO: Run Behavior\ReadHtmlCacheBehavior [ RunTime:0.000389s ]
INFO: [ app_begin ] --END-- [ RunTime:0.000433s ]
SQL: SHOW COLUMNS FROM `bl_article` [ RunTime:0.0007s ]
SQL: SHOW COLUMNS FROM `bl_article` [ RunTime:0.0005s ]
SQL: SELECT * FROM `bl_article` WHERE `share` = 1  [ RunTime:0.0002s ]
SQL: SHOW COLUMNS FROM `bl_user` [ RunTime:0.0004s ]
SQL: SELECT * FROM `bl_user` WHERE `uid` = 25 LIMIT 1   [ RunTime:0.0002s ]
SQL: SELECT * FROM `bl_user` WHERE `uid` = 25 LIMIT 1   [ RunTime:0.0001s ]
SQL: SELECT * FROM `bl_user` WHERE `uid` = 25 LIMIT 1   [ RunTime:0.0002s ]
SQL: SELECT * FROM `bl_user` WHERE `uid` = 25 LIMIT 1   [ RunTime:0.0001s ]

[ 2015-09-23T11:17:59+08:00 ] 222.204.1.5 /mobile/articles
INFO: [ app_init ] --START--
INFO: Run Behavior\BuildLiteBehavior [ RunTime:0.000014s ]
INFO: [ app_init ] --END-- [ RunTime:0.000242s ]
INFO: [ app_begin ] --START--
INFO: Run Behavior\ReadHtmlCacheBehavior [ RunTime:0.000303s ]
INFO: [ app_begin ] --END-- [ RunTime:0.000385s ]
SQL: SHOW COLUMNS FROM `bl_article` [ RunTime:0.0007s ]
SQL: SHOW COLUMNS FROM `bl_article` [ RunTime:0.0004s ]
SQL: SELECT * FROM `bl_article` WHERE `share` = 1  [ RunTime:0.0002s ]
SQL: SHOW COLUMNS FROM `bl_user` [ RunTime:0.0004s ]
SQL: SELECT * FROM `bl_user` WHERE `uid` = 25 LIMIT 1   [ RunTime:0.0002s ]
SQL: SELECT * FROM `bl_user` WHERE `uid` = 25 LIMIT 1   [ RunTime:0.0001s ]
SQL: SELECT * FROM `bl_user` WHERE `uid` = 25 LIMIT 1   [ RunTime:0.0001s ]
SQL: SELECT * FROM `bl_user` WHERE `uid` = 25 LIMIT 1   [ RunTime:0.0001s ]

[ 2015-09-23T11:19:09+08:00 ] 222.204.1.5 /mobile/articles
INFO: [ app_init ] --START--
INFO: Run Behavior\BuildLiteBehavior [ RunTime:0.000017s ]
INFO: [ app_init ] --END-- [ RunTime:0.000308s ]
INFO: [ app_begin ] --START--
INFO: Run Behavior\ReadHtmlCacheBehavior [ RunTime:0.000327s ]
INFO: [ app_begin ] --END-- [ RunTime:0.000367s ]
SQL: SHOW COLUMNS FROM `bl_article` [ RunTime:0.0007s ]
SQL: SHOW COLUMNS FROM `bl_article` [ RunTime:0.0005s ]
SQL: SELECT * FROM `bl_article` WHERE `share` = 1  [ RunTime:0.0002s ]
SQL: SHOW COLUMNS FROM `bl_user` [ RunTime:0.0005s ]
SQL: SELECT * FROM `bl_user` WHERE `uid` = 25 LIMIT 1   [ RunTime:0.0002s ]
SQL: SELECT * FROM `bl_user` WHERE `uid` = 25 LIMIT 1   [ RunTime:0.0001s ]
SQL: SELECT * FROM `bl_user` WHERE `uid` = 25 LIMIT 1   [ RunTime:0.0002s ]
SQL: SELECT * FROM `bl_user` WHERE `uid` = 25 LIMIT 1   [ RunTime:0.0001s ]

[ 2015-09-23T11:19:10+08:00 ] 222.204.1.5 /mobile/articles
INFO: [ app_init ] --START--
INFO: Run Behavior\BuildLiteBehavior [ RunTime:0.000014s ]
INFO: [ app_init ] --END-- [ RunTime:0.000285s ]
INFO: [ app_begin ] --START--
INFO: Run Behavior\ReadHtmlCacheBehavior [ RunTime:0.000312s ]
INFO: [ app_begin ] --END-- [ RunTime:0.000352s ]
SQL: SHOW COLUMNS FROM `bl_article` [ RunTime:0.0008s ]
SQL: SHOW COLUMNS FROM `bl_article` [ RunTime:0.0007s ]
SQL: SELECT * FROM `bl_article` WHERE `share` = 1  [ RunTime:0.0002s ]
SQL: SHOW COLUMNS FROM `bl_user` [ RunTime:0.0005s ]
SQL: SELECT * FROM `bl_user` WHERE `uid` = 25 LIMIT 1   [ RunTime:0.0002s ]
SQL: SELECT * FROM `bl_user` WHERE `uid` = 25 LIMIT 1   [ RunTime:0.0002s ]
SQL: SELECT * FROM `bl_user` WHERE `uid` = 25 LIMIT 1   [ RunTime:0.0001s ]
SQL: SELECT * FROM `bl_user` WHERE `uid` = 25 LIMIT 1   [ RunTime:0.0001s ]

[ 2015-09-23T11:19:37+08:00 ] 222.204.1.5 /mobile/articles
INFO: [ app_init ] --START--
INFO: Run Behavior\BuildLiteBehavior [ RunTime:0.000017s ]
INFO: [ app_init ] --END-- [ RunTime:0.000273s ]
INFO: [ app_begin ] --START--
INFO: Run Behavior\ReadHtmlCacheBehavior [ RunTime:0.000413s ]
INFO: [ app_begin ] --END-- [ RunTime:0.000455s ]
SQL: SHOW COLUMNS FROM `bl_article` [ RunTime:0.0008s ]
SQL: SHOW COLUMNS FROM `bl_article` [ RunTime:0.0006s ]
SQL: SELECT * FROM `bl_article` WHERE `share` = 1  [ RunTime:0.0002s ]
SQL: SHOW COLUMNS FROM `bl_user` [ RunTime:0.0005s ]
SQL: SELECT * FROM `bl_user` WHERE `uid` = 25 LIMIT 1   [ RunTime:0.0002s ]
SQL: SELECT * FROM `bl_user` WHERE `uid` = 25 LIMIT 1   [ RunTime:0.0004s ]
SQL: SELECT * FROM `bl_user` WHERE `uid` = 25 LIMIT 1   [ RunTime:0.0002s ]
SQL: SELECT * FROM `bl_user` WHERE `uid` = 25 LIMIT 1   [ RunTime:0.0001s ]

[ 2015-09-23T11:19:37+08:00 ] 222.204.1.5 /mobile/articles
INFO: [ app_init ] --START--
INFO: Run Behavior\BuildLiteBehavior [ RunTime:0.000015s ]
INFO: [ app_init ] --END-- [ RunTime:0.000254s ]
INFO: [ app_begin ] --START--
INFO: Run Behavior\ReadHtmlCacheBehavior [ RunTime:0.000416s ]
INFO: [ app_begin ] --END-- [ RunTime:0.000457s ]
SQL: SHOW COLUMNS FROM `bl_article` [ RunTime:0.0007s ]
SQL: SHOW COLUMNS FROM `bl_article` [ RunTime:0.0004s ]
SQL: SELECT * FROM `bl_article` WHERE `share` = 1  [ RunTime:0.0002s ]
SQL: SHOW COLUMNS FROM `bl_user` [ RunTime:0.0004s ]
SQL: SELECT * FROM `bl_user` WHERE `uid` = 25 LIMIT 1   [ RunTime:0.0002s ]
SQL: SELECT * FROM `bl_user` WHERE `uid` = 25 LIMIT 1   [ RunTime:0.0002s ]
SQL: SELECT * FROM `bl_user` WHERE `uid` = 25 LIMIT 1   [ RunTime:0.0001s ]
SQL: SELECT * FROM `bl_user` WHERE `uid` = 25 LIMIT 1   [ RunTime:0.0002s ]

[ 2015-09-23T11:20:04+08:00 ] 222.204.1.5 /mobile/articles
INFO: [ app_init ] --START--
INFO: Run Behavior\BuildLiteBehavior [ RunTime:0.000015s ]
INFO: [ app_init ] --END-- [ RunTime:0.000259s ]
INFO: [ app_begin ] --START--
INFO: Run Behavior\ReadHtmlCacheBehavior [ RunTime:0.000313s ]
INFO: [ app_begin ] --END-- [ RunTime:0.000353s ]
SQL: SHOW COLUMNS FROM `bl_article` [ RunTime:0.0007s ]
SQL: SHOW COLUMNS FROM `bl_article` [ RunTime:0.0008s ]
SQL: SELECT * FROM `bl_article` WHERE `share` = 1  [ RunTime:0.0003s ]
SQL: SHOW COLUMNS FROM `bl_user` [ RunTime:0.0005s ]
SQL: SELECT * FROM `bl_user` WHERE `uid` = 25 LIMIT 1   [ RunTime:0.0002s ]
SQL: SELECT * FROM `bl_user` WHERE `uid` = 25 LIMIT 1   [ RunTime:0.0001s ]
SQL: SELECT * FROM `bl_user` WHERE `uid` = 25 LIMIT 1   [ RunTime:0.0001s ]
SQL: SELECT * FROM `bl_user` WHERE `uid` = 25 LIMIT 1   [ RunTime:0.0001s ]

[ 2015-09-23T11:20:05+08:00 ] 222.204.1.5 /mobile/articles
INFO: [ app_init ] --START--
INFO: Run Behavior\BuildLiteBehavior [ RunTime:0.000015s ]
INFO: [ app_init ] --END-- [ RunTime:0.000252s ]
INFO: [ app_begin ] --START--
INFO: Run Behavior\ReadHtmlCacheBehavior [ RunTime:0.000399s ]
INFO: [ app_begin ] --END-- [ RunTime:0.000440s ]
SQL: SHOW COLUMNS FROM `bl_article` [ RunTime:0.0007s ]
SQL: SHOW COLUMNS FROM `bl_article` [ RunTime:0.0004s ]
SQL: SELECT * FROM `bl_article` WHERE `share` = 1  [ RunTime:0.0002s ]
SQL: SHOW COLUMNS FROM `bl_user` [ RunTime:0.0004s ]
SQL: SELECT * FROM `bl_user` WHERE `uid` = 25 LIMIT 1   [ RunTime:0.0002s ]
SQL: SELECT * FROM `bl_user` WHERE `uid` = 25 LIMIT 1   [ RunTime:0.0001s ]
SQL: SELECT * FROM `bl_user` WHERE `uid` = 25 LIMIT 1   [ RunTime:0.0001s ]
SQL: SELECT * FROM `bl_user` WHERE `uid` = 25 LIMIT 1   [ RunTime:0.0001s ]

[ 2015-09-23T11:21:08+08:00 ] 222.204.1.5 /mobile/articles
INFO: [ app_init ] --START--
INFO: Run Behavior\BuildLiteBehavior [ RunTime:0.000013s ]
INFO: [ app_init ] --END-- [ RunTime:0.000293s ]
INFO: [ app_begin ] --START--
INFO: Run Behavior\ReadHtmlCacheBehavior [ RunTime:0.000312s ]
INFO: [ app_begin ] --END-- [ RunTime:0.000352s ]
SQL: SHOW COLUMNS FROM `bl_article` [ RunTime:0.0007s ]
SQL: SHOW COLUMNS FROM `bl_article` [ RunTime:0.0004s ]
SQL: SELECT * FROM `bl_article` WHERE `share` = 1  [ RunTime:0.0002s ]
SQL: SHOW COLUMNS FROM `bl_user` [ RunTime:0.0004s ]
SQL: SELECT * FROM `bl_user` WHERE `uid` = 25 LIMIT 1   [ RunTime:0.0002s ]
SQL: SELECT * FROM `bl_user` WHERE `uid` = 25 LIMIT 1   [ RunTime:0.0001s ]
SQL: SELECT * FROM `bl_user` WHERE `uid` = 25 LIMIT 1   [ RunTime:0.0001s ]
SQL: SELECT * FROM `bl_user` WHERE `uid` = 25 LIMIT 1   [ RunTime:0.0001s ]

[ 2015-09-23T11:21:08+08:00 ] 222.204.1.5 /mobile/articles
INFO: [ app_init ] --START--
INFO: Run Behavior\BuildLiteBehavior [ RunTime:0.000013s ]
INFO: [ app_init ] --END-- [ RunTime:0.000245s ]
INFO: [ app_begin ] --START--
INFO: Run Behavior\ReadHtmlCacheBehavior [ RunTime:0.000351s ]
INFO: [ app_begin ] --END-- [ RunTime:0.000391s ]
SQL: SHOW COLUMNS FROM `bl_article` [ RunTime:0.0007s ]
SQL: SHOW COLUMNS FROM `bl_article` [ RunTime:0.0004s ]
SQL: SELECT * FROM `bl_article` WHERE `share` = 1  [ RunTime:0.0002s ]
SQL: SHOW COLUMNS FROM `bl_user` [ RunTime:0.0004s ]
SQL: SELECT * FROM `bl_user` WHERE `uid` = 25 LIMIT 1   [ RunTime:0.0002s ]
SQL: SELECT * FROM `bl_user` WHERE `uid` = 25 LIMIT 1   [ RunTime:0.0001s ]
SQL: SELECT * FROM `bl_user` WHERE `uid` = 25 LIMIT 1   [ RunTime:0.0001s ]
SQL: SELECT * FROM `bl_user` WHERE `uid` = 25 LIMIT 1   [ RunTime:0.0001s ]

[ 2015-09-23T11:21:28+08:00 ] 222.204.1.5 /mobile/articles
INFO: [ app_init ] --START--
INFO: Run Behavior\BuildLiteBehavior [ RunTime:0.000014s ]
INFO: [ app_init ] --END-- [ RunTime:0.000251s ]
INFO: [ app_begin ] --START--
INFO: Run Behavior\ReadHtmlCacheBehavior [ RunTime:0.000364s ]
INFO: [ app_begin ] --END-- [ RunTime:0.000446s ]
SQL: SHOW COLUMNS FROM `bl_article` [ RunTime:0.0007s ]
SQL: SHOW COLUMNS FROM `bl_article` [ RunTime:0.0004s ]
SQL: SELECT * FROM `bl_article` WHERE `share` = 1  [ RunTime:0.0002s ]
SQL: SHOW COLUMNS FROM `bl_user` [ RunTime:0.0004s ]
SQL: SELECT * FROM `bl_user` WHERE `uid` = 25 LIMIT 1   [ RunTime:0.0002s ]
SQL: SELECT * FROM `bl_user` WHERE `uid` = 25 LIMIT 1   [ RunTime:0.0001s ]
SQL: SELECT * FROM `bl_user` WHERE `uid` = 25 LIMIT 1   [ RunTime:0.0001s ]
SQL: SELECT * FROM `bl_user` WHERE `uid` = 25 LIMIT 1   [ RunTime:0.0001s ]

[ 2015-09-23T11:21:28+08:00 ] 222.204.1.5 /mobile/articles
INFO: [ app_init ] --START--
INFO: Run Behavior\BuildLiteBehavior [ RunTime:0.000017s ]
INFO: [ app_init ] --END-- [ RunTime:0.000259s ]
INFO: [ app_begin ] --START--
INFO: Run Behavior\ReadHtmlCacheBehavior [ RunTime:0.000453s ]
INFO: [ app_begin ] --END-- [ RunTime:0.000516s ]
SQL: SHOW COLUMNS FROM `bl_article` [ RunTime:0.0007s ]
SQL: SHOW COLUMNS FROM `bl_article` [ RunTime:0.0004s ]
SQL: SELECT * FROM `bl_article` WHERE `share` = 1  [ RunTime:0.0002s ]
SQL: SHOW COLUMNS FROM `bl_user` [ RunTime:0.0004s ]
SQL: SELECT * FROM `bl_user` WHERE `uid` = 25 LIMIT 1   [ RunTime:0.0002s ]
SQL: SELECT * FROM `bl_user` WHERE `uid` = 25 LIMIT 1   [ RunTime:0.0001s ]
SQL: SELECT * FROM `bl_user` WHERE `uid` = 25 LIMIT 1   [ RunTime:0.0001s ]
SQL: SELECT * FROM `bl_user` WHERE `uid` = 25 LIMIT 1   [ RunTime:0.0002s ]

[ 2015-09-23T11:22:32+08:00 ] 222.204.1.5 /mobile/articles
INFO: [ app_init ] --START--
INFO: Run Behavior\BuildLiteBehavior [ RunTime:0.000017s ]
INFO: [ app_init ] --END-- [ RunTime:0.000282s ]
INFO: [ app_begin ] --START--
INFO: Run Behavior\ReadHtmlCacheBehavior [ RunTime:0.000353s ]
INFO: [ app_begin ] --END-- [ RunTime:0.000394s ]
SQL: SHOW COLUMNS FROM `bl_article` [ RunTime:0.0008s ]
SQL: SHOW COLUMNS FROM `bl_article` [ RunTime:0.0005s ]
SQL: SELECT * FROM `bl_article` WHERE `share` = 1  [ RunTime:0.0002s ]
SQL: SHOW COLUMNS FROM `bl_user` [ RunTime:0.0005s ]
SQL: SELECT * FROM `bl_user` WHERE `uid` = 25 LIMIT 1   [ RunTime:0.0002s ]
SQL: SELECT * FROM `bl_user` WHERE `uid` = 25 LIMIT 1   [ RunTime:0.0001s ]
SQL: SELECT * FROM `bl_user` WHERE `uid` = 25 LIMIT 1   [ RunTime:0.0002s ]
SQL: SELECT * FROM `bl_user` WHERE `uid` = 25 LIMIT 1   [ RunTime:0.0001s ]

[ 2015-09-23T11:22:33+08:00 ] 222.204.1.5 /mobile/articles
INFO: [ app_init ] --START--
INFO: Run Behavior\BuildLiteBehavior [ RunTime:0.000013s ]
INFO: [ app_init ] --END-- [ RunTime:0.000258s ]
INFO: [ app_begin ] --START--
INFO: Run Behavior\ReadHtmlCacheBehavior [ RunTime:0.000370s ]
INFO: [ app_begin ] --END-- [ RunTime:0.000411s ]
SQL: SHOW COLUMNS FROM `bl_article` [ RunTime:0.0007s ]
SQL: SHOW COLUMNS FROM `bl_article` [ RunTime:0.0004s ]
SQL: SELECT * FROM `bl_article` WHERE `share` = 1  [ RunTime:0.0002s ]
SQL: SHOW COLUMNS FROM `bl_user` [ RunTime:0.0004s ]
SQL: SELECT * FROM `bl_user` WHERE `uid` = 25 LIMIT 1   [ RunTime:0.0002s ]
SQL: SELECT * FROM `bl_user` WHERE `uid` = 25 LIMIT 1   [ RunTime:0.0001s ]
SQL: SELECT * FROM `bl_user` WHERE `uid` = 25 LIMIT 1   [ RunTime:0.0001s ]
SQL: SELECT * FROM `bl_user` WHERE `uid` = 25 LIMIT 1   [ RunTime:0.0001s ]

[ 2015-09-23T11:23:13+08:00 ] 222.204.1.5 /mobile/articles
INFO: [ app_init ] --START--
INFO: Run Behavior\BuildLiteBehavior [ RunTime:0.000013s ]
INFO: [ app_init ] --END-- [ RunTime:0.000289s ]
INFO: [ app_begin ] --START--
INFO: Run Behavior\ReadHtmlCacheBehavior [ RunTime:0.000306s ]
INFO: [ app_begin ] --END-- [ RunTime:0.000347s ]
SQL: SHOW COLUMNS FROM `bl_article` [ RunTime:0.0009s ]
SQL: SHOW COLUMNS FROM `bl_article` [ RunTime:0.0004s ]
SQL: SELECT * FROM `bl_article` WHERE `share` = 1  [ RunTime:0.0003s ]
SQL: SHOW COLUMNS FROM `bl_user` [ RunTime:0.0004s ]
SQL: SELECT * FROM `bl_user` WHERE `uid` = 25 LIMIT 1   [ RunTime:0.0002s ]
SQL: SELECT * FROM `bl_user` WHERE `uid` = 25 LIMIT 1   [ RunTime:0.0001s ]
SQL: SELECT * FROM `bl_user` WHERE `uid` = 25 LIMIT 1   [ RunTime:0.0002s ]
SQL: SELECT * FROM `bl_user` WHERE `uid` = 25 LIMIT 1   [ RunTime:0.0001s ]

[ 2015-09-23T11:23:14+08:00 ] 222.204.1.5 /mobile/articles
INFO: [ app_init ] --START--
INFO: Run Behavior\BuildLiteBehavior [ RunTime:0.000016s ]
INFO: [ app_init ] --END-- [ RunTime:0.000310s ]
INFO: [ app_begin ] --START--
INFO: Run Behavior\ReadHtmlCacheBehavior [ RunTime:0.000319s ]
INFO: [ app_begin ] --END-- [ RunTime:0.000360s ]
SQL: SHOW COLUMNS FROM `bl_article` [ RunTime:0.0007s ]
SQL: SHOW COLUMNS FROM `bl_article` [ RunTime:0.0004s ]
SQL: SELECT * FROM `bl_article` WHERE `share` = 1  [ RunTime:0.0002s ]
SQL: SHOW COLUMNS FROM `bl_user` [ RunTime:0.0004s ]
SQL: SELECT * FROM `bl_user` WHERE `uid` = 25 LIMIT 1   [ RunTime:0.0002s ]
SQL: SELECT * FROM `bl_user` WHERE `uid` = 25 LIMIT 1   [ RunTime:0.0001s ]
SQL: SELECT * FROM `bl_user` WHERE `uid` = 25 LIMIT 1   [ RunTime:0.0001s ]
SQL: SELECT * FROM `bl_user` WHERE `uid` = 25 LIMIT 1   [ RunTime:0.0002s ]

[ 2015-09-23T11:23:57+08:00 ] 222.204.1.5 /mobile/articles
INFO: [ app_init ] --START--
INFO: Run Behavior\BuildLiteBehavior [ RunTime:0.000013s ]
INFO: [ app_init ] --END-- [ RunTime:0.000240s ]
INFO: [ app_begin ] --START--
INFO: Run Behavior\ReadHtmlCacheBehavior [ RunTime:0.000321s ]
INFO: [ app_begin ] --END-- [ RunTime:0.000364s ]
SQL: SHOW COLUMNS FROM `bl_article` [ RunTime:0.0007s ]
SQL: SHOW COLUMNS FROM `bl_article` [ RunTime:0.0004s ]
SQL: SELECT * FROM `bl_article` WHERE `share` = 1  [ RunTime:0.0002s ]
SQL: SHOW COLUMNS FROM `bl_user` [ RunTime:0.0004s ]
SQL: SELECT * FROM `bl_user` WHERE `uid` = 25 LIMIT 1   [ RunTime:0.0002s ]
SQL: SELECT * FROM `bl_user` WHERE `uid` = 25 LIMIT 1   [ RunTime:0.0002s ]
SQL: SELECT * FROM `bl_user` WHERE `uid` = 25 LIMIT 1   [ RunTime:0.0001s ]
SQL: SELECT * FROM `bl_user` WHERE `uid` = 25 LIMIT 1   [ RunTime:0.0001s ]

[ 2015-09-23T11:23:58+08:00 ] 222.204.1.5 /mobile/articles
INFO: [ app_init ] --START--
INFO: Run Behavior\BuildLiteBehavior [ RunTime:0.000016s ]
INFO: [ app_init ] --END-- [ RunTime:0.000261s ]
INFO: [ app_begin ] --START--
INFO: Run Behavior\ReadHtmlCacheBehavior [ RunTime:0.000358s ]
INFO: [ app_begin ] --END-- [ RunTime:0.000399s ]
SQL: SHOW COLUMNS FROM `bl_article` [ RunTime:0.0007s ]
SQL: SHOW COLUMNS FROM `bl_article` [ RunTime:0.0004s ]
SQL: SELECT * FROM `bl_article` WHERE `share` = 1  [ RunTime:0.0002s ]
SQL: SHOW COLUMNS FROM `bl_user` [ RunTime:0.0004s ]
SQL: SELECT * FROM `bl_user` WHERE `uid` = 25 LIMIT 1   [ RunTime:0.0002s ]
SQL: SELECT * FROM `bl_user` WHERE `uid` = 25 LIMIT 1   [ RunTime:0.0001s ]
SQL: SELECT * FROM `bl_user` WHERE `uid` = 25 LIMIT 1   [ RunTime:0.0002s ]
SQL: SELECT * FROM `bl_user` WHERE `uid` = 25 LIMIT 1   [ RunTime:0.0001s ]

[ 2015-09-23T11:27:52+08:00 ] 222.204.1.5 /mobile/articles
INFO: [ app_init ] --START--
INFO: Run Behavior\BuildLiteBehavior [ RunTime:0.000013s ]
INFO: [ app_init ] --END-- [ RunTime:0.000242s ]
INFO: [ app_begin ] --START--
INFO: Run Behavior\ReadHtmlCacheBehavior [ RunTime:0.000355s ]
INFO: [ app_begin ] --END-- [ RunTime:0.000394s ]
SQL: SHOW COLUMNS FROM `bl_article` [ RunTime:0.0008s ]
SQL: SHOW COLUMNS FROM `bl_article` [ RunTime:0.0007s ]
SQL: SELECT * FROM `bl_article` WHERE `share` = 1  [ RunTime:0.0002s ]
SQL: SHOW COLUMNS FROM `bl_user` [ RunTime:0.0004s ]
SQL: SELECT * FROM `bl_user` WHERE `uid` = 25 LIMIT 1   [ RunTime:0.0002s ]
SQL: SELECT * FROM `bl_user` WHERE `uid` = 25 LIMIT 1   [ RunTime:0.0001s ]
SQL: SELECT * FROM `bl_user` WHERE `uid` = 25 LIMIT 1   [ RunTime:0.0001s ]
SQL: SELECT * FROM `bl_user` WHERE `uid` = 25 LIMIT 1   [ RunTime:0.0001s ]

[ 2015-09-23T11:27:52+08:00 ] 222.204.1.5 /mobile/articles
INFO: [ app_init ] --START--
INFO: Run Behavior\BuildLiteBehavior [ RunTime:0.000015s ]
INFO: [ app_init ] --END-- [ RunTime:0.000297s ]
INFO: [ app_begin ] --START--
INFO: Run Behavior\ReadHtmlCacheBehavior [ RunTime:0.000312s ]
INFO: [ app_begin ] --END-- [ RunTime:0.000352s ]
SQL: SHOW COLUMNS FROM `bl_article` [ RunTime:0.0007s ]
SQL: SHOW COLUMNS FROM `bl_article` [ RunTime:0.0005s ]
SQL: SELECT * FROM `bl_article` WHERE `share` = 1  [ RunTime:0.0002s ]
SQL: SHOW COLUMNS FROM `bl_user` [ RunTime:0.0005s ]
SQL: SELECT * FROM `bl_user` WHERE `uid` = 25 LIMIT 1   [ RunTime:0.0002s ]
SQL: SELECT * FROM `bl_user` WHERE `uid` = 25 LIMIT 1   [ RunTime:0.0001s ]
SQL: SELECT * FROM `bl_user` WHERE `uid` = 25 LIMIT 1   [ RunTime:0.0002s ]
SQL: SELECT * FROM `bl_user` WHERE `uid` = 25 LIMIT 1   [ RunTime:0.0001s ]

[ 2015-09-23T11:30:10+08:00 ] 222.204.1.5 /mobile/articles
INFO: [ app_init ] --START--
INFO: Run Behavior\BuildLiteBehavior [ RunTime:0.000016s ]
INFO: [ app_init ] --END-- [ RunTime:0.000306s ]
INFO: [ app_begin ] --START--
INFO: Run Behavior\ReadHtmlCacheBehavior [ RunTime:0.000318s ]
INFO: [ app_begin ] --END-- [ RunTime:0.000357s ]
SQL: SHOW COLUMNS FROM `bl_article` [ RunTime:0.0007s ]
SQL: SHOW COLUMNS FROM `bl_article` [ RunTime:0.0005s ]
SQL: SELECT * FROM `bl_article` WHERE `share` = 1  [ RunTime:0.0002s ]
SQL: SHOW COLUMNS FROM `bl_user` [ RunTime:0.0004s ]
SQL: SELECT * FROM `bl_user` WHERE `uid` = 25 LIMIT 1   [ RunTime:0.0002s ]
SQL: SELECT * FROM `bl_user` WHERE `uid` = 25 LIMIT 1   [ RunTime:0.0001s ]
SQL: SELECT * FROM `bl_user` WHERE `uid` = 25 LIMIT 1   [ RunTime:0.0002s ]
SQL: SELECT * FROM `bl_user` WHERE `uid` = 25 LIMIT 1   [ RunTime:0.0001s ]

[ 2015-09-23T11:30:11+08:00 ] 222.204.1.5 /mobile/articles
INFO: [ app_init ] --START--
INFO: Run Behavior\BuildLiteBehavior [ RunTime:0.000014s ]
INFO: [ app_init ] --END-- [ RunTime:0.000301s ]
INFO: [ app_begin ] --START--
INFO: Run Behavior\ReadHtmlCacheBehavior [ RunTime:0.000332s ]
INFO: [ app_begin ] --END-- [ RunTime:0.000371s ]
SQL: SHOW COLUMNS FROM `bl_article` [ RunTime:0.0007s ]
SQL: SHOW COLUMNS FROM `bl_article` [ RunTime:0.0004s ]
SQL: SELECT * FROM `bl_article` WHERE `share` = 1  [ RunTime:0.0002s ]
SQL: SHOW COLUMNS FROM `bl_user` [ RunTime:0.0004s ]
SQL: SELECT * FROM `bl_user` WHERE `uid` = 25 LIMIT 1   [ RunTime:0.0002s ]
SQL: SELECT * FROM `bl_user` WHERE `uid` = 25 LIMIT 1   [ RunTime:0.0001s ]
SQL: SELECT * FROM `bl_user` WHERE `uid` = 25 LIMIT 1   [ RunTime:0.0001s ]
SQL: SELECT * FROM `bl_user` WHERE `uid` = 25 LIMIT 1   [ RunTime:0.0001s ]

[ 2015-09-23T11:30:44+08:00 ] 222.204.1.5 /mobile/articles
INFO: [ app_init ] --START--
INFO: Run Behavior\BuildLiteBehavior [ RunTime:0.000013s ]
INFO: [ app_init ] --END-- [ RunTime:0.000252s ]
INFO: [ app_begin ] --START--
INFO: Run Behavior\ReadHtmlCacheBehavior [ RunTime:0.000396s ]
INFO: [ app_begin ] --END-- [ RunTime:0.000437s ]
SQL: SHOW COLUMNS FROM `bl_article` [ RunTime:0.0007s ]
SQL: SHOW COLUMNS FROM `bl_article` [ RunTime:0.0004s ]
SQL: SELECT * FROM `bl_article` WHERE `share` = 1  [ RunTime:0.0002s ]
SQL: SHOW COLUMNS FROM `bl_user` [ RunTime:0.0004s ]
SQL: SELECT * FROM `bl_user` WHERE `uid` = 25 LIMIT 1   [ RunTime:0.0002s ]
SQL: SELECT * FROM `bl_user` WHERE `uid` = 25 LIMIT 1   [ RunTime:0.0001s ]
SQL: SELECT * FROM `bl_user` WHERE `uid` = 25 LIMIT 1   [ RunTime:0.0001s ]
SQL: SELECT * FROM `bl_user` WHERE `uid` = 25 LIMIT 1   [ RunTime:0.0001s ]

[ 2015-09-23T11:32:12+08:00 ] 222.204.1.5 /mobile/articles
INFO: [ app_init ] --START--
INFO: Run Behavior\BuildLiteBehavior [ RunTime:0.000017s ]
INFO: [ app_init ] --END-- [ RunTime:0.001648s ]
INFO: [ app_begin ] --START--
INFO: Run Behavior\ReadHtmlCacheBehavior [ RunTime:0.000338s ]
INFO: [ app_begin ] --END-- [ RunTime:0.000379s ]
SQL: SHOW COLUMNS FROM `bl_article` [ RunTime:0.0007s ]
SQL: SHOW COLUMNS FROM `bl_article` [ RunTime:0.0007s ]
SQL: SELECT * FROM `bl_article` WHERE `share` = 1  [ RunTime:0.0002s ]
SQL: SHOW COLUMNS FROM `bl_user` [ RunTime:0.0004s ]
SQL: SELECT * FROM `bl_user` WHERE `uid` = 25 LIMIT 1   [ RunTime:0.0002s ]
SQL: SELECT * FROM `bl_user` WHERE `uid` = 25 LIMIT 1   [ RunTime:0.0002s ]
SQL: SELECT * FROM `bl_user` WHERE `uid` = 25 LIMIT 1   [ RunTime:0.0001s ]
SQL: SELECT * FROM `bl_user` WHERE `uid` = 25 LIMIT 1   [ RunTime:0.0002s ]

[ 2015-09-23T11:32:13+08:00 ] 222.204.1.5 /mobile/articles
INFO: [ app_init ] --START--
INFO: Run Behavior\BuildLiteBehavior [ RunTime:0.000014s ]
INFO: [ app_init ] --END-- [ RunTime:0.000255s ]
INFO: [ app_begin ] --START--
INFO: Run Behavior\ReadHtmlCacheBehavior [ RunTime:0.000306s ]
INFO: [ app_begin ] --END-- [ RunTime:0.000345s ]
SQL: SHOW COLUMNS FROM `bl_article` [ RunTime:0.0007s ]
SQL: SHOW COLUMNS FROM `bl_article` [ RunTime:0.0004s ]
SQL: SELECT * FROM `bl_article` WHERE `share` = 1  [ RunTime:0.0002s ]
SQL: SHOW COLUMNS FROM `bl_user` [ RunTime:0.0004s ]
SQL: SELECT * FROM `bl_user` WHERE `uid` = 25 LIMIT 1   [ RunTime:0.0002s ]
SQL: SELECT * FROM `bl_user` WHERE `uid` = 25 LIMIT 1   [ RunTime:0.0001s ]
SQL: SELECT * FROM `bl_user` WHERE `uid` = 25 LIMIT 1   [ RunTime:0.0001s ]
SQL: SELECT * FROM `bl_user` WHERE `uid` = 25 LIMIT 1   [ RunTime:0.0001s ]

[ 2015-09-23T11:34:35+08:00 ] 222.204.1.5 /mobile/articles
INFO: [ app_init ] --START--
INFO: Run Behavior\BuildLiteBehavior [ RunTime:0.000017s ]
INFO: [ app_init ] --END-- [ RunTime:0.000266s ]
INFO: [ app_begin ] --START--
INFO: Run Behavior\ReadHtmlCacheBehavior [ RunTime:0.000317s ]
INFO: [ app_begin ] --END-- [ RunTime:0.000357s ]
SQL: SHOW COLUMNS FROM `bl_article` [ RunTime:0.0008s ]
SQL: SHOW COLUMNS FROM `bl_article` [ RunTime:0.0005s ]
SQL: SELECT * FROM `bl_article` WHERE `share` = 1  [ RunTime:0.0002s ]
SQL: SHOW COLUMNS FROM `bl_user` [ RunTime:0.0004s ]
SQL: SELECT * FROM `bl_user` WHERE `uid` = 25 LIMIT 1   [ RunTime:0.0002s ]
SQL: SELECT * FROM `bl_user` WHERE `uid` = 25 LIMIT 1   [ RunTime:0.0001s ]
SQL: SELECT * FROM `bl_user` WHERE `uid` = 25 LIMIT 1   [ RunTime:0.0001s ]
SQL: SELECT * FROM `bl_user` WHERE `uid` = 25 LIMIT 1   [ RunTime:0.0001s ]

[ 2015-09-23T11:35:11+08:00 ] 222.204.1.5 /mobile/articles
INFO: [ app_init ] --START--
INFO: Run Behavior\BuildLiteBehavior [ RunTime:0.000013s ]
INFO: [ app_init ] --END-- [ RunTime:0.000246s ]
INFO: [ app_begin ] --START--
INFO: Run Behavior\ReadHtmlCacheBehavior [ RunTime:0.000360s ]
INFO: [ app_begin ] --END-- [ RunTime:0.000402s ]
SQL: SHOW COLUMNS FROM `bl_article` [ RunTime:0.0007s ]
SQL: SHOW COLUMNS FROM `bl_article` [ RunTime:0.0004s ]
SQL: SELECT * FROM `bl_article` WHERE `share` = 1  [ RunTime:0.0002s ]
SQL: SHOW COLUMNS FROM `bl_user` [ RunTime:0.0004s ]
SQL: SELECT * FROM `bl_user` WHERE `uid` = 25 LIMIT 1   [ RunTime:0.0002s ]
SQL: SELECT * FROM `bl_user` WHERE `uid` = 25 LIMIT 1   [ RunTime:0.0002s ]
SQL: SELECT * FROM `bl_user` WHERE `uid` = 25 LIMIT 1   [ RunTime:0.0001s ]
SQL: SELECT * FROM `bl_user` WHERE `uid` = 25 LIMIT 1   [ RunTime:0.0001s ]

[ 2015-09-23T11:35:34+08:00 ] 222.204.1.5 /mobile/articles
INFO: [ app_init ] --START--
INFO: Run Behavior\BuildLiteBehavior [ RunTime:0.000018s ]
INFO: [ app_init ] --END-- [ RunTime:0.000271s ]
INFO: [ app_begin ] --START--
INFO: Run Behavior\ReadHtmlCacheBehavior [ RunTime:0.000369s ]
INFO: [ app_begin ] --END-- [ RunTime:0.000410s ]
SQL: SHOW COLUMNS FROM `bl_article` [ RunTime:0.0007s ]
SQL: SHOW COLUMNS FROM `bl_article` [ RunTime:0.0004s ]
SQL: SELECT * FROM `bl_article` WHERE `share` = 1  [ RunTime:0.0004s ]
SQL: SHOW COLUMNS FROM `bl_user` [ RunTime:0.0006s ]
SQL: SELECT * FROM `bl_user` WHERE `uid` = 25 LIMIT 1   [ RunTime:0.0002s ]
SQL: SELECT * FROM `bl_user` WHERE `uid` = 25 LIMIT 1   [ RunTime:0.0001s ]
SQL: SELECT * FROM `bl_user` WHERE `uid` = 25 LIMIT 1   [ RunTime:0.0002s ]
SQL: SELECT * FROM `bl_user` WHERE `uid` = 25 LIMIT 1   [ RunTime:0.0001s ]

[ 2015-09-23T11:41:15+08:00 ] 222.204.1.5 /mobile/articles
INFO: [ app_init ] --START--
INFO: Run Behavior\BuildLiteBehavior [ RunTime:0.000013s ]
INFO: [ app_init ] --END-- [ RunTime:0.000269s ]
INFO: [ app_begin ] --START--
INFO: Run Behavior\ReadHtmlCacheBehavior [ RunTime:0.000309s ]
INFO: [ app_begin ] --END-- [ RunTime:0.000391s ]
SQL: SHOW COLUMNS FROM `bl_article` [ RunTime:0.0007s ]
SQL: SHOW COLUMNS FROM `bl_article` [ RunTime:0.0004s ]
SQL: SELECT * FROM `bl_article` WHERE `share` = 1  [ RunTime:0.0002s ]
SQL: SHOW COLUMNS FROM `bl_user` [ RunTime:0.0004s ]
SQL: SELECT * FROM `bl_user` WHERE `uid` = 25 LIMIT 1   [ RunTime:0.0002s ]
SQL: SELECT * FROM `bl_user` WHERE `uid` = 25 LIMIT 1   [ RunTime:0.0002s ]
SQL: SELECT * FROM `bl_user` WHERE `uid` = 25 LIMIT 1   [ RunTime:0.0001s ]
SQL: SELECT * FROM `bl_user` WHERE `uid` = 25 LIMIT 1   [ RunTime:0.0001s ]

[ 2015-09-23T11:41:16+08:00 ] 222.204.1.5 /mobile/articles
INFO: [ app_init ] --START--
INFO: Run Behavior\BuildLiteBehavior [ RunTime:0.000014s ]
INFO: [ app_init ] --END-- [ RunTime:0.000258s ]
INFO: [ app_begin ] --START--
INFO: Run Behavior\ReadHtmlCacheBehavior [ RunTime:0.000359s ]
INFO: [ app_begin ] --END-- [ RunTime:0.000402s ]
SQL: SHOW COLUMNS FROM `bl_article` [ RunTime:0.0008s ]
SQL: SHOW COLUMNS FROM `bl_article` [ RunTime:0.0008s ]
SQL: SELECT * FROM `bl_article` WHERE `share` = 1  [ RunTime:0.0002s ]
SQL: SHOW COLUMNS FROM `bl_user` [ RunTime:0.0004s ]
SQL: SELECT * FROM `bl_user` WHERE `uid` = 25 LIMIT 1   [ RunTime:0.0002s ]
SQL: SELECT * FROM `bl_user` WHERE `uid` = 25 LIMIT 1   [ RunTime:0.0001s ]
SQL: SELECT * FROM `bl_user` WHERE `uid` = 25 LIMIT 1   [ RunTime:0.0001s ]
SQL: SELECT * FROM `bl_user` WHERE `uid` = 25 LIMIT 1   [ RunTime:0.0001s ]

[ 2015-09-23T11:42:24+08:00 ] 222.204.1.5 /mobile/articles
INFO: [ app_init ] --START--
INFO: Run Behavior\BuildLiteBehavior [ RunTime:0.000016s ]
INFO: [ app_init ] --END-- [ RunTime:0.000285s ]
INFO: [ app_begin ] --START--
INFO: Run Behavior\ReadHtmlCacheBehavior [ RunTime:0.000339s ]
INFO: [ app_begin ] --END-- [ RunTime:0.000380s ]
SQL: SHOW COLUMNS FROM `bl_article` [ RunTime:0.0007s ]
SQL: SHOW COLUMNS FROM `bl_article` [ RunTime:0.0004s ]
SQL: SELECT * FROM `bl_article` WHERE `share` = 1  [ RunTime:0.0002s ]
SQL: SHOW COLUMNS FROM `bl_user` [ RunTime:0.0004s ]
SQL: SELECT * FROM `bl_user` WHERE `uid` = 25 LIMIT 1   [ RunTime:0.0002s ]
SQL: SELECT * FROM `bl_user` WHERE `uid` = 25 LIMIT 1   [ RunTime:0.0002s ]
SQL: SELECT * FROM `bl_user` WHERE `uid` = 25 LIMIT 1   [ RunTime:0.0001s ]
SQL: SELECT * FROM `bl_user` WHERE `uid` = 25 LIMIT 1   [ RunTime:0.0001s ]

[ 2015-09-23T11:42:24+08:00 ] 222.204.1.5 /mobile/articles
INFO: [ app_init ] --START--
INFO: Run Behavior\BuildLiteBehavior [ RunTime:0.000017s ]
INFO: [ app_init ] --END-- [ RunTime:0.000306s ]
INFO: [ app_begin ] --START--
INFO: Run Behavior\ReadHtmlCacheBehavior [ RunTime:0.000315s ]
INFO: [ app_begin ] --END-- [ RunTime:0.000397s ]
SQL: SHOW COLUMNS FROM `bl_article` [ RunTime:0.0008s ]
SQL: SHOW COLUMNS FROM `bl_article` [ RunTime:0.0005s ]
SQL: SELECT * FROM `bl_article` WHERE `share` = 1  [ RunTime:0.0002s ]
SQL: SHOW COLUMNS FROM `bl_user` [ RunTime:0.0005s ]
SQL: SELECT * FROM `bl_user` WHERE `uid` = 25 LIMIT 1   [ RunTime:0.0002s ]
SQL: SELECT * FROM `bl_user` WHERE `uid` = 25 LIMIT 1   [ RunTime:0.0001s ]
SQL: SELECT * FROM `bl_user` WHERE `uid` = 25 LIMIT 1   [ RunTime:0.0002s ]
SQL: SELECT * FROM `bl_user` WHERE `uid` = 25 LIMIT 1   [ RunTime:0.0001s ]

[ 2015-09-23T11:44:15+08:00 ] 222.204.1.5 /mobile/articles
INFO: [ app_init ] --START--
INFO: Run Behavior\BuildLiteBehavior [ RunTime:0.000013s ]
INFO: [ app_init ] --END-- [ RunTime:0.000290s ]
INFO: [ app_begin ] --START--
INFO: Run Behavior\ReadHtmlCacheBehavior [ RunTime:0.000351s ]
INFO: [ app_begin ] --END-- [ RunTime:0.000392s ]
SQL: SHOW COLUMNS FROM `bl_article` [ RunTime:0.0006s ]
SQL: SHOW COLUMNS FROM `bl_article` [ RunTime:0.0004s ]
SQL: SELECT * FROM `bl_article` WHERE `share` = 1  [ RunTime:0.0002s ]
SQL: SHOW COLUMNS FROM `bl_user` [ RunTime:0.0004s ]
SQL: SELECT * FROM `bl_user` WHERE `uid` = 25 LIMIT 1   [ RunTime:0.0002s ]
SQL: SELECT * FROM `bl_user` WHERE `uid` = 25 LIMIT 1   [ RunTime:0.0001s ]
SQL: SELECT * FROM `bl_user` WHERE `uid` = 25 LIMIT 1   [ RunTime:0.0002s ]
SQL: SELECT * FROM `bl_user` WHERE `uid` = 25 LIMIT 1   [ RunTime:0.0001s ]

[ 2015-09-23T11:44:15+08:00 ] 222.204.1.5 /mobile/articles
INFO: [ app_init ] --START--
INFO: Run Behavior\BuildLiteBehavior [ RunTime:0.000014s ]
INFO: [ app_init ] --END-- [ RunTime:0.000250s ]
INFO: [ app_begin ] --START--
INFO: Run Behavior\ReadHtmlCacheBehavior [ RunTime:0.000354s ]
INFO: [ app_begin ] --END-- [ RunTime:0.000394s ]
SQL: SHOW COLUMNS FROM `bl_article` [ RunTime:0.0007s ]
SQL: SHOW COLUMNS FROM `bl_article` [ RunTime:0.0004s ]
SQL: SELECT * FROM `bl_article` WHERE `share` = 1  [ RunTime:0.0002s ]
SQL: SHOW COLUMNS FROM `bl_user` [ RunTime:0.0004s ]
SQL: SELECT * FROM `bl_user` WHERE `uid` = 25 LIMIT 1   [ RunTime:0.0002s ]
SQL: SELECT * FROM `bl_user` WHERE `uid` = 25 LIMIT 1   [ RunTime:0.0002s ]
SQL: SELECT * FROM `bl_user` WHERE `uid` = 25 LIMIT 1   [ RunTime:0.0001s ]
SQL: SELECT * FROM `bl_user` WHERE `uid` = 25 LIMIT 1   [ RunTime:0.0001s ]

[ 2015-09-23T11:44:51+08:00 ] 222.204.1.5 /mobile/articles
INFO: [ app_init ] --START--
INFO: Run Behavior\BuildLiteBehavior [ RunTime:0.000014s ]
INFO: [ app_init ] --END-- [ RunTime:0.000269s ]
INFO: [ app_begin ] --START--
INFO: Run Behavior\ReadHtmlCacheBehavior [ RunTime:0.000368s ]
INFO: [ app_begin ] --END-- [ RunTime:0.000412s ]
SQL: SHOW COLUMNS FROM `bl_article` [ RunTime:0.0007s ]
SQL: SHOW COLUMNS FROM `bl_article` [ RunTime:0.0004s ]
SQL: SELECT * FROM `bl_article` WHERE `share` = 1  [ RunTime:0.0002s ]
SQL: SHOW COLUMNS FROM `bl_user` [ RunTime:0.0004s ]
SQL: SELECT * FROM `bl_user` WHERE `uid` = 25 LIMIT 1   [ RunTime:0.0002s ]
SQL: SELECT * FROM `bl_user` WHERE `uid` = 25 LIMIT 1   [ RunTime:0.0001s ]
SQL: SELECT * FROM `bl_user` WHERE `uid` = 25 LIMIT 1   [ RunTime:0.0001s ]
SQL: SELECT * FROM `bl_user` WHERE `uid` = 25 LIMIT 1   [ RunTime:0.0002s ]

[ 2015-09-23T11:56:04+08:00 ] 222.204.1.5 /mobile/articles
INFO: [ app_init ] --START--
INFO: Run Behavior\BuildLiteBehavior [ RunTime:0.000014s ]
INFO: [ app_init ] --END-- [ RunTime:0.000246s ]
INFO: [ app_begin ] --START--
INFO: Run Behavior\ReadHtmlCacheBehavior [ RunTime:0.000310s ]
INFO: [ app_begin ] --END-- [ RunTime:0.000349s ]
SQL: SHOW COLUMNS FROM `bl_article` [ RunTime:0.0007s ]
SQL: SHOW COLUMNS FROM `bl_article` [ RunTime:0.0004s ]
SQL: SELECT * FROM `bl_article` WHERE `share` = 1  [ RunTime:0.0002s ]
SQL: SHOW COLUMNS FROM `bl_user` [ RunTime:0.0004s ]
SQL: SELECT * FROM `bl_user` WHERE `uid` = 25 LIMIT 1   [ RunTime:0.0002s ]
SQL: SELECT * FROM `bl_user` WHERE `uid` = 25 LIMIT 1   [ RunTime:0.0001s ]
SQL: SELECT * FROM `bl_user` WHERE `uid` = 25 LIMIT 1   [ RunTime:0.0001s ]
SQL: SELECT * FROM `bl_user` WHERE `uid` = 25 LIMIT 1   [ RunTime:0.0001s ]

[ 2015-09-23T11:56:17+08:00 ] 222.204.1.5 /mobile/articles
INFO: [ app_init ] --START--
INFO: Run Behavior\BuildLiteBehavior [ RunTime:0.000016s ]
INFO: [ app_init ] --END-- [ RunTime:0.000328s ]
INFO: [ app_begin ] --START--
INFO: Run Behavior\ReadHtmlCacheBehavior [ RunTime:0.000351s ]
INFO: [ app_begin ] --END-- [ RunTime:0.000392s ]
SQL: SHOW COLUMNS FROM `bl_article` [ RunTime:0.0007s ]
SQL: SHOW COLUMNS FROM `bl_article` [ RunTime:0.0005s ]
SQL: SELECT * FROM `bl_article` WHERE `share` = 1  [ RunTime:0.0002s ]
SQL: SHOW COLUMNS FROM `bl_user` [ RunTime:0.0004s ]
SQL: SELECT * FROM `bl_user` WHERE `uid` = 25 LIMIT 1   [ RunTime:0.0002s ]
SQL: SELECT * FROM `bl_user` WHERE `uid` = 25 LIMIT 1   [ RunTime:0.0002s ]
SQL: SELECT * FROM `bl_user` WHERE `uid` = 25 LIMIT 1   [ RunTime:0.0001s ]
SQL: SELECT * FROM `bl_user` WHERE `uid` = 25 LIMIT 1   [ RunTime:0.0001s ]

[ 2015-09-23T12:00:43+08:00 ] 223.104.10.108 /mobile/articles
INFO: [ app_init ] --START--
INFO: Run Behavior\BuildLiteBehavior [ RunTime:0.000013s ]
INFO: [ app_init ] --END-- [ RunTime:0.000289s ]
INFO: [ app_begin ] --START--
INFO: Run Behavior\ReadHtmlCacheBehavior [ RunTime:0.000304s ]
INFO: [ app_begin ] --END-- [ RunTime:0.000344s ]
SQL: SHOW COLUMNS FROM `bl_article` [ RunTime:0.0009s ]
SQL: SHOW COLUMNS FROM `bl_article` [ RunTime:0.0007s ]
SQL: SELECT * FROM `bl_article` WHERE `share` = 1  [ RunTime:0.0002s ]
SQL: SHOW COLUMNS FROM `bl_user` [ RunTime:0.0004s ]
SQL: SELECT * FROM `bl_user` WHERE `uid` = 25 LIMIT 1   [ RunTime:0.0002s ]
SQL: SELECT * FROM `bl_user` WHERE `uid` = 25 LIMIT 1   [ RunTime:0.0002s ]
SQL: SELECT * FROM `bl_user` WHERE `uid` = 25 LIMIT 1   [ RunTime:0.0001s ]
SQL: SELECT * FROM `bl_user` WHERE `uid` = 25 LIMIT 1   [ RunTime:0.0001s ]

[ 2015-09-23T17:12:35+08:00 ] 222.204.1.5 /mobile/articles
INFO: [ app_init ] --START--
INFO: Run Behavior\BuildLiteBehavior [ RunTime:0.000013s ]
INFO: [ app_init ] --END-- [ RunTime:0.000366s ]
INFO: [ app_begin ] --START--
INFO: Run Behavior\ReadHtmlCacheBehavior [ RunTime:0.000354s ]
INFO: [ app_begin ] --END-- [ RunTime:0.000393s ]
SQL: SHOW COLUMNS FROM `bl_article` [ RunTime:0.0009s ]
SQL: SHOW COLUMNS FROM `bl_article` [ RunTime:0.0004s ]
SQL: SELECT * FROM `bl_article` WHERE `share` = 1  [ RunTime:0.0002s ]
SQL: SHOW COLUMNS FROM `bl_user` [ RunTime:0.0004s ]
SQL: SELECT * FROM `bl_user` WHERE `uid` = 25 LIMIT 1   [ RunTime:0.0002s ]
SQL: SELECT * FROM `bl_user` WHERE `uid` = 25 LIMIT 1   [ RunTime:0.0002s ]
SQL: SELECT * FROM `bl_user` WHERE `uid` = 25 LIMIT 1   [ RunTime:0.0001s ]
SQL: SELECT * FROM `bl_user` WHERE `uid` = 25 LIMIT 1   [ RunTime:0.0001s ]

[ 2015-09-23T17:13:08+08:00 ] 222.204.1.5 /mobile/articles
INFO: [ app_init ] --START--
INFO: Run Behavior\BuildLiteBehavior [ RunTime:0.000013s ]
INFO: [ app_init ] --END-- [ RunTime:0.000244s ]
INFO: [ app_begin ] --START--
INFO: Run Behavior\ReadHtmlCacheBehavior [ RunTime:0.000308s ]
INFO: [ app_begin ] --END-- [ RunTime:0.000348s ]
SQL: SHOW COLUMNS FROM `bl_article` [ RunTime:0.0007s ]
SQL: SHOW COLUMNS FROM `bl_article` [ RunTime:0.0004s ]
SQL: SELECT * FROM `bl_article` WHERE `share` = 1  [ RunTime:0.0002s ]
SQL: SHOW COLUMNS FROM `bl_user` [ RunTime:0.0004s ]
SQL: SELECT * FROM `bl_user` WHERE `uid` = 25 LIMIT 1   [ RunTime:0.0002s ]
SQL: SELECT * FROM `bl_user` WHERE `uid` = 25 LIMIT 1   [ RunTime:0.0002s ]
SQL: SELECT * FROM `bl_user` WHERE `uid` = 25 LIMIT 1   [ RunTime:0.0001s ]
SQL: SELECT * FROM `bl_user` WHERE `uid` = 25 LIMIT 1   [ RunTime:0.0001s ]

[ 2015-09-23T18:25:11+08:00 ] 222.204.1.5 /mobile/articles
INFO: [ app_init ] --START--
INFO: Run Behavior\BuildLiteBehavior [ RunTime:0.000014s ]
INFO: [ app_init ] --END-- [ RunTime:0.000252s ]
INFO: [ app_begin ] --START--
INFO: Run Behavior\ReadHtmlCacheBehavior [ RunTime:0.000309s ]
INFO: [ app_begin ] --END-- [ RunTime:0.000350s ]
SQL: SHOW COLUMNS FROM `bl_article` [ RunTime:0.0007s ]
SQL: SHOW COLUMNS FROM `bl_article` [ RunTime:0.0004s ]
SQL: SELECT * FROM `bl_article` WHERE `share` = 1  [ RunTime:0.0002s ]
SQL: SHOW COLUMNS FROM `bl_user` [ RunTime:0.0005s ]
SQL: SELECT * FROM `bl_user` WHERE `uid` = 25 LIMIT 1   [ RunTime:0.0002s ]
SQL: SELECT * FROM `bl_user` WHERE `uid` = 25 LIMIT 1   [ RunTime:0.0001s ]
SQL: SELECT * FROM `bl_user` WHERE `uid` = 25 LIMIT 1   [ RunTime:0.0001s ]
SQL: SELECT * FROM `bl_user` WHERE `uid` = 25 LIMIT 1   [ RunTime:0.0001s ]

[ 2015-09-23T18:25:46+08:00 ] 222.204.1.5 /mobile/articles
INFO: [ app_init ] --START--
INFO: Run Behavior\BuildLiteBehavior [ RunTime:0.000013s ]
INFO: [ app_init ] --END-- [ RunTime:0.000245s ]
INFO: [ app_begin ] --START--
INFO: Run Behavior\ReadHtmlCacheBehavior [ RunTime:0.000308s ]
INFO: [ app_begin ] --END-- [ RunTime:0.000348s ]
SQL: SHOW COLUMNS FROM `bl_article` [ RunTime:0.0006s ]
SQL: SHOW COLUMNS FROM `bl_article` [ RunTime:0.0005s ]
SQL: SELECT * FROM `bl_article` WHERE `share` = 1  [ RunTime:0.0003s ]
SQL: SHOW COLUMNS FROM `bl_user` [ RunTime:0.0004s ]
SQL: SELECT * FROM `bl_user` WHERE `uid` = 25 LIMIT 1   [ RunTime:0.0002s ]
SQL: SELECT * FROM `bl_user` WHERE `uid` = 25 LIMIT 1   [ RunTime:0.0002s ]
SQL: SELECT * FROM `bl_user` WHERE `uid` = 25 LIMIT 1   [ RunTime:0.0001s ]
SQL: SELECT * FROM `bl_user` WHERE `uid` = 25 LIMIT 1   [ RunTime:0.0001s ]

[ 2015-09-23T18:25:46+08:00 ] 222.204.1.5 /mobile/articles
INFO: [ app_init ] --START--
INFO: Run Behavior\BuildLiteBehavior [ RunTime:0.000017s ]
INFO: [ app_init ] --END-- [ RunTime:0.000255s ]
INFO: [ app_begin ] --START--
INFO: Run Behavior\ReadHtmlCacheBehavior [ RunTime:0.000355s ]
INFO: [ app_begin ] --END-- [ RunTime:0.000396s ]
SQL: SHOW COLUMNS FROM `bl_article` [ RunTime:0.0007s ]
SQL: SHOW COLUMNS FROM `bl_article` [ RunTime:0.0005s ]
SQL: SELECT * FROM `bl_article` WHERE `share` = 1  [ RunTime:0.0002s ]
SQL: SHOW COLUMNS FROM `bl_user` [ RunTime:0.0004s ]
SQL: SELECT * FROM `bl_user` WHERE `uid` = 25 LIMIT 1   [ RunTime:0.0002s ]
SQL: SELECT * FROM `bl_user` WHERE `uid` = 25 LIMIT 1   [ RunTime:0.0001s ]
SQL: SELECT * FROM `bl_user` WHERE `uid` = 25 LIMIT 1   [ RunTime:0.0002s ]
SQL: SELECT * FROM `bl_user` WHERE `uid` = 25 LIMIT 1   [ RunTime:0.0001s ]

[ 2015-09-23T18:29:23+08:00 ] 222.204.1.5 /mobile/articles
INFO: [ app_init ] --START--
INFO: Run Behavior\BuildLiteBehavior [ RunTime:0.000014s ]
INFO: [ app_init ] --END-- [ RunTime:0.000247s ]
INFO: [ app_begin ] --START--
INFO: Run Behavior\ReadHtmlCacheBehavior [ RunTime:0.000323s ]
INFO: [ app_begin ] --END-- [ RunTime:0.000363s ]
SQL: SHOW COLUMNS FROM `bl_article` [ RunTime:0.0007s ]
SQL: SHOW COLUMNS FROM `bl_article` [ RunTime:0.0004s ]
SQL: SELECT * FROM `bl_article` WHERE `share` = 1  [ RunTime:0.0002s ]
SQL: SHOW COLUMNS FROM `bl_user` [ RunTime:0.0004s ]
SQL: SELECT * FROM `bl_user` WHERE `uid` = 25 LIMIT 1   [ RunTime:0.0002s ]
SQL: SELECT * FROM `bl_user` WHERE `uid` = 25 LIMIT 1   [ RunTime:0.0001s ]
SQL: SELECT * FROM `bl_user` WHERE `uid` = 25 LIMIT 1   [ RunTime:0.0001s ]
SQL: SELECT * FROM `bl_user` WHERE `uid` = 25 LIMIT 1   [ RunTime:0.0001s ]

[ 2015-09-23T18:31:21+08:00 ] 222.204.1.5 /mobile/articles
INFO: [ app_init ] --START--
INFO: Run Behavior\BuildLiteBehavior [ RunTime:0.000016s ]
INFO: [ app_init ] --END-- [ RunTime:0.000267s ]
INFO: [ app_begin ] --START--
INFO: Run Behavior\ReadHtmlCacheBehavior [ RunTime:0.000375s ]
INFO: [ app_begin ] --END-- [ RunTime:0.000416s ]
SQL: SHOW COLUMNS FROM `bl_article` [ RunTime:0.0008s ]
SQL: SHOW COLUMNS FROM `bl_article` [ RunTime:0.0004s ]
SQL: SELECT * FROM `bl_article` WHERE `share` = 1  [ RunTime:0.0002s ]
SQL: SHOW COLUMNS FROM `bl_user` [ RunTime:0.0004s ]
SQL: SELECT * FROM `bl_user` WHERE `uid` = 25 LIMIT 1   [ RunTime:0.0002s ]
SQL: SELECT * FROM `bl_user` WHERE `uid` = 25 LIMIT 1   [ RunTime:0.0002s ]
SQL: SELECT * FROM `bl_user` WHERE `uid` = 25 LIMIT 1   [ RunTime:0.0001s ]
SQL: SELECT * FROM `bl_user` WHERE `uid` = 25 LIMIT 1   [ RunTime:0.0001s ]

[ 2015-09-23T18:31:21+08:00 ] 222.204.1.5 /mobile/articles
INFO: [ app_init ] --START--
INFO: Run Behavior\BuildLiteBehavior [ RunTime:0.000017s ]
INFO: [ app_init ] --END-- [ RunTime:0.000269s ]
INFO: [ app_begin ] --START--
INFO: Run Behavior\ReadHtmlCacheBehavior [ RunTime:0.000327s ]
INFO: [ app_begin ] --END-- [ RunTime:0.000367s ]
SQL: SHOW COLUMNS FROM `bl_article` [ RunTime:0.0007s ]
SQL: SHOW COLUMNS FROM `bl_article` [ RunTime:0.0005s ]
SQL: SELECT * FROM `bl_article` WHERE `share` = 1  [ RunTime:0.0002s ]
SQL: SHOW COLUMNS FROM `bl_user` [ RunTime:0.0005s ]
SQL: SELECT * FROM `bl_user` WHERE `uid` = 25 LIMIT 1   [ RunTime:0.0002s ]
SQL: SELECT * FROM `bl_user` WHERE `uid` = 25 LIMIT 1   [ RunTime:0.0001s ]
SQL: SELECT * FROM `bl_user` WHERE `uid` = 25 LIMIT 1   [ RunTime:0.0002s ]
SQL: SELECT * FROM `bl_user` WHERE `uid` = 25 LIMIT 1   [ RunTime:0.0001s ]

[ 2015-09-23T18:34:01+08:00 ] 222.204.1.5 /mobile/articles
INFO: [ app_init ] --START--
INFO: Run Behavior\BuildLiteBehavior [ RunTime:0.000015s ]
INFO: [ app_init ] --END-- [ RunTime:0.000295s ]
INFO: [ app_begin ] --START--
INFO: Run Behavior\ReadHtmlCacheBehavior [ RunTime:0.000305s ]
INFO: [ app_begin ] --END-- [ RunTime:0.000346s ]
SQL: SHOW COLUMNS FROM `bl_article` [ RunTime:0.0007s ]
SQL: SHOW COLUMNS FROM `bl_article` [ RunTime:0.0004s ]
SQL: SELECT * FROM `bl_article` WHERE `share` = 1  [ RunTime:0.0002s ]
SQL: SHOW COLUMNS FROM `bl_user` [ RunTime:0.0004s ]
SQL: SELECT * FROM `bl_user` WHERE `uid` = 25 LIMIT 1   [ RunTime:0.0002s ]
SQL: SELECT * FROM `bl_user` WHERE `uid` = 25 LIMIT 1   [ RunTime:0.0001s ]
SQL: SELECT * FROM `bl_user` WHERE `uid` = 25 LIMIT 1   [ RunTime:0.0001s ]
SQL: SELECT * FROM `bl_user` WHERE `uid` = 25 LIMIT 1   [ RunTime:0.0001s ]

[ 2015-09-23T18:34:02+08:00 ] 222.204.1.5 /mobile/articles
INFO: [ app_init ] --START--
INFO: Run Behavior\BuildLiteBehavior [ RunTime:0.000017s ]
INFO: [ app_init ] --END-- [ RunTime:0.000265s ]
INFO: [ app_begin ] --START--
INFO: Run Behavior\ReadHtmlCacheBehavior [ RunTime:0.000316s ]
INFO: [ app_begin ] --END-- [ RunTime:0.000358s ]
SQL: SHOW COLUMNS FROM `bl_article` [ RunTime:0.0007s ]
SQL: SHOW COLUMNS FROM `bl_article` [ RunTime:0.0004s ]
SQL: SELECT * FROM `bl_article` WHERE `share` = 1  [ RunTime:0.0002s ]
SQL: SHOW COLUMNS FROM `bl_user` [ RunTime:0.0004s ]
SQL: SELECT * FROM `bl_user` WHERE `uid` = 25 LIMIT 1   [ RunTime:0.0002s ]
SQL: SELECT * FROM `bl_user` WHERE `uid` = 25 LIMIT 1   [ RunTime:0.0002s ]
SQL: SELECT * FROM `bl_user` WHERE `uid` = 25 LIMIT 1   [ RunTime:0.0001s ]
SQL: SELECT * FROM `bl_user` WHERE `uid` = 25 LIMIT 1   [ RunTime:0.0001s ]

[ 2015-09-23T18:42:57+08:00 ] 222.204.1.5 /mobile/articles
INFO: [ app_init ] --START--
INFO: Run Behavior\BuildLiteBehavior [ RunTime:0.000013s ]
INFO: [ app_init ] --END-- [ RunTime:0.000284s ]
INFO: [ app_begin ] --START--
INFO: Run Behavior\ReadHtmlCacheBehavior [ RunTime:0.000371s ]
INFO: [ app_begin ] --END-- [ RunTime:0.000412s ]
SQL: SHOW COLUMNS FROM `bl_article` [ RunTime:0.0007s ]
SQL: SHOW COLUMNS FROM `bl_article` [ RunTime:0.0005s ]
SQL: SELECT * FROM `bl_article` WHERE `share` = 1  [ RunTime:0.0002s ]
SQL: SHOW COLUMNS FROM `bl_user` [ RunTime:0.0005s ]
SQL: SELECT * FROM `bl_user` WHERE `uid` = 25 LIMIT 1   [ RunTime:0.0002s ]
SQL: SELECT * FROM `bl_user` WHERE `uid` = 25 LIMIT 1   [ RunTime:0.0002s ]
SQL: SELECT * FROM `bl_user` WHERE `uid` = 25 LIMIT 1   [ RunTime:0.0001s ]
SQL: SELECT * FROM `bl_user` WHERE `uid` = 25 LIMIT 1   [ RunTime:0.0001s ]

[ 2015-09-23T18:44:19+08:00 ] 222.204.1.5 /mobile/articles
INFO: [ app_init ] --START--
INFO: Run Behavior\BuildLiteBehavior [ RunTime:0.000014s ]
INFO: [ app_init ] --END-- [ RunTime:0.000299s ]
INFO: [ app_begin ] --START--
INFO: Run Behavior\ReadHtmlCacheBehavior [ RunTime:0.000499s ]
INFO: [ app_begin ] --END-- [ RunTime:0.000574s ]
SQL: SHOW COLUMNS FROM `bl_article` [ RunTime:0.0007s ]
SQL: SHOW COLUMNS FROM `bl_article` [ RunTime:0.0004s ]
SQL: SELECT * FROM `bl_article` WHERE `share` = 1  [ RunTime:0.0002s ]
SQL: SHOW COLUMNS FROM `bl_user` [ RunTime:0.0005s ]
SQL: SELECT * FROM `bl_user` WHERE `uid` = 25 LIMIT 1   [ RunTime:0.0002s ]
SQL: SELECT * FROM `bl_user` WHERE `uid` = 25 LIMIT 1   [ RunTime:0.0001s ]
SQL: SELECT * FROM `bl_user` WHERE `uid` = 25 LIMIT 1   [ RunTime:0.0001s ]
SQL: SELECT * FROM `bl_user` WHERE `uid` = 25 LIMIT 1   [ RunTime:0.0004s ]

[ 2015-09-23T18:44:20+08:00 ] 222.204.1.5 /mobile/articles
INFO: [ app_init ] --START--
INFO: Run Behavior\BuildLiteBehavior [ RunTime:0.000014s ]
INFO: [ app_init ] --END-- [ RunTime:0.000289s ]
INFO: [ app_begin ] --START--
INFO: Run Behavior\ReadHtmlCacheBehavior [ RunTime:0.000305s ]
INFO: [ app_begin ] --END-- [ RunTime:0.000344s ]
SQL: SHOW COLUMNS FROM `bl_article` [ RunTime:0.0009s ]
SQL: SHOW COLUMNS FROM `bl_article` [ RunTime:0.0006s ]
SQL: SELECT * FROM `bl_article` WHERE `share` = 1  [ RunTime:0.0002s ]
SQL: SHOW COLUMNS FROM `bl_user` [ RunTime:0.0004s ]
SQL: SELECT * FROM `bl_user` WHERE `uid` = 25 LIMIT 1   [ RunTime:0.0002s ]
SQL: SELECT * FROM `bl_user` WHERE `uid` = 25 LIMIT 1   [ RunTime:0.0002s ]
SQL: SELECT * FROM `bl_user` WHERE `uid` = 25 LIMIT 1   [ RunTime:0.0001s ]
SQL: SELECT * FROM `bl_user` WHERE `uid` = 25 LIMIT 1   [ RunTime:0.0001s ]

[ 2015-09-23T18:45:35+08:00 ] 222.204.1.5 /mobile/articles
INFO: [ app_init ] --START--
INFO: Run Behavior\BuildLiteBehavior [ RunTime:0.000013s ]
INFO: [ app_init ] --END-- [ RunTime:0.000298s ]
INFO: [ app_begin ] --START--
INFO: Run Behavior\ReadHtmlCacheBehavior [ RunTime:0.000315s ]
INFO: [ app_begin ] --END-- [ RunTime:0.000360s ]
SQL: SHOW COLUMNS FROM `bl_article` [ RunTime:0.0007s ]
SQL: SHOW COLUMNS FROM `bl_article` [ RunTime:0.0005s ]
SQL: SELECT * FROM `bl_article` WHERE `share` = 1  [ RunTime:0.0002s ]
SQL: SHOW COLUMNS FROM `bl_user` [ RunTime:0.0005s ]
SQL: SELECT * FROM `bl_user` WHERE `uid` = 25 LIMIT 1   [ RunTime:0.0002s ]
SQL: SELECT * FROM `bl_user` WHERE `uid` = 25 LIMIT 1   [ RunTime:0.0001s ]
SQL: SELECT * FROM `bl_user` WHERE `uid` = 25 LIMIT 1   [ RunTime:0.0002s ]
SQL: SELECT * FROM `bl_user` WHERE `uid` = 25 LIMIT 1   [ RunTime:0.0002s ]

[ 2015-09-23T18:45:35+08:00 ] 222.204.1.5 /mobile/articles
INFO: [ app_init ] --START--
INFO: Run Behavior\BuildLiteBehavior [ RunTime:0.000014s ]
INFO: [ app_init ] --END-- [ RunTime:0.000252s ]
INFO: [ app_begin ] --START--
INFO: Run Behavior\ReadHtmlCacheBehavior [ RunTime:0.000322s ]
INFO: [ app_begin ] --END-- [ RunTime:0.000362s ]
SQL: SHOW COLUMNS FROM `bl_article` [ RunTime:0.0007s ]
SQL: SHOW COLUMNS FROM `bl_article` [ RunTime:0.0005s ]
SQL: SELECT * FROM `bl_article` WHERE `share` = 1  [ RunTime:0.0002s ]
SQL: SHOW COLUMNS FROM `bl_user` [ RunTime:0.0004s ]
SQL: SELECT * FROM `bl_user` WHERE `uid` = 25 LIMIT 1   [ RunTime:0.0002s ]
SQL: SELECT * FROM `bl_user` WHERE `uid` = 25 LIMIT 1   [ RunTime:0.0002s ]
SQL: SELECT * FROM `bl_user` WHERE `uid` = 25 LIMIT 1   [ RunTime:0.0001s ]
SQL: SELECT * FROM `bl_user` WHERE `uid` = 25 LIMIT 1   [ RunTime:0.0001s ]

[ 2015-09-23T18:47:38+08:00 ] 222.204.1.5 /mobile/articles
INFO: [ app_init ] --START--
INFO: Run Behavior\BuildLiteBehavior [ RunTime:0.000015s ]
INFO: [ app_init ] --END-- [ RunTime:0.000252s ]
INFO: [ app_begin ] --START--
INFO: Run Behavior\ReadHtmlCacheBehavior [ RunTime:0.000357s ]
INFO: [ app_begin ] --END-- [ RunTime:0.000397s ]
SQL: SHOW COLUMNS FROM `bl_article` [ RunTime:0.0007s ]
SQL: SHOW COLUMNS FROM `bl_article` [ RunTime:0.0007s ]
SQL: SELECT * FROM `bl_article` WHERE `share` = 1  [ RunTime:0.0002s ]
SQL: SHOW COLUMNS FROM `bl_user` [ RunTime:0.0004s ]
SQL: SELECT * FROM `bl_user` WHERE `uid` = 25 LIMIT 1   [ RunTime:0.0002s ]
SQL: SELECT * FROM `bl_user` WHERE `uid` = 25 LIMIT 1   [ RunTime:0.0001s ]
SQL: SELECT * FROM `bl_user` WHERE `uid` = 25 LIMIT 1   [ RunTime:0.0001s ]
SQL: SELECT * FROM `bl_user` WHERE `uid` = 25 LIMIT 1   [ RunTime:0.0001s ]

[ 2015-09-23T18:47:38+08:00 ] 222.204.1.5 /mobile/articles
INFO: [ app_init ] --START--
INFO: Run Behavior\BuildLiteBehavior [ RunTime:0.000016s ]
INFO: [ app_init ] --END-- [ RunTime:0.000279s ]
INFO: [ app_begin ] --START--
INFO: Run Behavior\ReadHtmlCacheBehavior [ RunTime:0.000319s ]
INFO: [ app_begin ] --END-- [ RunTime:0.000358s ]
SQL: SHOW COLUMNS FROM `bl_article` [ RunTime:0.0007s ]
SQL: SHOW COLUMNS FROM `bl_article` [ RunTime:0.0004s ]
SQL: SELECT * FROM `bl_article` WHERE `share` = 1  [ RunTime:0.0002s ]
SQL: SHOW COLUMNS FROM `bl_user` [ RunTime:0.0005s ]
SQL: SELECT * FROM `bl_user` WHERE `uid` = 25 LIMIT 1   [ RunTime:0.0002s ]
SQL: SELECT * FROM `bl_user` WHERE `uid` = 25 LIMIT 1   [ RunTime:0.0001s ]
SQL: SELECT * FROM `bl_user` WHERE `uid` = 25 LIMIT 1   [ RunTime:0.0001s ]
SQL: SELECT * FROM `bl_user` WHERE `uid` = 25 LIMIT 1   [ RunTime:0.0001s ]

[ 2015-09-23T18:47:59+08:00 ] 222.204.1.5 /mobile/articles
INFO: [ app_init ] --START--
INFO: Run Behavior\BuildLiteBehavior [ RunTime:0.000014s ]
INFO: [ app_init ] --END-- [ RunTime:0.000260s ]
INFO: [ app_begin ] --START--
INFO: Run Behavior\ReadHtmlCacheBehavior [ RunTime:0.000355s ]
INFO: [ app_begin ] --END-- [ RunTime:0.000396s ]
SQL: SHOW COLUMNS FROM `bl_article` [ RunTime:0.0007s ]
SQL: SHOW COLUMNS FROM `bl_article` [ RunTime:0.0004s ]
SQL: SELECT * FROM `bl_article` WHERE `share` = 1  [ RunTime:0.0002s ]
SQL: SHOW COLUMNS FROM `bl_user` [ RunTime:0.0004s ]
SQL: SELECT * FROM `bl_user` WHERE `uid` = 25 LIMIT 1   [ RunTime:0.0002s ]
SQL: SELECT * FROM `bl_user` WHERE `uid` = 25 LIMIT 1   [ RunTime:0.0001s ]
SQL: SELECT * FROM `bl_user` WHERE `uid` = 25 LIMIT 1   [ RunTime:0.0001s ]
SQL: SELECT * FROM `bl_user` WHERE `uid` = 25 LIMIT 1   [ RunTime:0.0001s ]

[ 2015-09-23T18:48:00+08:00 ] 222.204.1.5 /mobile/articles
INFO: [ app_init ] --START--
INFO: Run Behavior\BuildLiteBehavior [ RunTime:0.000013s ]
INFO: [ app_init ] --END-- [ RunTime:0.000241s ]
INFO: [ app_begin ] --START--
INFO: Run Behavior\ReadHtmlCacheBehavior [ RunTime:0.000355s ]
INFO: [ app_begin ] --END-- [ RunTime:0.000395s ]
SQL: SHOW COLUMNS FROM `bl_article` [ RunTime:0.0007s ]
SQL: SHOW COLUMNS FROM `bl_article` [ RunTime:0.0005s ]
SQL: SELECT * FROM `bl_article` WHERE `share` = 1  [ RunTime:0.0002s ]
SQL: SHOW COLUMNS FROM `bl_user` [ RunTime:0.0005s ]
SQL: SELECT * FROM `bl_user` WHERE `uid` = 25 LIMIT 1   [ RunTime:0.0002s ]
SQL: SELECT * FROM `bl_user` WHERE `uid` = 25 LIMIT 1   [ RunTime:0.0002s ]
SQL: SELECT * FROM `bl_user` WHERE `uid` = 25 LIMIT 1   [ RunTime:0.0001s ]
SQL: SELECT * FROM `bl_user` WHERE `uid` = 25 LIMIT 1   [ RunTime:0.0001s ]

[ 2015-09-23T18:48:21+08:00 ] 222.204.1.5 /mobile/articles
INFO: [ app_init ] --START--
INFO: Run Behavior\BuildLiteBehavior [ RunTime:0.000012s ]
INFO: [ app_init ] --END-- [ RunTime:0.000245s ]
INFO: [ app_begin ] --START--
INFO: Run Behavior\ReadHtmlCacheBehavior [ RunTime:0.000309s ]
INFO: [ app_begin ] --END-- [ RunTime:0.000349s ]
SQL: SHOW COLUMNS FROM `bl_article` [ RunTime:0.0007s ]
SQL: SHOW COLUMNS FROM `bl_article` [ RunTime:0.0004s ]
SQL: SELECT * FROM `bl_article` WHERE `share` = 1  [ RunTime:0.0002s ]
SQL: SHOW COLUMNS FROM `bl_user` [ RunTime:0.0004s ]
SQL: SELECT * FROM `bl_user` WHERE `uid` = 25 LIMIT 1   [ RunTime:0.0002s ]
SQL: SELECT * FROM `bl_user` WHERE `uid` = 25 LIMIT 1   [ RunTime:0.0001s ]
SQL: SELECT * FROM `bl_user` WHERE `uid` = 25 LIMIT 1   [ RunTime:0.0001s ]
SQL: SELECT * FROM `bl_user` WHERE `uid` = 25 LIMIT 1   [ RunTime:0.0001s ]

[ 2015-09-23T18:48:22+08:00 ] 222.204.1.5 /mobile/articles
INFO: [ app_init ] --START--
INFO: Run Behavior\BuildLiteBehavior [ RunTime:0.000013s ]
INFO: [ app_init ] --END-- [ RunTime:0.000245s ]
INFO: [ app_begin ] --START--
INFO: Run Behavior\ReadHtmlCacheBehavior [ RunTime:0.000380s ]
INFO: [ app_begin ] --END-- [ RunTime:0.000421s ]
SQL: SHOW COLUMNS FROM `bl_article` [ RunTime:0.0007s ]
SQL: SHOW COLUMNS FROM `bl_article` [ RunTime:0.0004s ]
SQL: SELECT * FROM `bl_article` WHERE `share` = 1  [ RunTime:0.0002s ]
SQL: SHOW COLUMNS FROM `bl_user` [ RunTime:0.0004s ]
SQL: SELECT * FROM `bl_user` WHERE `uid` = 25 LIMIT 1   [ RunTime:0.0002s ]
SQL: SELECT * FROM `bl_user` WHERE `uid` = 25 LIMIT 1   [ RunTime:0.0002s ]
SQL: SELECT * FROM `bl_user` WHERE `uid` = 25 LIMIT 1   [ RunTime:0.0001s ]
SQL: SELECT * FROM `bl_user` WHERE `uid` = 25 LIMIT 1   [ RunTime:0.0002s ]

[ 2015-09-23T18:49:19+08:00 ] 222.204.1.5 /mobile/articles
INFO: [ app_init ] --START--
INFO: Run Behavior\BuildLiteBehavior [ RunTime:0.000013s ]
INFO: [ app_init ] --END-- [ RunTime:0.000244s ]
INFO: [ app_begin ] --START--
INFO: Run Behavior\ReadHtmlCacheBehavior [ RunTime:0.000370s ]
INFO: [ app_begin ] --END-- [ RunTime:0.000410s ]
SQL: SHOW COLUMNS FROM `bl_article` [ RunTime:0.0006s ]
SQL: SHOW COLUMNS FROM `bl_article` [ RunTime:0.0004s ]
SQL: SELECT * FROM `bl_article` WHERE `share` = 1  [ RunTime:0.0002s ]
SQL: SHOW COLUMNS FROM `bl_user` [ RunTime:0.0004s ]
SQL: SELECT * FROM `bl_user` WHERE `uid` = 25 LIMIT 1   [ RunTime:0.0002s ]
SQL: SELECT * FROM `bl_user` WHERE `uid` = 25 LIMIT 1   [ RunTime:0.0001s ]
SQL: SELECT * FROM `bl_user` WHERE `uid` = 25 LIMIT 1   [ RunTime:0.0002s ]
SQL: SELECT * FROM `bl_user` WHERE `uid` = 25 LIMIT 1   [ RunTime:0.0001s ]

[ 2015-09-23T18:49:19+08:00 ] 222.204.1.5 /mobile/articles
INFO: [ app_init ] --START--
INFO: Run Behavior\BuildLiteBehavior [ RunTime:0.000014s ]
INFO: [ app_init ] --END-- [ RunTime:0.000255s ]
INFO: [ app_begin ] --START--
INFO: Run Behavior\ReadHtmlCacheBehavior [ RunTime:0.000312s ]
INFO: [ app_begin ] --END-- [ RunTime:0.000353s ]
SQL: SHOW COLUMNS FROM `bl_article` [ RunTime:0.0007s ]
SQL: SHOW COLUMNS FROM `bl_article` [ RunTime:0.0004s ]
SQL: SELECT * FROM `bl_article` WHERE `share` = 1  [ RunTime:0.0002s ]
SQL: SHOW COLUMNS FROM `bl_user` [ RunTime:0.0005s ]
SQL: SELECT * FROM `bl_user` WHERE `uid` = 25 LIMIT 1   [ RunTime:0.0002s ]
SQL: SELECT * FROM `bl_user` WHERE `uid` = 25 LIMIT 1   [ RunTime:0.0002s ]
SQL: SELECT * FROM `bl_user` WHERE `uid` = 25 LIMIT 1   [ RunTime:0.0001s ]
SQL: SELECT * FROM `bl_user` WHERE `uid` = 25 LIMIT 1   [ RunTime:0.0001s ]

[ 2015-09-23T18:49:37+08:00 ] 222.204.1.5 /mobile/articles
INFO: [ app_init ] --START--
INFO: Run Behavior\BuildLiteBehavior [ RunTime:0.000013s ]
INFO: [ app_init ] --END-- [ RunTime:0.000276s ]
INFO: [ app_begin ] --START--
INFO: Run Behavior\ReadHtmlCacheBehavior [ RunTime:0.000370s ]
INFO: [ app_begin ] --END-- [ RunTime:0.000411s ]
SQL: SHOW COLUMNS FROM `bl_article` [ RunTime:0.0006s ]
SQL: SHOW COLUMNS FROM `bl_article` [ RunTime:0.0004s ]
SQL: SELECT * FROM `bl_article` WHERE `share` = 1  [ RunTime:0.0002s ]
SQL: SHOW COLUMNS FROM `bl_user` [ RunTime:0.0004s ]
SQL: SELECT * FROM `bl_user` WHERE `uid` = 25 LIMIT 1   [ RunTime:0.0002s ]
SQL: SELECT * FROM `bl_user` WHERE `uid` = 25 LIMIT 1   [ RunTime:0.0002s ]
SQL: SELECT * FROM `bl_user` WHERE `uid` = 25 LIMIT 1   [ RunTime:0.0001s ]
SQL: SELECT * FROM `bl_user` WHERE `uid` = 25 LIMIT 1   [ RunTime:0.0001s ]

[ 2015-09-23T18:49:37+08:00 ] 222.204.1.5 /mobile/articles
INFO: [ app_init ] --START--
INFO: Run Behavior\BuildLiteBehavior [ RunTime:0.000012s ]
INFO: [ app_init ] --END-- [ RunTime:0.000243s ]
INFO: [ app_begin ] --START--
INFO: Run Behavior\ReadHtmlCacheBehavior [ RunTime:0.000345s ]
INFO: [ app_begin ] --END-- [ RunTime:0.000387s ]
SQL: SHOW COLUMNS FROM `bl_article` [ RunTime:0.0007s ]
SQL: SHOW COLUMNS FROM `bl_article` [ RunTime:0.0004s ]
SQL: SELECT * FROM `bl_article` WHERE `share` = 1  [ RunTime:0.0002s ]
SQL: SHOW COLUMNS FROM `bl_user` [ RunTime:0.0004s ]
SQL: SELECT * FROM `bl_user` WHERE `uid` = 25 LIMIT 1   [ RunTime:0.0002s ]
SQL: SELECT * FROM `bl_user` WHERE `uid` = 25 LIMIT 1   [ RunTime:0.0001s ]
SQL: SELECT * FROM `bl_user` WHERE `uid` = 25 LIMIT 1   [ RunTime:0.0001s ]
SQL: SELECT * FROM `bl_user` WHERE `uid` = 25 LIMIT 1   [ RunTime:0.0001s ]

[ 2015-09-23T18:53:15+08:00 ] 222.204.1.5 /mobile/articles
INFO: [ app_init ] --START--
INFO: Run Behavior\BuildLiteBehavior [ RunTime:0.000013s ]
INFO: [ app_init ] --END-- [ RunTime:0.000247s ]
INFO: [ app_begin ] --START--
INFO: Run Behavior\ReadHtmlCacheBehavior [ RunTime:0.000306s ]
INFO: [ app_begin ] --END-- [ RunTime:0.000346s ]
SQL: SHOW COLUMNS FROM `bl_article` [ RunTime:0.0007s ]
SQL: SHOW COLUMNS FROM `bl_article` [ RunTime:0.0004s ]
SQL: SELECT * FROM `bl_article` WHERE `share` = 1  [ RunTime:0.0002s ]
SQL: SHOW COLUMNS FROM `bl_user` [ RunTime:0.0004s ]
SQL: SELECT * FROM `bl_user` WHERE `uid` = 25 LIMIT 1   [ RunTime:0.0002s ]
SQL: SELECT * FROM `bl_user` WHERE `uid` = 25 LIMIT 1   [ RunTime:0.0001s ]
SQL: SELECT * FROM `bl_user` WHERE `uid` = 25 LIMIT 1   [ RunTime:0.0001s ]
SQL: SELECT * FROM `bl_user` WHERE `uid` = 25 LIMIT 1   [ RunTime:0.0001s ]

[ 2015-09-23T18:53:18+08:00 ] 222.204.1.5 /mobile/articles
INFO: [ app_init ] --START--
INFO: Run Behavior\BuildLiteBehavior [ RunTime:0.000017s ]
INFO: [ app_init ] --END-- [ RunTime:0.000275s ]
INFO: [ app_begin ] --START--
INFO: Run Behavior\ReadHtmlCacheBehavior [ RunTime:0.000359s ]
INFO: [ app_begin ] --END-- [ RunTime:0.000403s ]
SQL: SHOW COLUMNS FROM `bl_article` [ RunTime:0.0007s ]
SQL: SHOW COLUMNS FROM `bl_article` [ RunTime:0.0004s ]
SQL: SELECT * FROM `bl_article` WHERE `share` = 1  [ RunTime:0.0002s ]
SQL: SHOW COLUMNS FROM `bl_user` [ RunTime:0.0004s ]
SQL: SELECT * FROM `bl_user` WHERE `uid` = 25 LIMIT 1   [ RunTime:0.0002s ]
SQL: SELECT * FROM `bl_user` WHERE `uid` = 25 LIMIT 1   [ RunTime:0.0002s ]
SQL: SELECT * FROM `bl_user` WHERE `uid` = 25 LIMIT 1   [ RunTime:0.0001s ]
SQL: SELECT * FROM `bl_user` WHERE `uid` = 25 LIMIT 1   [ RunTime:0.0001s ]

[ 2015-09-23T18:54:12+08:00 ] 222.204.1.5 /mobile/articles
INFO: [ app_init ] --START--
INFO: Run Behavior\BuildLiteBehavior [ RunTime:0.000013s ]
INFO: [ app_init ] --END-- [ RunTime:0.000248s ]
INFO: [ app_begin ] --START--
INFO: Run Behavior\ReadHtmlCacheBehavior [ RunTime:0.000353s ]
INFO: [ app_begin ] --END-- [ RunTime:0.000394s ]
SQL: SHOW COLUMNS FROM `bl_article` [ RunTime:0.0006s ]
SQL: SHOW COLUMNS FROM `bl_article` [ RunTime:0.0004s ]
SQL: SELECT * FROM `bl_article` WHERE `share` = 1  [ RunTime:0.0002s ]
SQL: SHOW COLUMNS FROM `bl_user` [ RunTime:0.0005s ]
SQL: SELECT * FROM `bl_user` WHERE `uid` = 25 LIMIT 1   [ RunTime:0.0002s ]
SQL: SELECT * FROM `bl_user` WHERE `uid` = 25 LIMIT 1   [ RunTime:0.0001s ]
SQL: SELECT * FROM `bl_user` WHERE `uid` = 25 LIMIT 1   [ RunTime:0.0002s ]
SQL: SELECT * FROM `bl_user` WHERE `uid` = 25 LIMIT 1   [ RunTime:0.0001s ]

[ 2015-09-23T18:54:13+08:00 ] 222.204.1.5 /mobile/articles
INFO: [ app_init ] --START--
INFO: Run Behavior\BuildLiteBehavior [ RunTime:0.000014s ]
INFO: [ app_init ] --END-- [ RunTime:0.000297s ]
INFO: [ app_begin ] --START--
INFO: Run Behavior\ReadHtmlCacheBehavior [ RunTime:0.000305s ]
INFO: [ app_begin ] --END-- [ RunTime:0.000344s ]
SQL: SHOW COLUMNS FROM `bl_article` [ RunTime:0.0007s ]
SQL: SHOW COLUMNS FROM `bl_article` [ RunTime:0.0004s ]
SQL: SELECT * FROM `bl_article` WHERE `share` = 1  [ RunTime:0.0002s ]
SQL: SHOW COLUMNS FROM `bl_user` [ RunTime:0.0004s ]
SQL: SELECT * FROM `bl_user` WHERE `uid` = 25 LIMIT 1   [ RunTime:0.0005s ]
SQL: SELECT * FROM `bl_user` WHERE `uid` = 25 LIMIT 1   [ RunTime:0.0002s ]
SQL: SELECT * FROM `bl_user` WHERE `uid` = 25 LIMIT 1   [ RunTime:0.0002s ]
SQL: SELECT * FROM `bl_user` WHERE `uid` = 25 LIMIT 1   [ RunTime:0.0001s ]

[ 2015-09-23T19:01:41+08:00 ] 222.204.1.5 /mobile/articles
INFO: [ app_init ] --START--
INFO: Run Behavior\BuildLiteBehavior [ RunTime:0.000013s ]
INFO: [ app_init ] --END-- [ RunTime:0.000244s ]
INFO: [ app_begin ] --START--
INFO: Run Behavior\ReadHtmlCacheBehavior [ RunTime:0.000371s ]
INFO: [ app_begin ] --END-- [ RunTime:0.000415s ]
SQL: SHOW COLUMNS FROM `bl_article` [ RunTime:0.0006s ]
SQL: SHOW COLUMNS FROM `bl_article` [ RunTime:0.0004s ]
SQL: SELECT * FROM `bl_article` WHERE `share` = 1  [ RunTime:0.0002s ]
SQL: SHOW COLUMNS FROM `bl_user` [ RunTime:0.0004s ]
SQL: SELECT * FROM `bl_user` WHERE `uid` = 25 LIMIT 1   [ RunTime:0.0002s ]
SQL: SELECT * FROM `bl_user` WHERE `uid` = 25 LIMIT 1   [ RunTime:0.0001s ]
SQL: SELECT * FROM `bl_user` WHERE `uid` = 25 LIMIT 1   [ RunTime:0.0002s ]
SQL: SELECT * FROM `bl_user` WHERE `uid` = 25 LIMIT 1   [ RunTime:0.0001s ]

[ 2015-09-23T19:01:42+08:00 ] 222.204.1.5 /mobile/articles
INFO: [ app_init ] --START--
INFO: Run Behavior\BuildLiteBehavior [ RunTime:0.000013s ]
INFO: [ app_init ] --END-- [ RunTime:0.000242s ]
INFO: [ app_begin ] --START--
INFO: Run Behavior\ReadHtmlCacheBehavior [ RunTime:0.000371s ]
INFO: [ app_begin ] --END-- [ RunTime:0.000412s ]
SQL: SHOW COLUMNS FROM `bl_article` [ RunTime:0.0007s ]
SQL: SHOW COLUMNS FROM `bl_article` [ RunTime:0.0005s ]
SQL: SELECT * FROM `bl_article` WHERE `share` = 1  [ RunTime:0.0002s ]
SQL: SHOW COLUMNS FROM `bl_user` [ RunTime:0.0004s ]
SQL: SELECT * FROM `bl_user` WHERE `uid` = 25 LIMIT 1   [ RunTime:0.0002s ]
SQL: SELECT * FROM `bl_user` WHERE `uid` = 25 LIMIT 1   [ RunTime:0.0001s ]
SQL: SELECT * FROM `bl_user` WHERE `uid` = 25 LIMIT 1   [ RunTime:0.0002s ]
SQL: SELECT * FROM `bl_user` WHERE `uid` = 25 LIMIT 1   [ RunTime:0.0001s ]

[ 2015-09-23T19:30:24+08:00 ] 222.204.1.5 /mobile/articles
INFO: [ app_init ] --START--
INFO: Run Behavior\BuildLiteBehavior [ RunTime:0.000012s ]
INFO: [ app_init ] --END-- [ RunTime:0.000250s ]
INFO: [ app_begin ] --START--
INFO: Run Behavior\ReadHtmlCacheBehavior [ RunTime:0.000308s ]
INFO: [ app_begin ] --END-- [ RunTime:0.000347s ]
SQL: SHOW COLUMNS FROM `bl_article` [ RunTime:0.0007s ]
SQL: SHOW COLUMNS FROM `bl_article` [ RunTime:0.0004s ]
SQL: SELECT * FROM `bl_article` WHERE `share` = 1  [ RunTime:0.0002s ]
SQL: SHOW COLUMNS FROM `bl_user` [ RunTime:0.0004s ]
SQL: SELECT * FROM `bl_user` WHERE `uid` = 25 LIMIT 1   [ RunTime:0.0002s ]
SQL: SELECT * FROM `bl_user` WHERE `uid` = 25 LIMIT 1   [ RunTime:0.0002s ]
SQL: SELECT * FROM `bl_user` WHERE `uid` = 25 LIMIT 1   [ RunTime:0.0001s ]
SQL: SELECT * FROM `bl_user` WHERE `uid` = 25 LIMIT 1   [ RunTime:0.0001s ]

[ 2015-09-23T19:31:07+08:00 ] 222.204.1.5 /mobile/articles
INFO: [ app_init ] --START--
INFO: Run Behavior\BuildLiteBehavior [ RunTime:0.000013s ]
INFO: [ app_init ] --END-- [ RunTime:0.000244s ]
INFO: [ app_begin ] --START--
INFO: Run Behavior\ReadHtmlCacheBehavior [ RunTime:0.000356s ]
INFO: [ app_begin ] --END-- [ RunTime:0.000397s ]
SQL: SHOW COLUMNS FROM `bl_article` [ RunTime:0.0007s ]
SQL: SHOW COLUMNS FROM `bl_article` [ RunTime:0.0004s ]
SQL: SELECT * FROM `bl_article` WHERE `share` = 1  [ RunTime:0.0002s ]
SQL: SHOW COLUMNS FROM `bl_user` [ RunTime:0.0004s ]
SQL: SELECT * FROM `bl_user` WHERE `uid` = 25 LIMIT 1   [ RunTime:0.0002s ]
SQL: SELECT * FROM `bl_user` WHERE `uid` = 25 LIMIT 1   [ RunTime:0.0002s ]
SQL: SELECT * FROM `bl_user` WHERE `uid` = 25 LIMIT 1   [ RunTime:0.0001s ]
SQL: SELECT * FROM `bl_user` WHERE `uid` = 25 LIMIT 1   [ RunTime:0.0001s ]

[ 2015-09-23T19:31:08+08:00 ] 222.204.1.5 /mobile/articles
INFO: [ app_init ] --START--
INFO: Run Behavior\BuildLiteBehavior [ RunTime:0.000014s ]
INFO: [ app_init ] --END-- [ RunTime:0.000296s ]
INFO: [ app_begin ] --START--
INFO: Run Behavior\ReadHtmlCacheBehavior [ RunTime:0.000341s ]
INFO: [ app_begin ] --END-- [ RunTime:0.000396s ]
SQL: SHOW COLUMNS FROM `bl_article` [ RunTime:0.0007s ]
SQL: SHOW COLUMNS FROM `bl_article` [ RunTime:0.0007s ]
SQL: SELECT * FROM `bl_article` WHERE `share` = 1  [ RunTime:0.0002s ]
SQL: SHOW COLUMNS FROM `bl_user` [ RunTime:0.0004s ]
SQL: SELECT * FROM `bl_user` WHERE `uid` = 25 LIMIT 1   [ RunTime:0.0002s ]
SQL: SELECT * FROM `bl_user` WHERE `uid` = 25 LIMIT 1   [ RunTime:0.0001s ]
SQL: SELECT * FROM `bl_user` WHERE `uid` = 25 LIMIT 1   [ RunTime:0.0001s ]
SQL: SELECT * FROM `bl_user` WHERE `uid` = 25 LIMIT 1   [ RunTime:0.0001s ]

[ 2015-09-23T19:33:34+08:00 ] 222.204.1.5 /mobile/articles
INFO: [ app_init ] --START--
INFO: Run Behavior\BuildLiteBehavior [ RunTime:0.000014s ]
INFO: [ app_init ] --END-- [ RunTime:0.000314s ]
INFO: [ app_begin ] --START--
INFO: Run Behavior\ReadHtmlCacheBehavior [ RunTime:0.000362s ]
INFO: [ app_begin ] --END-- [ RunTime:0.000445s ]
SQL: SHOW COLUMNS FROM `bl_article` [ RunTime:0.0007s ]
SQL: SHOW COLUMNS FROM `bl_article` [ RunTime:0.0004s ]
SQL: SELECT * FROM `bl_article` WHERE `share` = 1  [ RunTime:0.0003s ]
SQL: SHOW COLUMNS FROM `bl_user` [ RunTime:0.0005s ]
SQL: SELECT * FROM `bl_user` WHERE `uid` = 25 LIMIT 1   [ RunTime:0.0002s ]
SQL: SELECT * FROM `bl_user` WHERE `uid` = 25 LIMIT 1   [ RunTime:0.0001s ]
SQL: SELECT * FROM `bl_user` WHERE `uid` = 25 LIMIT 1   [ RunTime:0.0001s ]
SQL: SELECT * FROM `bl_user` WHERE `uid` = 25 LIMIT 1   [ RunTime:0.0001s ]

[ 2015-09-23T19:33:35+08:00 ] 222.204.1.5 /mobile/articles
INFO: [ app_init ] --START--
INFO: Run Behavior\BuildLiteBehavior [ RunTime:0.000012s ]
INFO: [ app_init ] --END-- [ RunTime:0.000242s ]
INFO: [ app_begin ] --START--
INFO: Run Behavior\ReadHtmlCacheBehavior [ RunTime:0.000308s ]
INFO: [ app_begin ] --END-- [ RunTime:0.000347s ]
SQL: SHOW COLUMNS FROM `bl_article` [ RunTime:0.0007s ]
SQL: SHOW COLUMNS FROM `bl_article` [ RunTime:0.0008s ]
SQL: SELECT * FROM `bl_article` WHERE `share` = 1  [ RunTime:0.0002s ]
SQL: SHOW COLUMNS FROM `bl_user` [ RunTime:0.0005s ]
SQL: SELECT * FROM `bl_user` WHERE `uid` = 25 LIMIT 1   [ RunTime:0.0002s ]
SQL: SELECT * FROM `bl_user` WHERE `uid` = 25 LIMIT 1   [ RunTime:0.0001s ]
SQL: SELECT * FROM `bl_user` WHERE `uid` = 25 LIMIT 1   [ RunTime:0.0001s ]
SQL: SELECT * FROM `bl_user` WHERE `uid` = 25 LIMIT 1   [ RunTime:0.0001s ]

[ 2015-09-23T19:33:53+08:00 ] 222.204.1.5 /mobile/articles
INFO: [ app_init ] --START--
INFO: Run Behavior\BuildLiteBehavior [ RunTime:0.000015s ]
INFO: [ app_init ] --END-- [ RunTime:0.000259s ]
INFO: [ app_begin ] --START--
INFO: Run Behavior\ReadHtmlCacheBehavior [ RunTime:0.000364s ]
INFO: [ app_begin ] --END-- [ RunTime:0.000404s ]
SQL: SHOW COLUMNS FROM `bl_article` [ RunTime:0.0007s ]
SQL: SHOW COLUMNS FROM `bl_article` [ RunTime:0.0004s ]
SQL: SELECT * FROM `bl_article` WHERE `share` = 1  [ RunTime:0.0002s ]
SQL: SHOW COLUMNS FROM `bl_user` [ RunTime:0.0004s ]
SQL: SELECT * FROM `bl_user` WHERE `uid` = 25 LIMIT 1   [ RunTime:0.0002s ]
SQL: SELECT * FROM `bl_user` WHERE `uid` = 25 LIMIT 1   [ RunTime:0.0002s ]
SQL: SELECT * FROM `bl_user` WHERE `uid` = 25 LIMIT 1   [ RunTime:0.0001s ]
SQL: SELECT * FROM `bl_user` WHERE `uid` = 25 LIMIT 1   [ RunTime:0.0001s ]

[ 2015-09-23T19:33:54+08:00 ] 222.204.1.5 /mobile/articles
INFO: [ app_init ] --START--
INFO: Run Behavior\BuildLiteBehavior [ RunTime:0.000015s ]
INFO: [ app_init ] --END-- [ RunTime:0.000252s ]
INFO: [ app_begin ] --START--
INFO: Run Behavior\ReadHtmlCacheBehavior [ RunTime:0.000325s ]
INFO: [ app_begin ] --END-- [ RunTime:0.000365s ]
SQL: SHOW COLUMNS FROM `bl_article` [ RunTime:0.0008s ]
SQL: SHOW COLUMNS FROM `bl_article` [ RunTime:0.0005s ]
SQL: SELECT * FROM `bl_article` WHERE `share` = 1  [ RunTime:0.0002s ]
SQL: SHOW COLUMNS FROM `bl_user` [ RunTime:0.0005s ]
SQL: SELECT * FROM `bl_user` WHERE `uid` = 25 LIMIT 1   [ RunTime:0.0002s ]
SQL: SELECT * FROM `bl_user` WHERE `uid` = 25 LIMIT 1   [ RunTime:0.0002s ]
SQL: SELECT * FROM `bl_user` WHERE `uid` = 25 LIMIT 1   [ RunTime:0.0002s ]
SQL: SELECT * FROM `bl_user` WHERE `uid` = 25 LIMIT 1   [ RunTime:0.0002s ]

[ 2015-09-23T19:34:22+08:00 ] 222.204.1.5 /mobile/articles
INFO: [ app_init ] --START--
INFO: Run Behavior\BuildLiteBehavior [ RunTime:0.000013s ]
INFO: [ app_init ] --END-- [ RunTime:0.000252s ]
INFO: [ app_begin ] --START--
INFO: Run Behavior\ReadHtmlCacheBehavior [ RunTime:0.000320s ]
INFO: [ app_begin ] --END-- [ RunTime:0.000401s ]
SQL: SHOW COLUMNS FROM `bl_article` [ RunTime:0.0007s ]
SQL: SHOW COLUMNS FROM `bl_article` [ RunTime:0.0005s ]
SQL: SELECT * FROM `bl_article` WHERE `share` = 1  [ RunTime:0.0002s ]
SQL: SHOW COLUMNS FROM `bl_user` [ RunTime:0.0005s ]
SQL: SELECT * FROM `bl_user` WHERE `uid` = 25 LIMIT 1   [ RunTime:0.0002s ]
SQL: SELECT * FROM `bl_user` WHERE `uid` = 25 LIMIT 1   [ RunTime:0.0001s ]
SQL: SELECT * FROM `bl_user` WHERE `uid` = 25 LIMIT 1   [ RunTime:0.0002s ]
SQL: SELECT * FROM `bl_user` WHERE `uid` = 25 LIMIT 1   [ RunTime:0.0001s ]

[ 2015-09-23T19:34:23+08:00 ] 222.204.1.5 /mobile/articles
INFO: [ app_init ] --START--
INFO: Run Behavior\BuildLiteBehavior [ RunTime:0.000012s ]
INFO: [ app_init ] --END-- [ RunTime:0.000244s ]
INFO: [ app_begin ] --START--
INFO: Run Behavior\ReadHtmlCacheBehavior [ RunTime:0.000308s ]
INFO: [ app_begin ] --END-- [ RunTime:0.000355s ]
SQL: SHOW COLUMNS FROM `bl_article` [ RunTime:0.0007s ]
SQL: SHOW COLUMNS FROM `bl_article` [ RunTime:0.0004s ]
SQL: SELECT * FROM `bl_article` WHERE `share` = 1  [ RunTime:0.0002s ]
SQL: SHOW COLUMNS FROM `bl_user` [ RunTime:0.0004s ]
SQL: SELECT * FROM `bl_user` WHERE `uid` = 25 LIMIT 1   [ RunTime:0.0002s ]
SQL: SELECT * FROM `bl_user` WHERE `uid` = 25 LIMIT 1   [ RunTime:0.0001s ]
SQL: SELECT * FROM `bl_user` WHERE `uid` = 25 LIMIT 1   [ RunTime:0.0001s ]
SQL: SELECT * FROM `bl_user` WHERE `uid` = 25 LIMIT 1   [ RunTime:0.0002s ]

[ 2015-09-23T19:35:21+08:00 ] 222.204.1.5 /mobile/articles
INFO: [ app_init ] --START--
INFO: Run Behavior\BuildLiteBehavior [ RunTime:0.000013s ]
INFO: [ app_init ] --END-- [ RunTime:0.000288s ]
INFO: [ app_begin ] --START--
INFO: Run Behavior\ReadHtmlCacheBehavior [ RunTime:0.000306s ]
INFO: [ app_begin ] --END-- [ RunTime:0.000346s ]
SQL: SHOW COLUMNS FROM `bl_article` [ RunTime:0.0007s ]
SQL: SHOW COLUMNS FROM `bl_article` [ RunTime:0.0004s ]
SQL: SELECT * FROM `bl_article` WHERE `share` = 1  [ RunTime:0.0002s ]
SQL: SHOW COLUMNS FROM `bl_user` [ RunTime:0.0004s ]
SQL: SELECT * FROM `bl_user` WHERE `uid` = 25 LIMIT 1   [ RunTime:0.0002s ]
SQL: SELECT * FROM `bl_user` WHERE `uid` = 25 LIMIT 1   [ RunTime:0.0002s ]
SQL: SELECT * FROM `bl_user` WHERE `uid` = 25 LIMIT 1   [ RunTime:0.0001s ]
SQL: SELECT * FROM `bl_user` WHERE `uid` = 25 LIMIT 1   [ RunTime:0.0001s ]

[ 2015-09-23T19:35:22+08:00 ] 222.204.1.5 /mobile/articles
INFO: [ app_init ] --START--
INFO: Run Behavior\BuildLiteBehavior [ RunTime:0.000013s ]
INFO: [ app_init ] --END-- [ RunTime:0.000289s ]
INFO: [ app_begin ] --START--
INFO: Run Behavior\ReadHtmlCacheBehavior [ RunTime:0.000325s ]
INFO: [ app_begin ] --END-- [ RunTime:0.000367s ]
SQL: SHOW COLUMNS FROM `bl_article` [ RunTime:0.0007s ]
SQL: SHOW COLUMNS FROM `bl_article` [ RunTime:0.0005s ]
SQL: SELECT * FROM `bl_article` WHERE `share` = 1  [ RunTime:0.0002s ]
SQL: SHOW COLUMNS FROM `bl_user` [ RunTime:0.0005s ]
SQL: SELECT * FROM `bl_user` WHERE `uid` = 25 LIMIT 1   [ RunTime:0.0002s ]
SQL: SELECT * FROM `bl_user` WHERE `uid` = 25 LIMIT 1   [ RunTime:0.0002s ]
SQL: SELECT * FROM `bl_user` WHERE `uid` = 25 LIMIT 1   [ RunTime:0.0001s ]
SQL: SELECT * FROM `bl_user` WHERE `uid` = 25 LIMIT 1   [ RunTime:0.0001s ]

[ 2015-09-23T19:36:03+08:00 ] 222.204.1.5 /mobile/articles
INFO: [ app_init ] --START--
INFO: Run Behavior\BuildLiteBehavior [ RunTime:0.000013s ]
INFO: [ app_init ] --END-- [ RunTime:0.000239s ]
INFO: [ app_begin ] --START--
INFO: Run Behavior\ReadHtmlCacheBehavior [ RunTime:0.000313s ]
INFO: [ app_begin ] --END-- [ RunTime:0.000354s ]
SQL: SHOW COLUMNS FROM `bl_article` [ RunTime:0.0007s ]
SQL: SHOW COLUMNS FROM `bl_article` [ RunTime:0.0004s ]
SQL: SELECT * FROM `bl_article` WHERE `share` = 1  [ RunTime:0.0002s ]
SQL: SHOW COLUMNS FROM `bl_user` [ RunTime:0.0004s ]
SQL: SELECT * FROM `bl_user` WHERE `uid` = 25 LIMIT 1   [ RunTime:0.0002s ]
SQL: SELECT * FROM `bl_user` WHERE `uid` = 25 LIMIT 1   [ RunTime:0.0001s ]
SQL: SELECT * FROM `bl_user` WHERE `uid` = 25 LIMIT 1   [ RunTime:0.0001s ]
SQL: SELECT * FROM `bl_user` WHERE `uid` = 25 LIMIT 1   [ RunTime:0.0001s ]

[ 2015-09-23T19:36:03+08:00 ] 222.204.1.5 /mobile/articles
INFO: [ app_init ] --START--
INFO: Run Behavior\BuildLiteBehavior [ RunTime:0.000014s ]
INFO: [ app_init ] --END-- [ RunTime:0.000244s ]
INFO: [ app_begin ] --START--
INFO: Run Behavior\ReadHtmlCacheBehavior [ RunTime:0.000306s ]
INFO: [ app_begin ] --END-- [ RunTime:0.000346s ]
SQL: SHOW COLUMNS FROM `bl_article` [ RunTime:0.0007s ]
SQL: SHOW COLUMNS FROM `bl_article` [ RunTime:0.0005s ]
SQL: SELECT * FROM `bl_article` WHERE `share` = 1  [ RunTime:0.0002s ]
SQL: SHOW COLUMNS FROM `bl_user` [ RunTime:0.0004s ]
SQL: SELECT * FROM `bl_user` WHERE `uid` = 25 LIMIT 1   [ RunTime:0.0002s ]
SQL: SELECT * FROM `bl_user` WHERE `uid` = 25 LIMIT 1   [ RunTime:0.0002s ]
SQL: SELECT * FROM `bl_user` WHERE `uid` = 25 LIMIT 1   [ RunTime:0.0001s ]
SQL: SELECT * FROM `bl_user` WHERE `uid` = 25 LIMIT 1   [ RunTime:0.0001s ]

[ 2015-09-23T19:36:25+08:00 ] 222.204.1.5 /mobile/articles
INFO: [ app_init ] --START--
INFO: Run Behavior\BuildLiteBehavior [ RunTime:0.000012s ]
INFO: [ app_init ] --END-- [ RunTime:0.000287s ]
INFO: [ app_begin ] --START--
INFO: Run Behavior\ReadHtmlCacheBehavior [ RunTime:0.000307s ]
INFO: [ app_begin ] --END-- [ RunTime:0.000347s ]
SQL: SHOW COLUMNS FROM `bl_article` [ RunTime:0.0007s ]
SQL: SHOW COLUMNS FROM `bl_article` [ RunTime:0.0004s ]
SQL: SELECT * FROM `bl_article` WHERE `share` = 1  [ RunTime:0.0002s ]
SQL: SHOW COLUMNS FROM `bl_user` [ RunTime:0.0004s ]
SQL: SELECT * FROM `bl_user` WHERE `uid` = 25 LIMIT 1   [ RunTime:0.0002s ]
SQL: SELECT * FROM `bl_user` WHERE `uid` = 25 LIMIT 1   [ RunTime:0.0001s ]
SQL: SELECT * FROM `bl_user` WHERE `uid` = 25 LIMIT 1   [ RunTime:0.0001s ]
SQL: SELECT * FROM `bl_user` WHERE `uid` = 25 LIMIT 1   [ RunTime:0.0001s ]

[ 2015-09-23T19:36:37+08:00 ] 222.204.1.5 /mobile/articles
INFO: [ app_init ] --START--
INFO: Run Behavior\BuildLiteBehavior [ RunTime:0.000012s ]
INFO: [ app_init ] --END-- [ RunTime:0.000250s ]
INFO: [ app_begin ] --START--
INFO: Run Behavior\ReadHtmlCacheBehavior [ RunTime:0.000365s ]
INFO: [ app_begin ] --END-- [ RunTime:0.000427s ]
SQL: SHOW COLUMNS FROM `bl_article` [ RunTime:0.0006s ]
SQL: SHOW COLUMNS FROM `bl_article` [ RunTime:0.0005s ]
SQL: SELECT * FROM `bl_article` WHERE `share` = 1  [ RunTime:0.0002s ]
SQL: SHOW COLUMNS FROM `bl_user` [ RunTime:0.0004s ]
SQL: SELECT * FROM `bl_user` WHERE `uid` = 25 LIMIT 1   [ RunTime:0.0002s ]
SQL: SELECT * FROM `bl_user` WHERE `uid` = 25 LIMIT 1   [ RunTime:0.0002s ]
SQL: SELECT * FROM `bl_user` WHERE `uid` = 25 LIMIT 1   [ RunTime:0.0002s ]
SQL: SELECT * FROM `bl_user` WHERE `uid` = 25 LIMIT 1   [ RunTime:0.0001s ]

[ 2015-09-23T19:37:31+08:00 ] 222.204.1.5 /mobile/articles
INFO: [ app_init ] --START--
INFO: Run Behavior\BuildLiteBehavior [ RunTime:0.000013s ]
INFO: [ app_init ] --END-- [ RunTime:0.000275s ]
INFO: [ app_begin ] --START--
INFO: Run Behavior\ReadHtmlCacheBehavior [ RunTime:0.000357s ]
INFO: [ app_begin ] --END-- [ RunTime:0.000398s ]
SQL: SHOW COLUMNS FROM `bl_article` [ RunTime:0.0007s ]
SQL: SHOW COLUMNS FROM `bl_article` [ RunTime:0.0004s ]
SQL: SELECT * FROM `bl_article` WHERE `share` = 1  [ RunTime:0.0003s ]
SQL: SHOW COLUMNS FROM `bl_user` [ RunTime:0.0005s ]
SQL: SELECT * FROM `bl_user` WHERE `uid` = 25 LIMIT 1   [ RunTime:0.0002s ]
SQL: SELECT * FROM `bl_user` WHERE `uid` = 25 LIMIT 1   [ RunTime:0.0001s ]
SQL: SELECT * FROM `bl_user` WHERE `uid` = 25 LIMIT 1   [ RunTime:0.0002s ]
SQL: SELECT * FROM `bl_user` WHERE `uid` = 25 LIMIT 1   [ RunTime:0.0001s ]

[ 2015-09-23T19:37:31+08:00 ] 222.204.1.5 /mobile/articles
INFO: [ app_init ] --START--
INFO: Run Behavior\BuildLiteBehavior [ RunTime:0.000012s ]
INFO: [ app_init ] --END-- [ RunTime:0.000238s ]
INFO: [ app_begin ] --START--
INFO: Run Behavior\ReadHtmlCacheBehavior [ RunTime:0.000356s ]
INFO: [ app_begin ] --END-- [ RunTime:0.000396s ]
SQL: SHOW COLUMNS FROM `bl_article` [ RunTime:0.0006s ]
SQL: SHOW COLUMNS FROM `bl_article` [ RunTime:0.0004s ]
SQL: SELECT * FROM `bl_article` WHERE `share` = 1  [ RunTime:0.0002s ]
SQL: SHOW COLUMNS FROM `bl_user` [ RunTime:0.0004s ]
SQL: SELECT * FROM `bl_user` WHERE `uid` = 25 LIMIT 1   [ RunTime:0.0002s ]
SQL: SELECT * FROM `bl_user` WHERE `uid` = 25 LIMIT 1   [ RunTime:0.0001s ]
SQL: SELECT * FROM `bl_user` WHERE `uid` = 25 LIMIT 1   [ RunTime:0.0002s ]
SQL: SELECT * FROM `bl_user` WHERE `uid` = 25 LIMIT 1   [ RunTime:0.0001s ]

[ 2015-09-23T19:37:40+08:00 ] 222.204.1.5 /mobile/articles
INFO: [ app_init ] --START--
INFO: Run Behavior\BuildLiteBehavior [ RunTime:0.000013s ]
INFO: [ app_init ] --END-- [ RunTime:0.000296s ]
INFO: [ app_begin ] --START--
INFO: Run Behavior\ReadHtmlCacheBehavior [ RunTime:0.000332s ]
INFO: [ app_begin ] --END-- [ RunTime:0.000373s ]
SQL: SHOW COLUMNS FROM `bl_article` [ RunTime:0.0007s ]
SQL: SHOW COLUMNS FROM `bl_article` [ RunTime:0.0004s ]
SQL: SELECT * FROM `bl_article` WHERE `share` = 1  [ RunTime:0.0002s ]
SQL: SHOW COLUMNS FROM `bl_user` [ RunTime:0.0004s ]
SQL: SELECT * FROM `bl_user` WHERE `uid` = 25 LIMIT 1   [ RunTime:0.0002s ]
SQL: SELECT * FROM `bl_user` WHERE `uid` = 25 LIMIT 1   [ RunTime:0.0001s ]
SQL: SELECT * FROM `bl_user` WHERE `uid` = 25 LIMIT 1   [ RunTime:0.0001s ]
SQL: SELECT * FROM `bl_user` WHERE `uid` = 25 LIMIT 1   [ RunTime:0.0001s ]

[ 2015-09-23T23:49:55+08:00 ] 222.204.1.5 /mobile/articles
INFO: [ app_init ] --START--
INFO: Run Behavior\BuildLiteBehavior [ RunTime:0.000015s ]
INFO: [ app_init ] --END-- [ RunTime:0.000285s ]
INFO: [ app_begin ] --START--
INFO: Run Behavior\ReadHtmlCacheBehavior [ RunTime:0.000311s ]
INFO: [ app_begin ] --END-- [ RunTime:0.000352s ]
SQL: SHOW COLUMNS FROM `bl_article` [ RunTime:0.0007s ]
SQL: SHOW COLUMNS FROM `bl_article` [ RunTime:0.0004s ]
SQL: SELECT * FROM `bl_article` WHERE `share` = 1  [ RunTime:0.0002s ]
SQL: SHOW COLUMNS FROM `bl_user` [ RunTime:0.0004s ]
SQL: SELECT * FROM `bl_user` WHERE `uid` = 25 LIMIT 1   [ RunTime:0.0002s ]
SQL: SELECT * FROM `bl_user` WHERE `uid` = 25 LIMIT 1   [ RunTime:0.0001s ]
SQL: SELECT * FROM `bl_user` WHERE `uid` = 25 LIMIT 1   [ RunTime:0.0003s ]
SQL: SELECT * FROM `bl_user` WHERE `uid` = 25 LIMIT 1   [ RunTime:0.0001s ]

[ 2015-09-23T23:49:55+08:00 ] 222.204.1.5 /mobile/articles
INFO: [ app_init ] --START--
INFO: Run Behavior\BuildLiteBehavior [ RunTime:0.000013s ]
INFO: [ app_init ] --END-- [ RunTime:0.000246s ]
INFO: [ app_begin ] --START--
INFO: Run Behavior\ReadHtmlCacheBehavior [ RunTime:0.000364s ]
INFO: [ app_begin ] --END-- [ RunTime:0.000405s ]
SQL: SHOW COLUMNS FROM `bl_article` [ RunTime:0.0006s ]
SQL: SHOW COLUMNS FROM `bl_article` [ RunTime:0.0004s ]
SQL: SELECT * FROM `bl_article` WHERE `share` = 1  [ RunTime:0.0002s ]
SQL: SHOW COLUMNS FROM `bl_user` [ RunTime:0.0004s ]
SQL: SELECT * FROM `bl_user` WHERE `uid` = 25 LIMIT 1   [ RunTime:0.0002s ]
SQL: SELECT * FROM `bl_user` WHERE `uid` = 25 LIMIT 1   [ RunTime:0.0002s ]
SQL: SELECT * FROM `bl_user` WHERE `uid` = 25 LIMIT 1   [ RunTime:0.0001s ]
SQL: SELECT * FROM `bl_user` WHERE `uid` = 25 LIMIT 1   [ RunTime:0.0002s ]

[ 2015-09-23T23:51:08+08:00 ] 222.204.1.5 /mobile/articles
INFO: [ app_init ] --START--
INFO: Run Behavior\BuildLiteBehavior [ RunTime:0.000012s ]
INFO: [ app_init ] --END-- [ RunTime:0.000245s ]
INFO: [ app_begin ] --START--
INFO: Run Behavior\ReadHtmlCacheBehavior [ RunTime:0.000310s ]
INFO: [ app_begin ] --END-- [ RunTime:0.000354s ]
SQL: SHOW COLUMNS FROM `bl_article` [ RunTime:0.0006s ]
SQL: SHOW COLUMNS FROM `bl_article` [ RunTime:0.0004s ]
SQL: SELECT * FROM `bl_article` WHERE `share` = 1  [ RunTime:0.0003s ]
SQL: SHOW COLUMNS FROM `bl_user` [ RunTime:0.0005s ]
SQL: SELECT * FROM `bl_user` WHERE `uid` = 25 LIMIT 1   [ RunTime:0.0002s ]
SQL: SELECT * FROM `bl_user` WHERE `uid` = 25 LIMIT 1   [ RunTime:0.0002s ]
SQL: SELECT * FROM `bl_user` WHERE `uid` = 25 LIMIT 1   [ RunTime:0.0001s ]
SQL: SELECT * FROM `bl_user` WHERE `uid` = 25 LIMIT 1   [ RunTime:0.0001s ]

[ 2015-09-23T23:51:09+08:00 ] 222.204.1.5 /mobile/articles
INFO: [ app_init ] --START--
INFO: Run Behavior\BuildLiteBehavior [ RunTime:0.000013s ]
INFO: [ app_init ] --END-- [ RunTime:0.000308s ]
INFO: [ app_begin ] --START--
INFO: Run Behavior\ReadHtmlCacheBehavior [ RunTime:0.000309s ]
INFO: [ app_begin ] --END-- [ RunTime:0.000348s ]
SQL: SHOW COLUMNS FROM `bl_article` [ RunTime:0.0007s ]
SQL: SHOW COLUMNS FROM `bl_article` [ RunTime:0.0004s ]
SQL: SELECT * FROM `bl_article` WHERE `share` = 1  [ RunTime:0.0002s ]
SQL: SHOW COLUMNS FROM `bl_user` [ RunTime:0.0004s ]
SQL: SELECT * FROM `bl_user` WHERE `uid` = 25 LIMIT 1   [ RunTime:0.0002s ]
SQL: SELECT * FROM `bl_user` WHERE `uid` = 25 LIMIT 1   [ RunTime:0.0001s ]
SQL: SELECT * FROM `bl_user` WHERE `uid` = 25 LIMIT 1   [ RunTime:0.0001s ]
SQL: SELECT * FROM `bl_user` WHERE `uid` = 25 LIMIT 1   [ RunTime:0.0001s ]

