[ 2015-08-21T00:00:35+08:00 ] 111.76.55.132 /index.php/User/getUsers
INFO: [ app_init ] --START--
INFO: Run Behavior\BuildLiteBehavior [ RunTime:0.000014s ]
INFO: [ app_init ] --END-- [ RunTime:0.000346s ]
INFO: [ app_begin ] --START--
INFO: Run Behavior\ReadHtmlCacheBehavior [ RunTime:0.000360s ]
INFO: [ app_begin ] --END-- [ RunTime:0.000403s ]
SQL: SHOW COLUMNS FROM `bl_user` [ RunTime:0.0007s ]
SQL: SHOW COLUMNS FROM `bl_user` [ RunTime:0.0004s ]
SQL: SHOW COLUMNS FROM `bl_user` [ RunTime:0.0004s ]
SQL: SELECT * FROM `bl_user` WHERE ( role = 0 ) ORDER BY registertime desc  [ RunTime:0.0002s ]

[ 2015-08-21T00:07:22+08:00 ] 111.76.55.132 /index.php/Category/categoryList
INFO: [ app_init ] --START--
INFO: Run Behavior\BuildLiteBehavior [ RunTime:0.000013s ]
INFO: [ app_init ] --END-- [ RunTime:0.000255s ]
INFO: [ app_begin ] --START--
INFO: Run Behavior\ReadHtmlCacheBehavior [ RunTime:0.000358s ]
INFO: [ app_begin ] --END-- [ RunTime:0.000400s ]
SQL: SHOW COLUMNS FROM `bl_category` [ RunTime:0.0006s ]
SQL: SHOW COLUMNS FROM `bl_category` [ RunTime:0.0003s ]
SQL: SELECT * FROM `bl_category`  [ RunTime:0.0001s ]
SQL: SHOW COLUMNS FROM `bl_sign` [ RunTime:0.0003s ]
SQL: SELECT * FROM `bl_sign` WHERE ( 1=1 AND category='1' )  [ RunTime:0.0002s ]
SQL: SELECT * FROM `bl_sign` WHERE ( 1=1 AND category='2' )  [ RunTime:0.0001s ]
SQL: SELECT * FROM `bl_sign` WHERE ( 1=1 AND category='3' )  [ RunTime:0.0001s ]
SQL: SELECT * FROM `bl_sign` WHERE ( 1=1 AND category='4' )  [ RunTime:0.0001s ]

[ 2015-08-21T00:10:22+08:00 ] 111.76.55.132 /index.php/Permission/permissionList
INFO: [ app_init ] --START--
INFO: Run Behavior\BuildLiteBehavior [ RunTime:0.000013s ]
INFO: [ app_init ] --END-- [ RunTime:0.000251s ]
INFO: [ app_begin ] --START--
INFO: Run Behavior\ReadHtmlCacheBehavior [ RunTime:0.000330s ]
INFO: [ app_begin ] --END-- [ RunTime:0.000372s ]
SQL: SHOW COLUMNS FROM `bl_permission` [ RunTime:0.0006s ]
SQL: SHOW COLUMNS FROM `bl_permission` [ RunTime:0.0004s ]
SQL: SHOW COLUMNS FROM `bl_permission` [ RunTime:0.0003s ]
SQL: SELECT * FROM `bl_permission`  [ RunTime:0.0002s ]

[ 2015-08-21T00:14:15+08:00 ] 111.76.55.132 /index.php/Category/categoryList
INFO: [ app_init ] --START--
INFO: Run Behavior\BuildLiteBehavior [ RunTime:0.000012s ]
INFO: [ app_init ] --END-- [ RunTime:0.000251s ]
INFO: [ app_begin ] --START--
INFO: Run Behavior\ReadHtmlCacheBehavior [ RunTime:0.000309s ]
INFO: [ app_begin ] --END-- [ RunTime:0.000350s ]
SQL: SHOW COLUMNS FROM `bl_category` [ RunTime:0.0006s ]
SQL: SELECT * FROM `bl_category`  [ RunTime:0.0001s ]
SQL: SHOW COLUMNS FROM `bl_sign` [ RunTime:0.0003s ]
SQL: SELECT * FROM `bl_sign` WHERE ( 1=1 AND category='1' )  [ RunTime:0.0002s ]
SQL: SELECT * FROM `bl_sign` WHERE ( 1=1 AND category='2' )  [ RunTime:0.0001s ]
SQL: SELECT * FROM `bl_sign` WHERE ( 1=1 AND category='3' )  [ RunTime:0.0001s ]
SQL: SELECT * FROM `bl_sign` WHERE ( 1=1 AND category='4' )  [ RunTime:0.0001s ]

[ 2015-08-21T00:16:38+08:00 ] 111.76.55.132 /index.php/Permission/permissionList
INFO: [ app_init ] --START--
INFO: Run Behavior\BuildLiteBehavior [ RunTime:0.000014s ]
INFO: [ app_init ] --END-- [ RunTime:0.000293s ]
INFO: [ app_begin ] --START--
INFO: Run Behavior\ReadHtmlCacheBehavior [ RunTime:0.000310s ]
INFO: [ app_begin ] --END-- [ RunTime:0.000350s ]
SQL: SHOW COLUMNS FROM `bl_permission` [ RunTime:0.0007s ]
SQL: SHOW COLUMNS FROM `bl_permission` [ RunTime:0.0004s ]
SQL: SELECT * FROM `bl_permission`  [ RunTime:0.0002s ]

[ 2015-08-21T00:30:53+08:00 ] 111.76.55.132 /index.php/Permission/permissionList
INFO: [ app_init ] --START--
INFO: Run Behavior\BuildLiteBehavior [ RunTime:0.000015s ]
INFO: [ app_init ] --END-- [ RunTime:0.000258s ]
INFO: [ app_begin ] --START--
INFO: Run Behavior\ReadHtmlCacheBehavior [ RunTime:0.000321s ]
INFO: [ app_begin ] --END-- [ RunTime:0.000372s ]
SQL: SHOW COLUMNS FROM `bl_permission` [ RunTime:0.0007s ]
SQL: SELECT * FROM `bl_permission`  [ RunTime:0.0001s ]

[ 2015-08-21T00:40:48+08:00 ] 111.76.55.132 /index.php/User/getUsers?callback=angular.callbacks._0
INFO: [ app_init ] --START--
INFO: Run Behavior\BuildLiteBehavior [ RunTime:0.000013s ]
INFO: [ app_init ] --END-- [ RunTime:0.000250s ]
INFO: [ app_begin ] --START--
INFO: Run Behavior\ReadHtmlCacheBehavior [ RunTime:0.000373s ]
INFO: [ app_begin ] --END-- [ RunTime:0.000414s ]
SQL: SHOW COLUMNS FROM `bl_user` [ RunTime:0.0007s ]
SQL: SELECT * FROM `bl_user` WHERE ( role = 0 ) ORDER BY registertime desc  [ RunTime:0.0003s ]

[ 2015-08-21T00:40:51+08:00 ] 111.76.55.132 /index.php/User/getAdmins?callback=angular.callbacks._1
INFO: [ app_init ] --START--
INFO: Run Behavior\BuildLiteBehavior [ RunTime:0.000013s ]
INFO: [ app_init ] --END-- [ RunTime:0.000242s ]
INFO: [ app_begin ] --START--
INFO: Run Behavior\ReadHtmlCacheBehavior [ RunTime:0.000308s ]
INFO: [ app_begin ] --END-- [ RunTime:0.000348s ]
SQL: SHOW COLUMNS FROM `bl_user` [ RunTime:0.0007s ]
SQL: SELECT * FROM `bl_user` WHERE ( role = 1 ) ORDER BY registertime desc  [ RunTime:0.0003s ]

[ 2015-08-21T00:40:56+08:00 ] 111.76.55.132 /index.php/Usergroup/groupList?callback=angular.callbacks._2
INFO: [ app_init ] --START--
INFO: Run Behavior\BuildLiteBehavior [ RunTime:0.000014s ]
INFO: [ app_init ] --END-- [ RunTime:0.000294s ]
INFO: [ app_begin ] --START--
INFO: Run Behavior\ReadHtmlCacheBehavior [ RunTime:0.000311s ]
INFO: [ app_begin ] --END-- [ RunTime:0.000359s ]
SQL: SHOW COLUMNS FROM `bl_user_group` [ RunTime:0.0006s ]
SQL: SHOW COLUMNS FROM `bl_user_group` [ RunTime:0.0004s ]
SQL: SELECT * FROM `bl_user_group`  [ RunTime:0.0001s ]
SQL: SHOW COLUMNS FROM `bl_user` [ RunTime:0.0004s ]

[ 2015-08-21T00:41:07+08:00 ] 111.76.55.132 /index.php/Usergroup/groupList?callback=angular.callbacks._0
INFO: [ app_init ] --START--
INFO: Run Behavior\BuildLiteBehavior [ RunTime:0.000014s ]
INFO: [ app_init ] --END-- [ RunTime:0.000246s ]
INFO: [ app_begin ] --START--
INFO: Run Behavior\ReadHtmlCacheBehavior [ RunTime:0.000343s ]
INFO: [ app_begin ] --END-- [ RunTime:0.000384s ]
SQL: SHOW COLUMNS FROM `bl_user_group` [ RunTime:0.0026s ]
SQL: SHOW COLUMNS FROM `bl_user_group` [ RunTime:0.0005s ]
SQL: SELECT * FROM `bl_user_group`  [ RunTime:0.0001s ]
SQL: SHOW COLUMNS FROM `bl_user` [ RunTime:0.0004s ]

[ 2015-08-21T00:41:20+08:00 ] 111.76.55.132 /index.php/Permission/permissionList?callback=angular.callbacks._1
INFO: [ app_init ] --START--
INFO: Run Behavior\BuildLiteBehavior [ RunTime:0.000016s ]
INFO: [ app_init ] --END-- [ RunTime:0.000347s ]
INFO: [ app_begin ] --START--
INFO: Run Behavior\ReadHtmlCacheBehavior [ RunTime:0.000373s ]
INFO: [ app_begin ] --END-- [ RunTime:0.000422s ]
SQL: SHOW COLUMNS FROM `bl_permission` [ RunTime:0.0006s ]
SQL: SELECT * FROM `bl_permission`  [ RunTime:0.0001s ]

[ 2015-08-21T00:41:38+08:00 ] 111.76.55.132 /index.php/Category/categoryList?&callback=angular.callbacks._2
INFO: [ app_init ] --START--
INFO: Run Behavior\BuildLiteBehavior [ RunTime:0.000016s ]
INFO: [ app_init ] --END-- [ RunTime:0.000305s ]
INFO: [ app_begin ] --START--
INFO: Run Behavior\ReadHtmlCacheBehavior [ RunTime:0.000371s ]
INFO: [ app_begin ] --END-- [ RunTime:0.000418s ]
SQL: SHOW COLUMNS FROM `bl_category` [ RunTime:0.0006s ]
SQL: SHOW COLUMNS FROM `bl_sign` [ RunTime:0.0003s ]

[ 2015-08-21T00:41:54+08:00 ] 111.76.55.132 /index.php/Usergroup/groupList?callback=angular.callbacks._3
INFO: [ app_init ] --START--
INFO: Run Behavior\BuildLiteBehavior [ RunTime:0.000013s ]
INFO: [ app_init ] --END-- [ RunTime:0.000247s ]
INFO: [ app_begin ] --START--
INFO: Run Behavior\ReadHtmlCacheBehavior [ RunTime:0.000303s ]
INFO: [ app_begin ] --END-- [ RunTime:0.000345s ]
SQL: SHOW COLUMNS FROM `bl_user_group` [ RunTime:0.0007s ]
SQL: SHOW COLUMNS FROM `bl_user_group` [ RunTime:0.0004s ]
SQL: SELECT * FROM `bl_user_group`  [ RunTime:0.0001s ]
SQL: SHOW COLUMNS FROM `bl_user` [ RunTime:0.0005s ]

[ 2015-08-21T00:42:09+08:00 ] 111.76.55.132 /index.php/Group/groupList
INFO: [ app_init ] --START--
INFO: Run Behavior\BuildLiteBehavior [ RunTime:0.000014s ]
INFO: [ app_init ] --END-- [ RunTime:0.000250s ]
INFO: [ app_begin ] --START--
INFO: Run Behavior\ReadHtmlCacheBehavior [ RunTime:0.000310s ]
INFO: [ app_begin ] --END-- [ RunTime:0.000351s ]
ERR: 无法加载控制器:Group

[ 2015-08-21T00:42:16+08:00 ] 111.76.55.132 /index.php/Usergroup/groupList
INFO: [ app_init ] --START--
INFO: Run Behavior\BuildLiteBehavior [ RunTime:0.000016s ]
INFO: [ app_init ] --END-- [ RunTime:0.000306s ]
INFO: [ app_begin ] --START--
INFO: Run Behavior\ReadHtmlCacheBehavior [ RunTime:0.000410s ]
INFO: [ app_begin ] --END-- [ RunTime:0.000458s ]
SQL: SHOW COLUMNS FROM `bl_user_group` [ RunTime:0.0006s ]
SQL: SHOW COLUMNS FROM `bl_user_group` [ RunTime:0.0004s ]
SQL: SELECT * FROM `bl_user_group`  [ RunTime:0.0002s ]
SQL: SHOW COLUMNS FROM `bl_user` [ RunTime:0.0004s ]

[ 2015-08-21T00:44:53+08:00 ] 111.76.55.132 /index.php/Permission/permissionList?callback=angular.callbacks._4
INFO: [ app_init ] --START--
INFO: Run Behavior\BuildLiteBehavior [ RunTime:0.000013s ]
INFO: [ app_init ] --END-- [ RunTime:0.000258s ]
INFO: [ app_begin ] --START--
INFO: Run Behavior\ReadHtmlCacheBehavior [ RunTime:0.000347s ]
INFO: [ app_begin ] --END-- [ RunTime:0.000389s ]
SQL: SHOW COLUMNS FROM `bl_permission` [ RunTime:0.0006s ]
SQL: SELECT * FROM `bl_permission`  [ RunTime:0.0001s ]

[ 2015-08-21T00:44:56+08:00 ] 111.76.55.132 /index.php/Category/categoryList?&callback=angular.callbacks._5
INFO: [ app_init ] --START--
INFO: Run Behavior\BuildLiteBehavior [ RunTime:0.000013s ]
INFO: [ app_init ] --END-- [ RunTime:0.000250s ]
INFO: [ app_begin ] --START--
INFO: Run Behavior\ReadHtmlCacheBehavior [ RunTime:0.000304s ]
INFO: [ app_begin ] --END-- [ RunTime:0.000345s ]
SQL: SHOW COLUMNS FROM `bl_category` [ RunTime:0.0007s ]
SQL: SHOW COLUMNS FROM `bl_sign` [ RunTime:0.0004s ]

[ 2015-08-21T00:45:07+08:00 ] 111.76.55.132 /index.php/Category/categoryList
INFO: [ app_init ] --START--
INFO: Run Behavior\BuildLiteBehavior [ RunTime:0.000013s ]
INFO: [ app_init ] --END-- [ RunTime:0.000245s ]
INFO: [ app_begin ] --START--
INFO: Run Behavior\ReadHtmlCacheBehavior [ RunTime:0.000304s ]
INFO: [ app_begin ] --END-- [ RunTime:0.000345s ]
SQL: SHOW COLUMNS FROM `bl_category` [ RunTime:0.0006s ]
SQL: SHOW COLUMNS FROM `bl_sign` [ RunTime:0.0004s ]

[ 2015-08-21T00:45:33+08:00 ] 111.76.55.132 /index.php/Category/categoryList
INFO: [ app_init ] --START--
INFO: Run Behavior\BuildLiteBehavior [ RunTime:0.000013s ]
INFO: [ app_init ] --END-- [ RunTime:0.000246s ]
INFO: [ app_begin ] --START--
INFO: Run Behavior\ReadHtmlCacheBehavior [ RunTime:0.000306s ]
INFO: [ app_begin ] --END-- [ RunTime:0.000347s ]
SQL: SHOW COLUMNS FROM `bl_category` [ RunTime:0.0006s ]
SQL: SHOW COLUMNS FROM `bl_sign` [ RunTime:0.0004s ]

[ 2015-08-21T00:45:35+08:00 ] 111.76.55.132 /index.php/Category/categoryList
INFO: [ app_init ] --START--
INFO: Run Behavior\BuildLiteBehavior [ RunTime:0.000013s ]
INFO: [ app_init ] --END-- [ RunTime:0.000255s ]
INFO: [ app_begin ] --START--
INFO: Run Behavior\ReadHtmlCacheBehavior [ RunTime:0.000305s ]
INFO: [ app_begin ] --END-- [ RunTime:0.000347s ]
SQL: SHOW COLUMNS FROM `bl_category` [ RunTime:0.0006s ]
SQL: SHOW COLUMNS FROM `bl_sign` [ RunTime:0.0004s ]

[ 2015-08-21T00:49:44+08:00 ] 111.76.55.132 /index.php/Category/categoryList
INFO: [ app_init ] --START--
INFO: Run Behavior\BuildLiteBehavior [ RunTime:0.000013s ]
INFO: [ app_init ] --END-- [ RunTime:0.000249s ]
INFO: [ app_begin ] --START--
INFO: Run Behavior\ReadHtmlCacheBehavior [ RunTime:0.000366s ]
INFO: [ app_begin ] --END-- [ RunTime:0.000408s ]
SQL: SHOW COLUMNS FROM `bl_category` [ RunTime:0.0006s ]
SQL: SHOW COLUMNS FROM `bl_sign` [ RunTime:0.0004s ]

[ 2015-08-21T00:50:25+08:00 ] 111.76.55.132 /index.php/Category/categoryList
INFO: [ app_init ] --START--
INFO: Run Behavior\BuildLiteBehavior [ RunTime:0.000013s ]
INFO: [ app_init ] --END-- [ RunTime:0.000252s ]
INFO: [ app_begin ] --START--
INFO: Run Behavior\ReadHtmlCacheBehavior [ RunTime:0.000314s ]
INFO: [ app_begin ] --END-- [ RunTime:0.000355s ]
SQL: SHOW COLUMNS FROM `bl_category` [ RunTime:0.0007s ]
SQL: SELECT * FROM `bl_category`  [ RunTime:0.0003s ]
SQL: SHOW COLUMNS FROM `bl_sign` [ RunTime:0.0005s ]
SQL: SELECT * FROM `bl_sign` WHERE ( 1=1 AND category='1' )  [ RunTime:0.0002s ]
SQL: SELECT * FROM `bl_sign` WHERE ( 1=1 AND category='2' )  [ RunTime:0.0001s ]
SQL: SELECT * FROM `bl_sign` WHERE ( 1=1 AND category='3' )  [ RunTime:0.0002s ]
SQL: SELECT * FROM `bl_sign` WHERE ( 1=1 AND category='4' )  [ RunTime:0.0001s ]

[ 2015-08-21T00:52:34+08:00 ] 111.76.55.132 /index.php/Category/categoryList
INFO: [ app_init ] --START--
INFO: Run Behavior\BuildLiteBehavior [ RunTime:0.000014s ]
INFO: [ app_init ] --END-- [ RunTime:0.000300s ]
INFO: [ app_begin ] --START--
INFO: Run Behavior\ReadHtmlCacheBehavior [ RunTime:0.000311s ]
INFO: [ app_begin ] --END-- [ RunTime:0.000352s ]
SQL: SHOW COLUMNS FROM `bl_category` [ RunTime:0.0008s ]
SQL: SELECT * FROM `bl_category`  [ RunTime:0.0003s ]
SQL: SHOW COLUMNS FROM `bl_sign` [ RunTime:0.0005s ]
SQL: SELECT * FROM `bl_sign` WHERE ( 1=1 AND category='1' )  [ RunTime:0.0002s ]
SQL: SELECT * FROM `bl_sign` WHERE ( 1=1 AND category='2' )  [ RunTime:0.0001s ]
SQL: SELECT * FROM `bl_sign` WHERE ( 1=1 AND category='3' )  [ RunTime:0.0001s ]
SQL: SELECT * FROM `bl_sign` WHERE ( 1=1 AND category='4' )  [ RunTime:0.0001s ]

[ 2015-08-21T00:53:01+08:00 ] 111.76.55.132 /index.php/Usergroup/groupList
INFO: [ app_init ] --START--
INFO: Run Behavior\BuildLiteBehavior [ RunTime:0.000014s ]
INFO: [ app_init ] --END-- [ RunTime:0.000294s ]
INFO: [ app_begin ] --START--
INFO: Run Behavior\ReadHtmlCacheBehavior [ RunTime:0.000306s ]
INFO: [ app_begin ] --END-- [ RunTime:0.000346s ]
SQL: SHOW COLUMNS FROM `bl_user_group` [ RunTime:0.0006s ]
SQL: SHOW COLUMNS FROM `bl_user_group` [ RunTime:0.0004s ]
SQL: SELECT * FROM `bl_user_group`  [ RunTime:0.0001s ]
SQL: SHOW COLUMNS FROM `bl_user` [ RunTime:0.0005s ]

[ 2015-08-21T00:53:21+08:00 ] 111.76.55.132 /index.php/Usergroup/
INFO: [ app_init ] --START--
INFO: Run Behavior\BuildLiteBehavior [ RunTime:0.000013s ]
INFO: [ app_init ] --END-- [ RunTime:0.000257s ]
INFO: [ app_begin ] --START--
INFO: Run Behavior\ReadHtmlCacheBehavior [ RunTime:0.000316s ]
INFO: [ app_begin ] --END-- [ RunTime:0.000357s ]
ERR: 非法操作:index

[ 2015-08-21T00:53:26+08:00 ] 111.76.55.132 /index.php/Usergroup/groupList
INFO: [ app_init ] --START--
INFO: Run Behavior\BuildLiteBehavior [ RunTime:0.000013s ]
INFO: [ app_init ] --END-- [ RunTime:0.000291s ]
INFO: [ app_begin ] --START--
INFO: Run Behavior\ReadHtmlCacheBehavior [ RunTime:0.000306s ]
INFO: [ app_begin ] --END-- [ RunTime:0.000347s ]
SQL: SHOW COLUMNS FROM `bl_user_group` [ RunTime:0.0090s ]
SQL: SHOW COLUMNS FROM `bl_user_group` [ RunTime:0.0004s ]
SQL: SELECT * FROM `bl_user_group`  [ RunTime:0.0002s ]
SQL: SHOW COLUMNS FROM `bl_user` [ RunTime:0.0004s ]

[ 2015-08-21T00:54:53+08:00 ] 111.76.55.132 /index.php/Usergroup/groupList
INFO: [ app_init ] --START--
INFO: Run Behavior\BuildLiteBehavior [ RunTime:0.000013s ]
INFO: [ app_init ] --END-- [ RunTime:0.000247s ]
INFO: [ app_begin ] --START--
INFO: Run Behavior\ReadHtmlCacheBehavior [ RunTime:0.000305s ]
INFO: [ app_begin ] --END-- [ RunTime:0.000344s ]
SQL: SHOW COLUMNS FROM `bl_user_group` [ RunTime:0.0006s ]
SQL: SHOW COLUMNS FROM `bl_user_group` [ RunTime:0.0004s ]
SQL: SELECT * FROM `bl_user_group`  [ RunTime:0.0001s ]
SQL: SHOW COLUMNS FROM `bl_user` [ RunTime:0.0004s ]

[ 2015-08-21T00:54:53+08:00 ] 111.76.55.132 /index.php/Usergroup/groupList
INFO: [ app_init ] --START--
INFO: Run Behavior\BuildLiteBehavior [ RunTime:0.000013s ]
INFO: [ app_init ] --END-- [ RunTime:0.000316s ]
INFO: [ app_begin ] --START--
INFO: Run Behavior\ReadHtmlCacheBehavior [ RunTime:0.000303s ]
INFO: [ app_begin ] --END-- [ RunTime:0.000344s ]
SQL: SHOW COLUMNS FROM `bl_user_group` [ RunTime:0.0007s ]
SQL: SHOW COLUMNS FROM `bl_user_group` [ RunTime:0.0004s ]
SQL: SELECT * FROM `bl_user_group`  [ RunTime:0.0001s ]
SQL: SHOW COLUMNS FROM `bl_user` [ RunTime:0.0005s ]

[ 2015-08-21T00:54:54+08:00 ] 111.76.55.132 /index.php/Usergroup/groupList
INFO: [ app_init ] --START--
INFO: Run Behavior\BuildLiteBehavior [ RunTime:0.000017s ]
INFO: [ app_init ] --END-- [ RunTime:0.000253s ]
INFO: [ app_begin ] --START--
INFO: Run Behavior\ReadHtmlCacheBehavior [ RunTime:0.000304s ]
INFO: [ app_begin ] --END-- [ RunTime:0.000346s ]
SQL: SHOW COLUMNS FROM `bl_user_group` [ RunTime:0.0006s ]
SQL: SHOW COLUMNS FROM `bl_user_group` [ RunTime:0.0004s ]
SQL: SELECT * FROM `bl_user_group`  [ RunTime:0.0001s ]
SQL: SHOW COLUMNS FROM `bl_user` [ RunTime:0.0004s ]

[ 2015-08-21T00:54:54+08:00 ] 111.76.55.132 /index.php/Usergroup/groupList
INFO: [ app_init ] --START--
INFO: Run Behavior\BuildLiteBehavior [ RunTime:0.000012s ]
INFO: [ app_init ] --END-- [ RunTime:0.000290s ]
INFO: [ app_begin ] --START--
INFO: Run Behavior\ReadHtmlCacheBehavior [ RunTime:0.000315s ]
INFO: [ app_begin ] --END-- [ RunTime:0.000355s ]
SQL: SHOW COLUMNS FROM `bl_user_group` [ RunTime:0.0006s ]
SQL: SHOW COLUMNS FROM `bl_user_group` [ RunTime:0.0005s ]
SQL: SELECT * FROM `bl_user_group`  [ RunTime:0.0001s ]
SQL: SHOW COLUMNS FROM `bl_user` [ RunTime:0.0004s ]

[ 2015-08-21T00:54:54+08:00 ] 111.76.55.132 /index.php/Usergroup/groupList
INFO: [ app_init ] --START--
INFO: Run Behavior\BuildLiteBehavior [ RunTime:0.000012s ]
INFO: [ app_init ] --END-- [ RunTime:0.000243s ]
INFO: [ app_begin ] --START--
INFO: Run Behavior\ReadHtmlCacheBehavior [ RunTime:0.000320s ]
INFO: [ app_begin ] --END-- [ RunTime:0.000420s ]
SQL: SHOW COLUMNS FROM `bl_user_group` [ RunTime:0.0006s ]
SQL: SHOW COLUMNS FROM `bl_user_group` [ RunTime:0.0004s ]
SQL: SELECT * FROM `bl_user_group`  [ RunTime:0.0002s ]
SQL: SHOW COLUMNS FROM `bl_user` [ RunTime:0.0004s ]

[ 2015-08-21T00:54:54+08:00 ] 111.76.55.132 /index.php/Usergroup/groupList
INFO: [ app_init ] --START--
INFO: Run Behavior\BuildLiteBehavior [ RunTime:0.000013s ]
INFO: [ app_init ] --END-- [ RunTime:0.000244s ]
INFO: [ app_begin ] --START--
INFO: Run Behavior\ReadHtmlCacheBehavior [ RunTime:0.000347s ]
INFO: [ app_begin ] --END-- [ RunTime:0.000388s ]
SQL: SHOW COLUMNS FROM `bl_user_group` [ RunTime:0.0006s ]
SQL: SHOW COLUMNS FROM `bl_user_group` [ RunTime:0.0004s ]
SQL: SELECT * FROM `bl_user_group`  [ RunTime:0.0001s ]
SQL: SHOW COLUMNS FROM `bl_user` [ RunTime:0.0004s ]

[ 2015-08-21T00:54:54+08:00 ] 111.76.55.132 /index.php/Usergroup/groupList
INFO: [ app_init ] --START--
INFO: Run Behavior\BuildLiteBehavior [ RunTime:0.000013s ]
INFO: [ app_init ] --END-- [ RunTime:0.000251s ]
INFO: [ app_begin ] --START--
INFO: Run Behavior\ReadHtmlCacheBehavior [ RunTime:0.000305s ]
INFO: [ app_begin ] --END-- [ RunTime:0.000345s ]
SQL: SHOW COLUMNS FROM `bl_user_group` [ RunTime:0.0006s ]
SQL: SHOW COLUMNS FROM `bl_user_group` [ RunTime:0.0004s ]
SQL: SELECT * FROM `bl_user_group`  [ RunTime:0.0001s ]
SQL: SHOW COLUMNS FROM `bl_user` [ RunTime:0.0004s ]

[ 2015-08-21T00:54:55+08:00 ] 111.76.55.132 /index.php/Usergroup/groupList
INFO: [ app_init ] --START--
INFO: Run Behavior\BuildLiteBehavior [ RunTime:0.000014s ]
INFO: [ app_init ] --END-- [ RunTime:0.000246s ]
INFO: [ app_begin ] --START--
INFO: Run Behavior\ReadHtmlCacheBehavior [ RunTime:0.000300s ]
INFO: [ app_begin ] --END-- [ RunTime:0.000339s ]
SQL: SHOW COLUMNS FROM `bl_user_group` [ RunTime:0.0006s ]
SQL: SHOW COLUMNS FROM `bl_user_group` [ RunTime:0.0004s ]
SQL: SELECT * FROM `bl_user_group`  [ RunTime:0.0001s ]
SQL: SHOW COLUMNS FROM `bl_user` [ RunTime:0.0005s ]

[ 2015-08-21T00:54:55+08:00 ] 111.76.55.132 /index.php/Usergroup/groupList
INFO: [ app_init ] --START--
INFO: Run Behavior\BuildLiteBehavior [ RunTime:0.000013s ]
INFO: [ app_init ] --END-- [ RunTime:0.000242s ]
INFO: [ app_begin ] --START--
INFO: Run Behavior\ReadHtmlCacheBehavior [ RunTime:0.000306s ]
INFO: [ app_begin ] --END-- [ RunTime:0.000346s ]
SQL: SHOW COLUMNS FROM `bl_user_group` [ RunTime:0.0006s ]
SQL: SHOW COLUMNS FROM `bl_user_group` [ RunTime:0.0004s ]
SQL: SELECT * FROM `bl_user_group`  [ RunTime:0.0001s ]
SQL: SHOW COLUMNS FROM `bl_user` [ RunTime:0.0005s ]

[ 2015-08-21T00:55:28+08:00 ] 111.76.55.132 /index.php/Usergroup/groupList
INFO: [ app_init ] --START--
INFO: Run Behavior\BuildLiteBehavior [ RunTime:0.000014s ]
INFO: [ app_init ] --END-- [ RunTime:0.000295s ]
INFO: [ app_begin ] --START--
INFO: Run Behavior\ReadHtmlCacheBehavior [ RunTime:0.000317s ]
INFO: [ app_begin ] --END-- [ RunTime:0.000359s ]
SQL: SHOW COLUMNS FROM `bl_user_group` [ RunTime:0.0007s ]
SQL: SHOW COLUMNS FROM `bl_user_group` [ RunTime:0.0004s ]
SQL: SHOW COLUMNS FROM `bl_user_group` [ RunTime:0.0004s ]
SQL: SELECT * FROM `bl_user_group`  [ RunTime:0.0001s ]

[ 2015-08-21T00:56:06+08:00 ] 111.76.55.132 /index.php/Usergroup/groupList
INFO: [ app_init ] --START--
INFO: Run Behavior\BuildLiteBehavior [ RunTime:0.000013s ]
INFO: [ app_init ] --END-- [ RunTime:0.000247s ]
INFO: [ app_begin ] --START--
INFO: Run Behavior\ReadHtmlCacheBehavior [ RunTime:0.000354s ]
INFO: [ app_begin ] --END-- [ RunTime:0.000396s ]
SQL: SHOW COLUMNS FROM `bl_user_group` [ RunTime:0.0006s ]
SQL: SHOW COLUMNS FROM `bl_user_group` [ RunTime:0.0004s ]
SQL: SELECT * FROM `bl_user_group`  [ RunTime:0.0001s ]

[ 2015-08-21T00:56:07+08:00 ] 111.76.55.132 /index.php/Usergroup/groupList
INFO: [ app_init ] --START--
INFO: Run Behavior\BuildLiteBehavior [ RunTime:0.000013s ]
INFO: [ app_init ] --END-- [ RunTime:0.000247s ]
INFO: [ app_begin ] --START--
INFO: Run Behavior\ReadHtmlCacheBehavior [ RunTime:0.000305s ]
INFO: [ app_begin ] --END-- [ RunTime:0.000344s ]
SQL: SHOW COLUMNS FROM `bl_user_group` [ RunTime:0.0006s ]
SQL: SHOW COLUMNS FROM `bl_user_group` [ RunTime:0.0004s ]
SQL: SELECT * FROM `bl_user_group`  [ RunTime:0.0001s ]

[ 2015-08-21T00:56:07+08:00 ] 111.76.55.132 /index.php/Usergroup/groupList
INFO: [ app_init ] --START--
INFO: Run Behavior\BuildLiteBehavior [ RunTime:0.000013s ]
INFO: [ app_init ] --END-- [ RunTime:0.000245s ]
INFO: [ app_begin ] --START--
INFO: Run Behavior\ReadHtmlCacheBehavior [ RunTime:0.000302s ]
INFO: [ app_begin ] --END-- [ RunTime:0.000342s ]
SQL: SHOW COLUMNS FROM `bl_user_group` [ RunTime:0.0006s ]
SQL: SHOW COLUMNS FROM `bl_user_group` [ RunTime:0.0004s ]
SQL: SELECT * FROM `bl_user_group`  [ RunTime:0.0001s ]

[ 2015-08-21T00:56:08+08:00 ] 111.76.55.132 /index.php/Usergroup/groupList
INFO: [ app_init ] --START--
INFO: Run Behavior\BuildLiteBehavior [ RunTime:0.000013s ]
INFO: [ app_init ] --END-- [ RunTime:0.000244s ]
INFO: [ app_begin ] --START--
INFO: Run Behavior\ReadHtmlCacheBehavior [ RunTime:0.000339s ]
INFO: [ app_begin ] --END-- [ RunTime:0.000421s ]
SQL: SHOW COLUMNS FROM `bl_user_group` [ RunTime:0.0006s ]
SQL: SHOW COLUMNS FROM `bl_user_group` [ RunTime:0.0004s ]
SQL: SELECT * FROM `bl_user_group`  [ RunTime:0.0001s ]

[ 2015-08-21T00:56:09+08:00 ] 111.76.55.132 /index.php/Usergroup/groupList
INFO: [ app_init ] --START--
INFO: Run Behavior\BuildLiteBehavior [ RunTime:0.000013s ]
INFO: [ app_init ] --END-- [ RunTime:0.000245s ]
INFO: [ app_begin ] --START--
INFO: Run Behavior\ReadHtmlCacheBehavior [ RunTime:0.000385s ]
INFO: [ app_begin ] --END-- [ RunTime:0.000427s ]
SQL: SHOW COLUMNS FROM `bl_user_group` [ RunTime:0.0008s ]
SQL: SHOW COLUMNS FROM `bl_user_group` [ RunTime:0.0004s ]
SQL: SELECT * FROM `bl_user_group`  [ RunTime:0.0001s ]

[ 2015-08-21T00:56:29+08:00 ] 111.76.55.132 /index.php/Usergroup/groupList
INFO: [ app_init ] --START--
INFO: Run Behavior\BuildLiteBehavior [ RunTime:0.000013s ]
INFO: [ app_init ] --END-- [ RunTime:0.000254s ]
INFO: [ app_begin ] --START--
INFO: Run Behavior\ReadHtmlCacheBehavior [ RunTime:0.000350s ]
INFO: [ app_begin ] --END-- [ RunTime:0.000390s ]
SQL: SHOW COLUMNS FROM `bl_user_group` [ RunTime:0.0006s ]
SQL: SHOW COLUMNS FROM `bl_user_group` [ RunTime:0.0004s ]
SQL: SELECT * FROM `bl_user_group`  [ RunTime:0.0001s ]
SQL: SHOW COLUMNS FROM `bl_user` [ RunTime:0.0004s ]

[ 2015-08-21T00:56:47+08:00 ] 111.76.55.132 /index.php/Usergroup/groupList
INFO: [ app_init ] --START--
INFO: Run Behavior\BuildLiteBehavior [ RunTime:0.000013s ]
INFO: [ app_init ] --END-- [ RunTime:0.000294s ]
INFO: [ app_begin ] --START--
INFO: Run Behavior\ReadHtmlCacheBehavior [ RunTime:0.000302s ]
INFO: [ app_begin ] --END-- [ RunTime:0.000352s ]
SQL: SHOW COLUMNS FROM `bl_user_group` [ RunTime:0.0006s ]
SQL: SHOW COLUMNS FROM `bl_user_group` [ RunTime:0.0004s ]
SQL: SELECT * FROM `bl_user_group`  [ RunTime:0.0001s ]
SQL: SHOW COLUMNS FROM `bl_user` [ RunTime:0.0004s ]

[ 2015-08-21T00:56:48+08:00 ] 111.76.55.132 /index.php/Usergroup/groupList
INFO: [ app_init ] --START--
INFO: Run Behavior\BuildLiteBehavior [ RunTime:0.000016s ]
INFO: [ app_init ] --END-- [ RunTime:0.000284s ]
INFO: [ app_begin ] --START--
INFO: Run Behavior\ReadHtmlCacheBehavior [ RunTime:0.000301s ]
INFO: [ app_begin ] --END-- [ RunTime:0.000341s ]
SQL: SHOW COLUMNS FROM `bl_user_group` [ RunTime:0.0006s ]
SQL: SHOW COLUMNS FROM `bl_user_group` [ RunTime:0.0004s ]
SQL: SELECT * FROM `bl_user_group`  [ RunTime:0.0001s ]
SQL: SHOW COLUMNS FROM `bl_user` [ RunTime:0.0005s ]

[ 2015-08-21T00:58:02+08:00 ] 111.76.55.132 /index.php/Usergroup/groupList
INFO: [ app_init ] --START--
INFO: Run Behavior\BuildLiteBehavior [ RunTime:0.000013s ]
INFO: [ app_init ] --END-- [ RunTime:0.000250s ]
INFO: [ app_begin ] --START--
INFO: Run Behavior\ReadHtmlCacheBehavior [ RunTime:0.000305s ]
INFO: [ app_begin ] --END-- [ RunTime:0.000346s ]
SQL: SHOW COLUMNS FROM `bl_user_group` [ RunTime:0.0007s ]
SQL: SHOW COLUMNS FROM `bl_user_group` [ RunTime:0.0004s ]
SQL: SELECT * FROM `bl_user_group`  [ RunTime:0.0002s ]
SQL: SHOW COLUMNS FROM `bl_user` [ RunTime:0.0005s ]

[ 2015-08-21T00:59:37+08:00 ] 111.76.55.132 /index.php/Usergroup/groupList
INFO: [ app_init ] --START--
INFO: Run Behavior\BuildLiteBehavior [ RunTime:0.000055s ]
INFO: [ app_init ] --END-- [ RunTime:0.000333s ]
INFO: [ app_begin ] --START--
INFO: Run Behavior\ReadHtmlCacheBehavior [ RunTime:0.000358s ]
INFO: [ app_begin ] --END-- [ RunTime:0.000398s ]
SQL: SHOW COLUMNS FROM `bl_user_group` [ RunTime:0.0006s ]
SQL: SHOW COLUMNS FROM `bl_user_group` [ RunTime:0.0004s ]
SQL: SELECT * FROM `bl_user_group`  [ RunTime:0.0001s ]
SQL: SHOW COLUMNS FROM `bl_user` [ RunTime:0.0005s ]

[ 2015-08-21T00:59:47+08:00 ] 111.76.55.132 /index.php/Usergroup/groupList
INFO: [ app_init ] --START--
INFO: Run Behavior\BuildLiteBehavior [ RunTime:0.000013s ]
INFO: [ app_init ] --END-- [ RunTime:0.000245s ]
INFO: [ app_begin ] --START--
INFO: Run Behavior\ReadHtmlCacheBehavior [ RunTime:0.000345s ]
INFO: [ app_begin ] --END-- [ RunTime:0.000386s ]
SQL: SHOW COLUMNS FROM `bl_user_group` [ RunTime:0.0006s ]
SQL: SHOW COLUMNS FROM `bl_user_group` [ RunTime:0.0004s ]
SQL: SELECT * FROM `bl_user_group`  [ RunTime:0.0001s ]
SQL: SHOW COLUMNS FROM `bl_user` [ RunTime:0.0004s ]

[ 2015-08-21T01:00:05+08:00 ] 111.76.55.132 /index.php/Usergroup/groupList
INFO: [ app_init ] --START--
INFO: Run Behavior\BuildLiteBehavior [ RunTime:0.000014s ]
INFO: [ app_init ] --END-- [ RunTime:0.000252s ]
INFO: [ app_begin ] --START--
INFO: Run Behavior\ReadHtmlCacheBehavior [ RunTime:0.000358s ]
INFO: [ app_begin ] --END-- [ RunTime:0.000408s ]
SQL: SHOW COLUMNS FROM `bl_user_group` [ RunTime:0.0006s ]
SQL: SHOW COLUMNS FROM `bl_user_group` [ RunTime:0.0004s ]
SQL: SELECT * FROM `bl_user_group`  [ RunTime:0.0001s ]
SQL: SHOW COLUMNS FROM `bl_user` [ RunTime:0.0005s ]

[ 2015-08-21T01:00:52+08:00 ] 111.76.55.132 /index.php/Usergroup/groupList
INFO: [ app_init ] --START--
INFO: Run Behavior\BuildLiteBehavior [ RunTime:0.000013s ]
INFO: [ app_init ] --END-- [ RunTime:0.000292s ]
INFO: [ app_begin ] --START--
INFO: Run Behavior\ReadHtmlCacheBehavior [ RunTime:0.000307s ]
INFO: [ app_begin ] --END-- [ RunTime:0.000347s ]
SQL: SHOW COLUMNS FROM `bl_user_group` [ RunTime:0.0006s ]
SQL: SHOW COLUMNS FROM `bl_user_group` [ RunTime:0.0004s ]
SQL: SELECT * FROM `bl_user_group` LIMIT 1   [ RunTime:0.0002s ]
SQL: SHOW COLUMNS FROM `bl_user` [ RunTime:0.0004s ]

[ 2015-08-21T01:02:15+08:00 ] 111.76.55.132 /index.php/Category/categoryList?&callback=angular.callbacks._0
INFO: [ app_init ] --START--
INFO: Run Behavior\BuildLiteBehavior [ RunTime:0.000015s ]
INFO: [ app_init ] --END-- [ RunTime:0.000249s ]
INFO: [ app_begin ] --START--
INFO: Run Behavior\ReadHtmlCacheBehavior [ RunTime:0.000380s ]
INFO: [ app_begin ] --END-- [ RunTime:0.000422s ]
SQL: SHOW COLUMNS FROM `bl_category` [ RunTime:0.0006s ]
SQL: SELECT * FROM `bl_category`  [ RunTime:0.0002s ]
SQL: SHOW COLUMNS FROM `bl_sign` [ RunTime:0.0003s ]
SQL: SELECT * FROM `bl_sign` WHERE ( 1=1 AND category='1' )  [ RunTime:0.0002s ]
SQL: SELECT * FROM `bl_sign` WHERE ( 1=1 AND category='2' )  [ RunTime:0.0002s ]
SQL: SELECT * FROM `bl_sign` WHERE ( 1=1 AND category='3' )  [ RunTime:0.0001s ]
SQL: SELECT * FROM `bl_sign` WHERE ( 1=1 AND category='4' )  [ RunTime:0.0001s ]

[ 2015-08-21T01:02:18+08:00 ] 111.76.55.132 /index.php/User/getUsers?callback=angular.callbacks._1
INFO: [ app_init ] --START--
INFO: Run Behavior\BuildLiteBehavior [ RunTime:0.000052s ]
INFO: [ app_init ] --END-- [ RunTime:0.000314s ]
INFO: [ app_begin ] --START--
INFO: Run Behavior\ReadHtmlCacheBehavior [ RunTime:0.000308s ]
INFO: [ app_begin ] --END-- [ RunTime:0.000349s ]
SQL: SHOW COLUMNS FROM `bl_user` [ RunTime:0.0007s ]
SQL: SELECT * FROM `bl_user` WHERE ( role = 0 ) ORDER BY registertime desc  [ RunTime:0.0002s ]

[ 2015-08-21T01:02:20+08:00 ] 111.76.55.132 /index.php/User/getAdmins?callback=angular.callbacks._2
INFO: [ app_init ] --START--
INFO: Run Behavior\BuildLiteBehavior [ RunTime:0.000014s ]
INFO: [ app_init ] --END-- [ RunTime:0.000247s ]
INFO: [ app_begin ] --START--
INFO: Run Behavior\ReadHtmlCacheBehavior [ RunTime:0.000315s ]
INFO: [ app_begin ] --END-- [ RunTime:0.000357s ]
SQL: SHOW COLUMNS FROM `bl_user` [ RunTime:0.0007s ]
SQL: SELECT * FROM `bl_user` WHERE ( role = 1 ) ORDER BY registertime desc  [ RunTime:0.0002s ]

[ 2015-08-21T01:02:24+08:00 ] 111.76.55.132 /index.php/Usergroup/groupList?callback=angular.callbacks._3
INFO: [ app_init ] --START--
INFO: Run Behavior\BuildLiteBehavior [ RunTime:0.000018s ]
INFO: [ app_init ] --END-- [ RunTime:0.000255s ]
INFO: [ app_begin ] --START--
INFO: Run Behavior\ReadHtmlCacheBehavior [ RunTime:0.000306s ]
INFO: [ app_begin ] --END-- [ RunTime:0.000346s ]
SQL: SHOW COLUMNS FROM `bl_user_group` [ RunTime:0.0006s ]
SQL: SHOW COLUMNS FROM `bl_user_group` [ RunTime:0.0004s ]
SQL: SELECT * FROM `bl_user_group` LIMIT 1   [ RunTime:0.0001s ]
SQL: SHOW COLUMNS FROM `bl_user` [ RunTime:0.0005s ]

[ 2015-08-21T01:02:39+08:00 ] 111.76.55.132 /index.php/Permission/permissionList?callback=angular.callbacks._4
INFO: [ app_init ] --START--
INFO: Run Behavior\BuildLiteBehavior [ RunTime:0.000014s ]
INFO: [ app_init ] --END-- [ RunTime:0.000287s ]
INFO: [ app_begin ] --START--
INFO: Run Behavior\ReadHtmlCacheBehavior [ RunTime:0.000309s ]
INFO: [ app_begin ] --END-- [ RunTime:0.000349s ]
SQL: SHOW COLUMNS FROM `bl_permission` [ RunTime:0.0006s ]
SQL: SELECT * FROM `bl_permission`  [ RunTime:0.0001s ]

[ 2015-08-21T01:02:46+08:00 ] 111.76.55.132 /index.php/Category/categoryList?&callback=angular.callbacks._5
INFO: [ app_init ] --START--
INFO: Run Behavior\BuildLiteBehavior [ RunTime:0.000017s ]
INFO: [ app_init ] --END-- [ RunTime:0.000262s ]
INFO: [ app_begin ] --START--
INFO: Run Behavior\ReadHtmlCacheBehavior [ RunTime:0.000350s ]
INFO: [ app_begin ] --END-- [ RunTime:0.000392s ]
SQL: SHOW COLUMNS FROM `bl_category` [ RunTime:0.0006s ]
SQL: SELECT * FROM `bl_category`  [ RunTime:0.0002s ]
SQL: SHOW COLUMNS FROM `bl_sign` [ RunTime:0.0003s ]
SQL: SELECT * FROM `bl_sign` WHERE ( 1=1 AND category='1' )  [ RunTime:0.0002s ]
SQL: SELECT * FROM `bl_sign` WHERE ( 1=1 AND category='2' )  [ RunTime:0.0001s ]
SQL: SELECT * FROM `bl_sign` WHERE ( 1=1 AND category='3' )  [ RunTime:0.0001s ]
SQL: SELECT * FROM `bl_sign` WHERE ( 1=1 AND category='4' )  [ RunTime:0.0002s ]

[ 2015-08-21T01:09:26+08:00 ] 111.76.55.132 /index.php/Usergroup/groupList
INFO: [ app_init ] --START--
INFO: Run Behavior\BuildLiteBehavior [ RunTime:0.000014s ]
INFO: [ app_init ] --END-- [ RunTime:0.000251s ]
INFO: [ app_begin ] --START--
INFO: Run Behavior\ReadHtmlCacheBehavior [ RunTime:0.000360s ]
INFO: [ app_begin ] --END-- [ RunTime:0.000439s ]
SQL: SHOW COLUMNS FROM `bl_user_group` [ RunTime:0.0006s ]

[ 2015-08-21T01:11:40+08:00 ] 111.76.55.132 /index.php/Usergroup/groupList
INFO: [ app_init ] --START--
INFO: Run Behavior\BuildLiteBehavior [ RunTime:0.000013s ]
INFO: [ app_init ] --END-- [ RunTime:0.000402s ]
INFO: [ app_begin ] --START--
INFO: Run Behavior\ReadHtmlCacheBehavior [ RunTime:0.000305s ]
INFO: [ app_begin ] --END-- [ RunTime:0.000346s ]
SQL: SHOW COLUMNS FROM `bl_user_group` [ RunTime:0.0006s ]

[ 2015-08-21T01:11:41+08:00 ] 111.76.55.132 /index.php/Usergroup/groupList
INFO: [ app_init ] --START--
INFO: Run Behavior\BuildLiteBehavior [ RunTime:0.000013s ]
INFO: [ app_init ] --END-- [ RunTime:0.000243s ]
INFO: [ app_begin ] --START--
INFO: Run Behavior\ReadHtmlCacheBehavior [ RunTime:0.000355s ]
INFO: [ app_begin ] --END-- [ RunTime:0.000396s ]
SQL: SHOW COLUMNS FROM `bl_user_group` [ RunTime:0.0006s ]

[ 2015-08-21T01:11:42+08:00 ] 111.76.55.132 /index.php/Usergroup/groupList
INFO: [ app_init ] --START--
INFO: Run Behavior\BuildLiteBehavior [ RunTime:0.000017s ]
INFO: [ app_init ] --END-- [ RunTime:0.000374s ]
INFO: [ app_begin ] --START--
INFO: Run Behavior\ReadHtmlCacheBehavior [ RunTime:0.000374s ]
INFO: [ app_begin ] --END-- [ RunTime:0.000422s ]
SQL: SHOW COLUMNS FROM `bl_user_group` [ RunTime:0.0007s ]

[ 2015-08-21T01:11:42+08:00 ] 111.76.55.132 /index.php/Usergroup/groupList
INFO: [ app_init ] --START--
INFO: Run Behavior\BuildLiteBehavior [ RunTime:0.000015s ]
INFO: [ app_init ] --END-- [ RunTime:0.000304s ]
INFO: [ app_begin ] --START--
INFO: Run Behavior\ReadHtmlCacheBehavior [ RunTime:0.000326s ]
INFO: [ app_begin ] --END-- [ RunTime:0.000374s ]
SQL: SHOW COLUMNS FROM `bl_user_group` [ RunTime:0.0006s ]

[ 2015-08-21T01:11:42+08:00 ] 111.76.55.132 /index.php/Usergroup/groupList
INFO: [ app_init ] --START--
INFO: Run Behavior\BuildLiteBehavior [ RunTime:0.000012s ]
INFO: [ app_init ] --END-- [ RunTime:0.000242s ]
INFO: [ app_begin ] --START--
INFO: Run Behavior\ReadHtmlCacheBehavior [ RunTime:0.000348s ]
INFO: [ app_begin ] --END-- [ RunTime:0.000388s ]
SQL: SHOW COLUMNS FROM `bl_user_group` [ RunTime:0.0006s ]

[ 2015-08-21T01:11:42+08:00 ] 111.76.55.132 /index.php/Usergroup/groupList
INFO: [ app_init ] --START--
INFO: Run Behavior\BuildLiteBehavior [ RunTime:0.000013s ]
INFO: [ app_init ] --END-- [ RunTime:0.000240s ]
INFO: [ app_begin ] --START--
INFO: Run Behavior\ReadHtmlCacheBehavior [ RunTime:0.000299s ]
INFO: [ app_begin ] --END-- [ RunTime:0.000339s ]
SQL: SHOW COLUMNS FROM `bl_user_group` [ RunTime:0.0006s ]

[ 2015-08-21T01:11:42+08:00 ] 111.76.55.132 /index.php/Usergroup/groupList
INFO: [ app_init ] --START--
INFO: Run Behavior\BuildLiteBehavior [ RunTime:0.000012s ]
INFO: [ app_init ] --END-- [ RunTime:0.000244s ]
INFO: [ app_begin ] --START--
INFO: Run Behavior\ReadHtmlCacheBehavior [ RunTime:0.000302s ]
INFO: [ app_begin ] --END-- [ RunTime:0.000344s ]
SQL: SHOW COLUMNS FROM `bl_user_group` [ RunTime:0.0006s ]

[ 2015-08-21T01:11:42+08:00 ] 111.76.55.132 /index.php/Usergroup/groupList
INFO: [ app_init ] --START--
INFO: Run Behavior\BuildLiteBehavior [ RunTime:0.000014s ]
INFO: [ app_init ] --END-- [ RunTime:0.000270s ]
INFO: [ app_begin ] --START--
INFO: Run Behavior\ReadHtmlCacheBehavior [ RunTime:0.000302s ]
INFO: [ app_begin ] --END-- [ RunTime:0.000343s ]
SQL: SHOW COLUMNS FROM `bl_user_group` [ RunTime:0.0006s ]

[ 2015-08-21T01:11:43+08:00 ] 111.76.55.132 /index.php/Usergroup/groupList
INFO: [ app_init ] --START--
INFO: Run Behavior\BuildLiteBehavior [ RunTime:0.000014s ]
INFO: [ app_init ] --END-- [ RunTime:0.000243s ]
INFO: [ app_begin ] --START--
INFO: Run Behavior\ReadHtmlCacheBehavior [ RunTime:0.000343s ]
INFO: [ app_begin ] --END-- [ RunTime:0.000385s ]
SQL: SHOW COLUMNS FROM `bl_user_group` [ RunTime:0.0006s ]

[ 2015-08-21T01:11:43+08:00 ] 111.76.55.132 /index.php/Usergroup/groupList
INFO: [ app_init ] --START--
INFO: Run Behavior\BuildLiteBehavior [ RunTime:0.000013s ]
INFO: [ app_init ] --END-- [ RunTime:0.000255s ]
INFO: [ app_begin ] --START--
INFO: Run Behavior\ReadHtmlCacheBehavior [ RunTime:0.000305s ]
INFO: [ app_begin ] --END-- [ RunTime:0.000356s ]
SQL: SHOW COLUMNS FROM `bl_user_group` [ RunTime:0.0006s ]

[ 2015-08-21T01:11:43+08:00 ] 111.76.55.132 /index.php/Usergroup/groupList
INFO: [ app_init ] --START--
INFO: Run Behavior\BuildLiteBehavior [ RunTime:0.000014s ]
INFO: [ app_init ] --END-- [ RunTime:0.000313s ]
INFO: [ app_begin ] --START--
INFO: Run Behavior\ReadHtmlCacheBehavior [ RunTime:0.000307s ]
INFO: [ app_begin ] --END-- [ RunTime:0.000347s ]
SQL: SHOW COLUMNS FROM `bl_user_group` [ RunTime:0.0006s ]

[ 2015-08-21T01:11:43+08:00 ] 111.76.55.132 /index.php/Usergroup/groupList
INFO: [ app_init ] --START--
INFO: Run Behavior\BuildLiteBehavior [ RunTime:0.000013s ]
INFO: [ app_init ] --END-- [ RunTime:0.000262s ]
INFO: [ app_begin ] --START--
INFO: Run Behavior\ReadHtmlCacheBehavior [ RunTime:0.000307s ]
INFO: [ app_begin ] --END-- [ RunTime:0.000351s ]
SQL: SHOW COLUMNS FROM `bl_user_group` [ RunTime:0.0006s ]

[ 2015-08-21T01:11:43+08:00 ] 111.76.55.132 /index.php/Usergroup/groupList
INFO: [ app_init ] --START--
INFO: Run Behavior\BuildLiteBehavior [ RunTime:0.000054s ]
INFO: [ app_init ] --END-- [ RunTime:0.000308s ]
INFO: [ app_begin ] --START--
INFO: Run Behavior\ReadHtmlCacheBehavior [ RunTime:0.000299s ]
INFO: [ app_begin ] --END-- [ RunTime:0.000338s ]
SQL: SHOW COLUMNS FROM `bl_user_group` [ RunTime:0.0006s ]

[ 2015-08-21T01:12:00+08:00 ] 111.76.55.132 /index.php/Usergroup/groupList
INFO: [ app_init ] --START--
INFO: Run Behavior\BuildLiteBehavior [ RunTime:0.000013s ]
INFO: [ app_init ] --END-- [ RunTime:0.000291s ]
INFO: [ app_begin ] --START--
INFO: Run Behavior\ReadHtmlCacheBehavior [ RunTime:0.000297s ]
INFO: [ app_begin ] --END-- [ RunTime:0.000339s ]
SQL: SHOW COLUMNS FROM `bl_user_group` [ RunTime:0.0008s ]

[ 2015-08-21T01:12:00+08:00 ] 111.76.55.132 /index.php/Usergroup/groupList
INFO: [ app_init ] --START--
INFO: Run Behavior\BuildLiteBehavior [ RunTime:0.000013s ]
INFO: [ app_init ] --END-- [ RunTime:0.000245s ]
INFO: [ app_begin ] --START--
INFO: Run Behavior\ReadHtmlCacheBehavior [ RunTime:0.000320s ]
INFO: [ app_begin ] --END-- [ RunTime:0.000362s ]
SQL: SHOW COLUMNS FROM `bl_user_group` [ RunTime:0.0007s ]

[ 2015-08-21T01:12:45+08:00 ] 111.76.55.132 /index.php/Usergroup/groupList
INFO: [ app_init ] --START--
INFO: Run Behavior\BuildLiteBehavior [ RunTime:0.000013s ]
INFO: [ app_init ] --END-- [ RunTime:0.000246s ]
INFO: [ app_begin ] --START--
INFO: Run Behavior\ReadHtmlCacheBehavior [ RunTime:0.000306s ]
INFO: [ app_begin ] --END-- [ RunTime:0.000346s ]
SQL: SHOW COLUMNS FROM `bl_user_group` [ RunTime:0.0007s ]
SQL: SELECT * FROM `bl_user_group` LIMIT 1   [ RunTime:0.0002s ]
SQL: SHOW COLUMNS FROM `bl_user` [ RunTime:0.0007s ]

[ 2015-08-21T01:13:50+08:00 ] 111.76.55.132 /index.php/Usergroup/groupList
INFO: [ app_init ] --START--
INFO: Run Behavior\BuildLiteBehavior [ RunTime:0.000013s ]
INFO: [ app_init ] --END-- [ RunTime:0.000249s ]
INFO: [ app_begin ] --START--
INFO: Run Behavior\ReadHtmlCacheBehavior [ RunTime:0.000308s ]
INFO: [ app_begin ] --END-- [ RunTime:0.000350s ]
SQL: SHOW COLUMNS FROM `bl_user_group` [ RunTime:0.0006s ]
SQL: SELECT * FROM `bl_user_group` LIMIT 1   [ RunTime:0.0001s ]
SQL: SHOW COLUMNS FROM `bl_user` [ RunTime:0.0004s ]

[ 2015-08-21T01:13:51+08:00 ] 111.76.55.132 /index.php/Usergroup/groupList
INFO: [ app_init ] --START--
INFO: Run Behavior\BuildLiteBehavior [ RunTime:0.000013s ]
INFO: [ app_init ] --END-- [ RunTime:0.000244s ]
INFO: [ app_begin ] --START--
INFO: Run Behavior\ReadHtmlCacheBehavior [ RunTime:0.000353s ]
INFO: [ app_begin ] --END-- [ RunTime:0.000401s ]
SQL: SHOW COLUMNS FROM `bl_user_group` [ RunTime:0.0007s ]
SQL: SELECT * FROM `bl_user_group` LIMIT 1   [ RunTime:0.0001s ]
SQL: SHOW COLUMNS FROM `bl_user` [ RunTime:0.0006s ]

[ 2015-08-21T01:13:51+08:00 ] 111.76.55.132 /index.php/Usergroup/groupList
INFO: [ app_init ] --START--
INFO: Run Behavior\BuildLiteBehavior [ RunTime:0.000065s ]
INFO: [ app_init ] --END-- [ RunTime:0.000309s ]
INFO: [ app_begin ] --START--
INFO: Run Behavior\ReadHtmlCacheBehavior [ RunTime:0.000303s ]
INFO: [ app_begin ] --END-- [ RunTime:0.000342s ]
SQL: SHOW COLUMNS FROM `bl_user_group` [ RunTime:0.0006s ]
SQL: SELECT * FROM `bl_user_group` LIMIT 1   [ RunTime:0.0002s ]
SQL: SHOW COLUMNS FROM `bl_user` [ RunTime:0.0005s ]

[ 2015-08-21T01:13:51+08:00 ] 111.76.55.132 /index.php/Usergroup/groupList
INFO: [ app_init ] --START--
INFO: Run Behavior\BuildLiteBehavior [ RunTime:0.000013s ]
INFO: [ app_init ] --END-- [ RunTime:0.000308s ]
INFO: [ app_begin ] --START--
INFO: Run Behavior\ReadHtmlCacheBehavior [ RunTime:0.000318s ]
INFO: [ app_begin ] --END-- [ RunTime:0.000359s ]
SQL: SHOW COLUMNS FROM `bl_user_group` [ RunTime:0.0006s ]
SQL: SELECT * FROM `bl_user_group` LIMIT 1   [ RunTime:0.0002s ]
SQL: SHOW COLUMNS FROM `bl_user` [ RunTime:0.0005s ]

[ 2015-08-21T01:13:52+08:00 ] 111.76.55.132 /index.php/Usergroup/groupList
INFO: [ app_init ] --START--
INFO: Run Behavior\BuildLiteBehavior [ RunTime:0.000014s ]
INFO: [ app_init ] --END-- [ RunTime:0.000288s ]
INFO: [ app_begin ] --START--
INFO: Run Behavior\ReadHtmlCacheBehavior [ RunTime:0.000308s ]
INFO: [ app_begin ] --END-- [ RunTime:0.000348s ]
SQL: SHOW COLUMNS FROM `bl_user_group` [ RunTime:0.0006s ]
SQL: SELECT * FROM `bl_user_group` LIMIT 1   [ RunTime:0.0002s ]
SQL: SHOW COLUMNS FROM `bl_user` [ RunTime:0.0004s ]

[ 2015-08-21T01:13:52+08:00 ] 111.76.55.132 /index.php/Usergroup/groupList
INFO: [ app_init ] --START--
INFO: Run Behavior\BuildLiteBehavior [ RunTime:0.000013s ]
INFO: [ app_init ] --END-- [ RunTime:0.000246s ]
INFO: [ app_begin ] --START--
INFO: Run Behavior\ReadHtmlCacheBehavior [ RunTime:0.000309s ]
INFO: [ app_begin ] --END-- [ RunTime:0.000348s ]
SQL: SHOW COLUMNS FROM `bl_user_group` [ RunTime:0.0006s ]
SQL: SELECT * FROM `bl_user_group` LIMIT 1   [ RunTime:0.0002s ]
SQL: SHOW COLUMNS FROM `bl_user` [ RunTime:0.0005s ]

[ 2015-08-21T01:13:52+08:00 ] 111.76.55.132 /index.php/Usergroup/groupList
INFO: [ app_init ] --START--
INFO: Run Behavior\BuildLiteBehavior [ RunTime:0.000013s ]
INFO: [ app_init ] --END-- [ RunTime:0.000284s ]
INFO: [ app_begin ] --START--
INFO: Run Behavior\ReadHtmlCacheBehavior [ RunTime:0.000338s ]
INFO: [ app_begin ] --END-- [ RunTime:0.000379s ]
SQL: SHOW COLUMNS FROM `bl_user_group` [ RunTime:0.0006s ]
SQL: SELECT * FROM `bl_user_group` LIMIT 1   [ RunTime:0.0002s ]
SQL: SHOW COLUMNS FROM `bl_user` [ RunTime:0.0005s ]

[ 2015-08-21T01:13:52+08:00 ] 111.76.55.132 /index.php/Usergroup/groupList
INFO: [ app_init ] --START--
INFO: Run Behavior\BuildLiteBehavior [ RunTime:0.000013s ]
INFO: [ app_init ] --END-- [ RunTime:0.000290s ]
INFO: [ app_begin ] --START--
INFO: Run Behavior\ReadHtmlCacheBehavior [ RunTime:0.000301s ]
INFO: [ app_begin ] --END-- [ RunTime:0.000340s ]
SQL: SHOW COLUMNS FROM `bl_user_group` [ RunTime:0.0006s ]
SQL: SELECT * FROM `bl_user_group` LIMIT 1   [ RunTime:0.0002s ]
SQL: SHOW COLUMNS FROM `bl_user` [ RunTime:0.0005s ]

[ 2015-08-21T01:15:10+08:00 ] 111.76.55.132 /index.php/Usergroup/groupList
INFO: [ app_init ] --START--
INFO: Run Behavior\BuildLiteBehavior [ RunTime:0.000013s ]
INFO: [ app_init ] --END-- [ RunTime:0.000249s ]
INFO: [ app_begin ] --START--
INFO: Run Behavior\ReadHtmlCacheBehavior [ RunTime:0.000360s ]
INFO: [ app_begin ] --END-- [ RunTime:0.000402s ]
SQL: SHOW COLUMNS FROM `bl_user_group` [ RunTime:0.0006s ]
SQL: SELECT * FROM `bl_user_group` LIMIT 1   [ RunTime:0.0001s ]
SQL: SHOW COLUMNS FROM `bl_user` [ RunTime:0.0004s ]
SQL: SELECT * FROM `bl_user` WHERE ( 1=1 AND uid='2' ) LIMIT 1   [ RunTime:0.0002s ]
SQL: SHOW COLUMNS FROM `bl_permission` [ RunTime:0.0003s ]
NOTIC: [8] Undefined index: mapping_order /var/www/betterapi/ThinkPHP/Library/Think/Model/RelationModel.class.php 第 186 行.
NOTIC: [8] Undefined index: mapping_limit /var/www/betterapi/ThinkPHP/Library/Think/Model/RelationModel.class.php 第 187 行.
ERR: SQLSTATE[42000]: Syntax error or access violation: 1064 You have an error in your SQL syntax; check the manual that corresponds to your MariaDB server version for the right syntax to use near 'AS b WHERE a.pid = b.id AND a. gid='1'' at line 1
NOTIC: [2] Cannot modify header information - headers already sent by (output started at /var/www/betterapi/ThinkPHP/Common/functions.php:850) /var/www/betterapi/ThinkPHP/Library/Think/Think.class.php 第 229 行.
NOTIC: [2] Cannot modify header information - headers already sent by (output started at /var/www/betterapi/ThinkPHP/Common/functions.php:850) /var/www/betterapi/ThinkPHP/Library/Think/Think.class.php 第 230 行.

[ 2015-08-21T01:19:40+08:00 ] 111.76.55.132 /index.php/Usergroup/groupList
INFO: [ app_init ] --START--
INFO: Run Behavior\BuildLiteBehavior [ RunTime:0.000017s ]
INFO: [ app_init ] --END-- [ RunTime:0.000283s ]
INFO: [ app_begin ] --START--
INFO: Run Behavior\ReadHtmlCacheBehavior [ RunTime:0.000378s ]
INFO: [ app_begin ] --END-- [ RunTime:0.000421s ]
SQL: SHOW COLUMNS FROM `bl_user_group` [ RunTime:0.0006s ]
SQL: SELECT * FROM `bl_user_group` LIMIT 1   [ RunTime:0.0002s ]
SQL: SHOW COLUMNS FROM `bl_user` [ RunTime:0.0005s ]
SQL: SELECT * FROM `bl_user` WHERE ( 1=1 AND uid='2' ) LIMIT 1   [ RunTime:0.0002s ]
SQL: SHOW COLUMNS FROM `bl_permission` [ RunTime:0.0003s ]
NOTIC: [8] Undefined index: mapping_order /var/www/betterapi/ThinkPHP/Library/Think/Model/RelationModel.class.php 第 186 行.
NOTIC: [8] Undefined index: mapping_limit /var/www/betterapi/ThinkPHP/Library/Think/Model/RelationModel.class.php 第 187 行.
SQL: SELECT b.* FROM bl_group_permission AS a, bl_permission AS b WHERE a.pid = b.pid AND a. gid='1' [ RunTime:0.0002s ]
NOTIC: [2] Cannot modify header information - headers already sent by (output started at /var/www/betterapi/ThinkPHP/Common/functions.php:850) /var/www/betterapi/ThinkPHP/Library/Think/Controller.class.php 第 223 行.

[ 2015-08-21T01:21:08+08:00 ] 111.76.55.132 /index.php/Usergroup/groupList
INFO: [ app_init ] --START--
INFO: Run Behavior\BuildLiteBehavior [ RunTime:0.000014s ]
INFO: [ app_init ] --END-- [ RunTime:0.000293s ]
INFO: [ app_begin ] --START--
INFO: Run Behavior\ReadHtmlCacheBehavior [ RunTime:0.000307s ]
INFO: [ app_begin ] --END-- [ RunTime:0.000349s ]
SQL: SHOW COLUMNS FROM `bl_user_group` [ RunTime:0.0006s ]
SQL: SELECT * FROM `bl_user_group` LIMIT 1   [ RunTime:0.0001s ]
SQL: SHOW COLUMNS FROM `bl_user` [ RunTime:0.0005s ]
SQL: SELECT * FROM `bl_user` WHERE ( 1=1 AND uid='2' ) LIMIT 1   [ RunTime:0.0002s ]
SQL: SHOW COLUMNS FROM `bl_permission` [ RunTime:0.0004s ]
NOTIC: [8] Undefined index: mapping_order /var/www/betterapi/ThinkPHP/Library/Think/Model/RelationModel.class.php 第 186 行.
NOTIC: [8] Undefined index: mapping_limit /var/www/betterapi/ThinkPHP/Library/Think/Model/RelationModel.class.php 第 187 行.
SQL: SELECT b.* FROM bl_group_permission AS a, bl_permission AS b WHERE a.pid = b.pid AND a. gid='1' [ RunTime:0.0002s ]

[ 2015-08-21T01:21:15+08:00 ] 111.76.55.132 /index.php/Usergroup/groupList?callback=angular.callbacks._0
INFO: [ app_init ] --START--
INFO: Run Behavior\BuildLiteBehavior [ RunTime:0.000013s ]
INFO: [ app_init ] --END-- [ RunTime:0.000247s ]
INFO: [ app_begin ] --START--
INFO: Run Behavior\ReadHtmlCacheBehavior [ RunTime:0.000302s ]
INFO: [ app_begin ] --END-- [ RunTime:0.000344s ]
SQL: SHOW COLUMNS FROM `bl_user_group` [ RunTime:0.0007s ]
SQL: SELECT * FROM `bl_user_group` LIMIT 1   [ RunTime:0.0003s ]
SQL: SHOW COLUMNS FROM `bl_user` [ RunTime:0.0006s ]
SQL: SELECT * FROM `bl_user` WHERE ( 1=1 AND uid='2' ) LIMIT 1   [ RunTime:0.0002s ]
SQL: SHOW COLUMNS FROM `bl_permission` [ RunTime:0.0004s ]
NOTIC: [8] Undefined index: mapping_order /var/www/betterapi/ThinkPHP/Library/Think/Model/RelationModel.class.php 第 186 行.
NOTIC: [8] Undefined index: mapping_limit /var/www/betterapi/ThinkPHP/Library/Think/Model/RelationModel.class.php 第 187 行.
SQL: SELECT b.* FROM bl_group_permission AS a, bl_permission AS b WHERE a.pid = b.pid AND a. gid='1' [ RunTime:0.0002s ]

[ 2015-08-21T01:21:32+08:00 ] 111.76.55.132 /index.php/Usergroup/groupList?callback=angular.callbacks._0
INFO: [ app_init ] --START--
INFO: Run Behavior\BuildLiteBehavior [ RunTime:0.000015s ]
INFO: [ app_init ] --END-- [ RunTime:0.000300s ]
INFO: [ app_begin ] --START--
INFO: Run Behavior\ReadHtmlCacheBehavior [ RunTime:0.000311s ]
INFO: [ app_begin ] --END-- [ RunTime:0.000351s ]
SQL: SHOW COLUMNS FROM `bl_user_group` [ RunTime:0.0006s ]
SQL: SELECT * FROM `bl_user_group` LIMIT 1   [ RunTime:0.0001s ]
SQL: SHOW COLUMNS FROM `bl_user` [ RunTime:0.0005s ]
SQL: SELECT * FROM `bl_user` WHERE ( 1=1 AND uid='2' ) LIMIT 1   [ RunTime:0.0002s ]
SQL: SHOW COLUMNS FROM `bl_permission` [ RunTime:0.0004s ]
NOTIC: [8] Undefined index: mapping_order /var/www/betterapi/ThinkPHP/Library/Think/Model/RelationModel.class.php 第 186 行.
NOTIC: [8] Undefined index: mapping_limit /var/www/betterapi/ThinkPHP/Library/Think/Model/RelationModel.class.php 第 187 行.
SQL: SELECT b.* FROM bl_group_permission AS a, bl_permission AS b WHERE a.pid = b.pid AND a. gid='1' [ RunTime:0.0002s ]

[ 2015-08-21T01:21:59+08:00 ] 111.76.55.132 /index.php/User/getUsers?callback=angular.callbacks._1
INFO: [ app_init ] --START--
INFO: Run Behavior\BuildLiteBehavior [ RunTime:0.000017s ]
INFO: [ app_init ] --END-- [ RunTime:0.000310s ]
INFO: [ app_begin ] --START--
INFO: Run Behavior\ReadHtmlCacheBehavior [ RunTime:0.000330s ]
INFO: [ app_begin ] --END-- [ RunTime:0.000379s ]
SQL: SHOW COLUMNS FROM `bl_user` [ RunTime:0.0006s ]
SQL: SHOW COLUMNS FROM `bl_user` [ RunTime:0.0004s ]
SQL: SELECT * FROM `bl_user` WHERE ( role = 0 ) ORDER BY registertime desc  [ RunTime:0.0002s ]

[ 2015-08-21T01:22:01+08:00 ] 111.76.55.132 /index.php/User/getAdmins?callback=angular.callbacks._2
INFO: [ app_init ] --START--
INFO: Run Behavior\BuildLiteBehavior [ RunTime:0.000014s ]
INFO: [ app_init ] --END-- [ RunTime:0.000291s ]
INFO: [ app_begin ] --START--
INFO: Run Behavior\ReadHtmlCacheBehavior [ RunTime:0.000304s ]
INFO: [ app_begin ] --END-- [ RunTime:0.000345s ]
SQL: SHOW COLUMNS FROM `bl_user` [ RunTime:0.0007s ]
SQL: SHOW COLUMNS FROM `bl_user` [ RunTime:0.0004s ]
SQL: SELECT * FROM `bl_user` WHERE ( role = 1 ) ORDER BY registertime desc  [ RunTime:0.0003s ]

[ 2015-08-21T01:22:06+08:00 ] 111.76.55.132 /index.php/Usergroup/groupList?callback=angular.callbacks._3
INFO: [ app_init ] --START--
INFO: Run Behavior\BuildLiteBehavior [ RunTime:0.000015s ]
INFO: [ app_init ] --END-- [ RunTime:0.000377s ]
INFO: [ app_begin ] --START--
INFO: Run Behavior\ReadHtmlCacheBehavior [ RunTime:0.000327s ]
INFO: [ app_begin ] --END-- [ RunTime:0.000374s ]
SQL: SHOW COLUMNS FROM `bl_user_group` [ RunTime:0.0006s ]
SQL: SELECT * FROM `bl_user_group` LIMIT 1   [ RunTime:0.0001s ]
SQL: SHOW COLUMNS FROM `bl_user` [ RunTime:0.0004s ]
SQL: SELECT * FROM `bl_user` WHERE ( 1=1 AND uid='2' ) LIMIT 1   [ RunTime:0.0002s ]
SQL: SHOW COLUMNS FROM `bl_permission` [ RunTime:0.0003s ]
NOTIC: [8] Undefined index: mapping_order /var/www/betterapi/ThinkPHP/Library/Think/Model/RelationModel.class.php 第 186 行.
NOTIC: [8] Undefined index: mapping_limit /var/www/betterapi/ThinkPHP/Library/Think/Model/RelationModel.class.php 第 187 行.
SQL: SELECT b.* FROM bl_group_permission AS a, bl_permission AS b WHERE a.pid = b.pid AND a. gid='1' [ RunTime:0.0002s ]

[ 2015-08-21T01:22:32+08:00 ] 111.76.55.132 /index.php/Usergroup/groupList?callback=angular.callbacks._0
INFO: [ app_init ] --START--
INFO: Run Behavior\BuildLiteBehavior [ RunTime:0.000016s ]
INFO: [ app_init ] --END-- [ RunTime:0.000307s ]
INFO: [ app_begin ] --START--
INFO: Run Behavior\ReadHtmlCacheBehavior [ RunTime:0.000383s ]
INFO: [ app_begin ] --END-- [ RunTime:0.000432s ]
SQL: SHOW COLUMNS FROM `bl_user_group` [ RunTime:0.0006s ]
SQL: SELECT * FROM `bl_user_group`  [ RunTime:0.0001s ]
SQL: SHOW COLUMNS FROM `bl_user` [ RunTime:0.0005s ]
SQL: SELECT * FROM `bl_user` WHERE ( 1=1 AND uid='2' ) LIMIT 1   [ RunTime:0.0002s ]
SQL: SHOW COLUMNS FROM `bl_permission` [ RunTime:0.0004s ]
NOTIC: [8] Undefined index: mapping_order /var/www/betterapi/ThinkPHP/Library/Think/Model/RelationModel.class.php 第 186 行.
NOTIC: [8] Undefined index: mapping_limit /var/www/betterapi/ThinkPHP/Library/Think/Model/RelationModel.class.php 第 187 行.
SQL: SELECT b.* FROM bl_group_permission AS a, bl_permission AS b WHERE a.pid = b.pid AND a. gid='1' [ RunTime:0.0002s ]
SQL: SELECT * FROM `bl_user` WHERE ( 1=1 AND uid='2' ) LIMIT 1   [ RunTime:0.0002s ]
NOTIC: [8] Undefined index: mapping_order /var/www/betterapi/ThinkPHP/Library/Think/Model/RelationModel.class.php 第 186 行.
NOTIC: [8] Undefined index: mapping_limit /var/www/betterapi/ThinkPHP/Library/Think/Model/RelationModel.class.php 第 187 行.
SQL: SELECT b.* FROM bl_group_permission AS a, bl_permission AS b WHERE a.pid = b.pid AND a. gid='2' [ RunTime:0.0001s ]
SQL: SELECT * FROM `bl_user` WHERE ( 1=1 AND uid='3' ) LIMIT 1   [ RunTime:0.0001s ]
NOTIC: [8] Undefined index: mapping_order /var/www/betterapi/ThinkPHP/Library/Think/Model/RelationModel.class.php 第 186 行.
NOTIC: [8] Undefined index: mapping_limit /var/www/betterapi/ThinkPHP/Library/Think/Model/RelationModel.class.php 第 187 行.
SQL: SELECT b.* FROM bl_group_permission AS a, bl_permission AS b WHERE a.pid = b.pid AND a. gid='3' [ RunTime:0.0001s ]
SQL: SELECT * FROM `bl_user` WHERE ( 1=1 AND uid='3' ) LIMIT 1   [ RunTime:0.0001s ]
NOTIC: [8] Undefined index: mapping_order /var/www/betterapi/ThinkPHP/Library/Think/Model/RelationModel.class.php 第 186 行.
NOTIC: [8] Undefined index: mapping_limit /var/www/betterapi/ThinkPHP/Library/Think/Model/RelationModel.class.php 第 187 行.
SQL: SELECT b.* FROM bl_group_permission AS a, bl_permission AS b WHERE a.pid = b.pid AND a. gid='4' [ RunTime:0.0001s ]

