[ 2015-09-24T17:30:59+08:00 ] 121.42.0.17 /
INFO: [ app_init ] --START--
INFO: Run Behavior\BuildLiteBehavior [ RunTime:0.000016s ]
INFO: [ app_init ] --END-- [ RunTime:0.000271s ]
INFO: [ app_begin ] --START--
INFO: Run Behavior\ReadHtmlCacheBehavior [ RunTime:0.000352s ]
INFO: [ app_begin ] --END-- [ RunTime:0.000392s ]
ERR: 无法加载控制器:Index

[ 2015-09-24T20:23:49+08:00 ] 222.204.1.5 /home/user/getusers
INFO: [ app_init ] --START--
INFO: Run Behavior\BuildLiteBehavior [ RunTime:0.000017s ]
INFO: [ app_init ] --END-- [ RunTime:0.000348s ]
INFO: [ app_begin ] --START--
INFO: Run Behavior\ReadHtmlCacheBehavior [ RunTime:0.000356s ]
INFO: [ app_begin ] --END-- [ RunTime:0.000398s ]
SQL: SHOW COLUMNS FROM `bl_user` [ RunTime:0.0008s ]
NOTIC: [8] Use of undefined constant getUsers - assumed 'getUsers' /var/www/betterapi/Application/Home/Controller/UserController.class.php 第 12 行.

[ 2015-09-24T20:23:49+08:00 ] 222.204.1.5 /home/user/getusers
INFO: [ app_init ] --START--
INFO: Run Behavior\BuildLiteBehavior [ RunTime:0.000023s ]
INFO: [ app_init ] --END-- [ RunTime:0.000338s ]
INFO: [ app_begin ] --START--
INFO: Run Behavior\ReadHtmlCacheBehavior [ RunTime:0.000384s ]
INFO: [ app_begin ] --END-- [ RunTime:0.000429s ]
SQL: SHOW COLUMNS FROM `bl_user` [ RunTime:0.0008s ]
NOTIC: [8] Use of undefined constant getUsers - assumed 'getUsers' /var/www/betterapi/Application/Home/Controller/UserController.class.php 第 12 行.
SQL: SHOW COLUMNS FROM `bl_user` [ RunTime:0.0005s ]
SQL: SELECT COUNT(*) AS tp_count FROM `bl_user` WHERE ( role = 0 ) LIMIT 1   [ RunTime:0.0002s ]
SQL: SELECT * FROM `bl_user` WHERE ( role = 0 ) ORDER BY registertime desc LIMIT 0,1   [ RunTime:0.0002s ]

[ 2015-09-24T20:23:52+08:00 ] 222.204.1.5 /home/user/getusers
INFO: [ app_init ] --START--
INFO: Run Behavior\BuildLiteBehavior [ RunTime:0.000015s ]
INFO: [ app_init ] --END-- [ RunTime:0.000247s ]
INFO: [ app_begin ] --START--
INFO: Run Behavior\ReadHtmlCacheBehavior [ RunTime:0.000390s ]
INFO: [ app_begin ] --END-- [ RunTime:0.000431s ]
SQL: SHOW COLUMNS FROM `bl_user` [ RunTime:0.0007s ]
NOTIC: [8] Use of undefined constant getUsers - assumed 'getUsers' /var/www/betterapi/Application/Home/Controller/UserController.class.php 第 12 行.

[ 2015-09-24T20:23:52+08:00 ] 222.204.1.5 /home/user/getusers
INFO: [ app_init ] --START--
INFO: Run Behavior\BuildLiteBehavior [ RunTime:0.000013s ]
INFO: [ app_init ] --END-- [ RunTime:0.000271s ]
INFO: [ app_begin ] --START--
INFO: Run Behavior\ReadHtmlCacheBehavior [ RunTime:0.000348s ]
INFO: [ app_begin ] --END-- [ RunTime:0.000390s ]
SQL: SHOW COLUMNS FROM `bl_user` [ RunTime:0.0007s ]
NOTIC: [8] Use of undefined constant getUsers - assumed 'getUsers' /var/www/betterapi/Application/Home/Controller/UserController.class.php 第 12 行.
SQL: SHOW COLUMNS FROM `bl_user` [ RunTime:0.0004s ]
SQL: SELECT COUNT(*) AS tp_count FROM `bl_user` WHERE ( role = 0 ) LIMIT 1   [ RunTime:0.0002s ]
SQL: SELECT * FROM `bl_user` WHERE ( role = 0 ) ORDER BY registertime desc LIMIT 7,1   [ RunTime:0.0002s ]

[ 2015-09-24T20:23:53+08:00 ] 222.204.1.5 /home/user/getusers
INFO: [ app_init ] --START--
INFO: Run Behavior\BuildLiteBehavior [ RunTime:0.000013s ]
INFO: [ app_init ] --END-- [ RunTime:0.000261s ]
INFO: [ app_begin ] --START--
INFO: Run Behavior\ReadHtmlCacheBehavior [ RunTime:0.000344s ]
INFO: [ app_begin ] --END-- [ RunTime:0.000385s ]
SQL: SHOW COLUMNS FROM `bl_user` [ RunTime:0.0007s ]
NOTIC: [8] Use of undefined constant getUsers - assumed 'getUsers' /var/www/betterapi/Application/Home/Controller/UserController.class.php 第 12 行.

[ 2015-09-24T20:23:53+08:00 ] 222.204.1.5 /home/user/getusers
INFO: [ app_init ] --START--
INFO: Run Behavior\BuildLiteBehavior [ RunTime:0.000015s ]
INFO: [ app_init ] --END-- [ RunTime:0.000256s ]
INFO: [ app_begin ] --START--
INFO: Run Behavior\ReadHtmlCacheBehavior [ RunTime:0.000307s ]
INFO: [ app_begin ] --END-- [ RunTime:0.000390s ]
SQL: SHOW COLUMNS FROM `bl_user` [ RunTime:0.0010s ]
NOTIC: [8] Use of undefined constant getUsers - assumed 'getUsers' /var/www/betterapi/Application/Home/Controller/UserController.class.php 第 12 行.
SQL: SHOW COLUMNS FROM `bl_user` [ RunTime:0.0006s ]
SQL: SELECT COUNT(*) AS tp_count FROM `bl_user` WHERE ( role = 0 ) LIMIT 1   [ RunTime:0.0003s ]
SQL: SELECT * FROM `bl_user` WHERE ( role = 0 ) ORDER BY registertime desc LIMIT 6,1   [ RunTime:0.0002s ]

[ 2015-09-24T20:23:54+08:00 ] 222.204.1.5 /home/user/getusers
INFO: [ app_init ] --START--
INFO: Run Behavior\BuildLiteBehavior [ RunTime:0.000015s ]
INFO: [ app_init ] --END-- [ RunTime:0.000261s ]
INFO: [ app_begin ] --START--
INFO: Run Behavior\ReadHtmlCacheBehavior [ RunTime:0.000349s ]
INFO: [ app_begin ] --END-- [ RunTime:0.000391s ]
SQL: SHOW COLUMNS FROM `bl_user` [ RunTime:0.0007s ]
NOTIC: [8] Use of undefined constant getUsers - assumed 'getUsers' /var/www/betterapi/Application/Home/Controller/UserController.class.php 第 12 行.

[ 2015-09-24T20:23:54+08:00 ] 222.204.1.5 /home/user/getusers
INFO: [ app_init ] --START--
INFO: Run Behavior\BuildLiteBehavior [ RunTime:0.000018s ]
INFO: [ app_init ] --END-- [ RunTime:0.000336s ]
INFO: [ app_begin ] --START--
INFO: Run Behavior\ReadHtmlCacheBehavior [ RunTime:0.000382s ]
INFO: [ app_begin ] --END-- [ RunTime:0.000428s ]
SQL: SHOW COLUMNS FROM `bl_user` [ RunTime:0.0007s ]
NOTIC: [8] Use of undefined constant getUsers - assumed 'getUsers' /var/www/betterapi/Application/Home/Controller/UserController.class.php 第 12 行.
SQL: SHOW COLUMNS FROM `bl_user` [ RunTime:0.0005s ]
SQL: SELECT COUNT(*) AS tp_count FROM `bl_user` WHERE ( role = 0 ) LIMIT 1   [ RunTime:0.0002s ]
SQL: SELECT * FROM `bl_user` WHERE ( role = 0 ) ORDER BY registertime desc LIMIT 5,1   [ RunTime:0.0002s ]

[ 2015-09-24T20:23:55+08:00 ] 222.204.1.5 /home/user/getusers
INFO: [ app_init ] --START--
INFO: Run Behavior\BuildLiteBehavior [ RunTime:0.000016s ]
INFO: [ app_init ] --END-- [ RunTime:0.000303s ]
INFO: [ app_begin ] --START--
INFO: Run Behavior\ReadHtmlCacheBehavior [ RunTime:0.000343s ]
INFO: [ app_begin ] --END-- [ RunTime:0.000384s ]
SQL: SHOW COLUMNS FROM `bl_user` [ RunTime:0.0007s ]
NOTIC: [8] Use of undefined constant getUsers - assumed 'getUsers' /var/www/betterapi/Application/Home/Controller/UserController.class.php 第 12 行.

[ 2015-09-24T20:23:55+08:00 ] 222.204.1.5 /home/user/getusers
INFO: [ app_init ] --START--
INFO: Run Behavior\BuildLiteBehavior [ RunTime:0.000018s ]
INFO: [ app_init ] --END-- [ RunTime:0.000320s ]
INFO: [ app_begin ] --START--
INFO: Run Behavior\ReadHtmlCacheBehavior [ RunTime:0.000367s ]
INFO: [ app_begin ] --END-- [ RunTime:0.000409s ]
SQL: SHOW COLUMNS FROM `bl_user` [ RunTime:0.0008s ]
NOTIC: [8] Use of undefined constant getUsers - assumed 'getUsers' /var/www/betterapi/Application/Home/Controller/UserController.class.php 第 12 行.
SQL: SHOW COLUMNS FROM `bl_user` [ RunTime:0.0005s ]
SQL: SELECT COUNT(*) AS tp_count FROM `bl_user` WHERE ( role = 0 ) LIMIT 1   [ RunTime:0.0002s ]
SQL: SELECT * FROM `bl_user` WHERE ( role = 0 ) ORDER BY registertime desc LIMIT 4,1   [ RunTime:0.0002s ]

[ 2015-09-24T20:23:56+08:00 ] 222.204.1.5 /home/user/getusers
INFO: [ app_init ] --START--
INFO: Run Behavior\BuildLiteBehavior [ RunTime:0.000013s ]
INFO: [ app_init ] --END-- [ RunTime:0.000264s ]
INFO: [ app_begin ] --START--
INFO: Run Behavior\ReadHtmlCacheBehavior [ RunTime:0.000339s ]
INFO: [ app_begin ] --END-- [ RunTime:0.000427s ]
SQL: SHOW COLUMNS FROM `bl_user` [ RunTime:0.0008s ]
NOTIC: [8] Use of undefined constant getUsers - assumed 'getUsers' /var/www/betterapi/Application/Home/Controller/UserController.class.php 第 12 行.

[ 2015-09-24T20:23:56+08:00 ] 222.204.1.5 /home/user/getusers
INFO: [ app_init ] --START--
INFO: Run Behavior\BuildLiteBehavior [ RunTime:0.000014s ]
INFO: [ app_init ] --END-- [ RunTime:0.000257s ]
INFO: [ app_begin ] --START--
INFO: Run Behavior\ReadHtmlCacheBehavior [ RunTime:0.000350s ]
INFO: [ app_begin ] --END-- [ RunTime:0.000399s ]
SQL: SHOW COLUMNS FROM `bl_user` [ RunTime:0.0007s ]
NOTIC: [8] Use of undefined constant getUsers - assumed 'getUsers' /var/www/betterapi/Application/Home/Controller/UserController.class.php 第 12 行.
SQL: SHOW COLUMNS FROM `bl_user` [ RunTime:0.0005s ]
SQL: SELECT COUNT(*) AS tp_count FROM `bl_user` WHERE ( role = 0 ) LIMIT 1   [ RunTime:0.0003s ]
SQL: SELECT * FROM `bl_user` WHERE ( role = 0 ) ORDER BY registertime desc LIMIT 3,1   [ RunTime:0.0002s ]

[ 2015-09-24T20:23:57+08:00 ] 222.204.1.5 /home/user/getusers
INFO: [ app_init ] --START--
INFO: Run Behavior\BuildLiteBehavior [ RunTime:0.000013s ]
INFO: [ app_init ] --END-- [ RunTime:0.000244s ]
INFO: [ app_begin ] --START--
INFO: Run Behavior\ReadHtmlCacheBehavior [ RunTime:0.000301s ]
INFO: [ app_begin ] --END-- [ RunTime:0.000341s ]
SQL: SHOW COLUMNS FROM `bl_user` [ RunTime:0.0007s ]
NOTIC: [8] Use of undefined constant getUsers - assumed 'getUsers' /var/www/betterapi/Application/Home/Controller/UserController.class.php 第 12 行.

[ 2015-09-24T20:23:57+08:00 ] 222.204.1.5 /home/user/getusers
INFO: [ app_init ] --START--
INFO: Run Behavior\BuildLiteBehavior [ RunTime:0.000021s ]
INFO: [ app_init ] --END-- [ RunTime:0.000314s ]
INFO: [ app_begin ] --START--
INFO: Run Behavior\ReadHtmlCacheBehavior [ RunTime:0.000399s ]
INFO: [ app_begin ] --END-- [ RunTime:0.000441s ]
SQL: SHOW COLUMNS FROM `bl_user` [ RunTime:0.0008s ]
NOTIC: [8] Use of undefined constant getUsers - assumed 'getUsers' /var/www/betterapi/Application/Home/Controller/UserController.class.php 第 12 行.
SQL: SHOW COLUMNS FROM `bl_user` [ RunTime:0.0004s ]
SQL: SELECT COUNT(*) AS tp_count FROM `bl_user` WHERE ( role = 0 ) LIMIT 1   [ RunTime:0.0002s ]
SQL: SELECT * FROM `bl_user` WHERE ( role = 0 ) ORDER BY registertime desc LIMIT 2,1   [ RunTime:0.0002s ]

[ 2015-09-24T20:23:58+08:00 ] 222.204.1.5 /home/user/getusers
INFO: [ app_init ] --START--
INFO: Run Behavior\BuildLiteBehavior [ RunTime:0.000014s ]
INFO: [ app_init ] --END-- [ RunTime:0.000243s ]
INFO: [ app_begin ] --START--
INFO: Run Behavior\ReadHtmlCacheBehavior [ RunTime:0.000376s ]
INFO: [ app_begin ] --END-- [ RunTime:0.000430s ]
SQL: SHOW COLUMNS FROM `bl_user` [ RunTime:0.0007s ]
NOTIC: [8] Use of undefined constant getUsers - assumed 'getUsers' /var/www/betterapi/Application/Home/Controller/UserController.class.php 第 12 行.

[ 2015-09-24T20:23:58+08:00 ] 222.204.1.5 /home/user/getusers
INFO: [ app_init ] --START--
INFO: Run Behavior\BuildLiteBehavior [ RunTime:0.000018s ]
INFO: [ app_init ] --END-- [ RunTime:0.000276s ]
INFO: [ app_begin ] --START--
INFO: Run Behavior\ReadHtmlCacheBehavior [ RunTime:0.000325s ]
INFO: [ app_begin ] --END-- [ RunTime:0.000367s ]
SQL: SHOW COLUMNS FROM `bl_user` [ RunTime:0.0007s ]
NOTIC: [8] Use of undefined constant getUsers - assumed 'getUsers' /var/www/betterapi/Application/Home/Controller/UserController.class.php 第 12 行.
SQL: SHOW COLUMNS FROM `bl_user` [ RunTime:0.0004s ]
SQL: SELECT COUNT(*) AS tp_count FROM `bl_user` WHERE ( role = 0 ) LIMIT 1   [ RunTime:0.0002s ]
SQL: SELECT * FROM `bl_user` WHERE ( role = 0 ) ORDER BY registertime desc LIMIT 1,1   [ RunTime:0.0002s ]

[ 2015-09-24T20:23:59+08:00 ] 222.204.1.5 /home/user/getusers
INFO: [ app_init ] --START--
INFO: Run Behavior\BuildLiteBehavior [ RunTime:0.000013s ]
INFO: [ app_init ] --END-- [ RunTime:0.000250s ]
INFO: [ app_begin ] --START--
INFO: Run Behavior\ReadHtmlCacheBehavior [ RunTime:0.000320s ]
INFO: [ app_begin ] --END-- [ RunTime:0.000364s ]
SQL: SHOW COLUMNS FROM `bl_user` [ RunTime:0.0008s ]
NOTIC: [8] Use of undefined constant getUsers - assumed 'getUsers' /var/www/betterapi/Application/Home/Controller/UserController.class.php 第 12 行.

[ 2015-09-24T20:23:59+08:00 ] 222.204.1.5 /home/user/getusers
INFO: [ app_init ] --START--
INFO: Run Behavior\BuildLiteBehavior [ RunTime:0.000017s ]
INFO: [ app_init ] --END-- [ RunTime:0.000308s ]
INFO: [ app_begin ] --START--
INFO: Run Behavior\ReadHtmlCacheBehavior [ RunTime:0.000311s ]
INFO: [ app_begin ] --END-- [ RunTime:0.000352s ]
SQL: SHOW COLUMNS FROM `bl_user` [ RunTime:0.0007s ]
NOTIC: [8] Use of undefined constant getUsers - assumed 'getUsers' /var/www/betterapi/Application/Home/Controller/UserController.class.php 第 12 行.
SQL: SHOW COLUMNS FROM `bl_user` [ RunTime:0.0005s ]
SQL: SELECT COUNT(*) AS tp_count FROM `bl_user` WHERE ( role = 0 ) LIMIT 1   [ RunTime:0.0002s ]
SQL: SELECT * FROM `bl_user` WHERE ( role = 0 ) ORDER BY registertime desc LIMIT 0,1   [ RunTime:0.0002s ]

[ 2015-09-24T20:24:01+08:00 ] 222.204.1.5 /home/user/getusers
INFO: [ app_init ] --START--
INFO: Run Behavior\BuildLiteBehavior [ RunTime:0.000019s ]
INFO: [ app_init ] --END-- [ RunTime:0.000362s ]
INFO: [ app_begin ] --START--
INFO: Run Behavior\ReadHtmlCacheBehavior [ RunTime:0.000554s ]
INFO: [ app_begin ] --END-- [ RunTime:0.000599s ]
SQL: SHOW COLUMNS FROM `bl_user` [ RunTime:0.0007s ]
NOTIC: [8] Use of undefined constant getUsers - assumed 'getUsers' /var/www/betterapi/Application/Home/Controller/UserController.class.php 第 12 行.

[ 2015-09-24T20:24:01+08:00 ] 222.204.1.5 /home/user/getusers
INFO: [ app_init ] --START--
INFO: Run Behavior\BuildLiteBehavior [ RunTime:0.000016s ]
INFO: [ app_init ] --END-- [ RunTime:0.000254s ]
INFO: [ app_begin ] --START--
INFO: Run Behavior\ReadHtmlCacheBehavior [ RunTime:0.000305s ]
INFO: [ app_begin ] --END-- [ RunTime:0.000346s ]
SQL: SHOW COLUMNS FROM `bl_user` [ RunTime:0.0007s ]
NOTIC: [8] Use of undefined constant getUsers - assumed 'getUsers' /var/www/betterapi/Application/Home/Controller/UserController.class.php 第 12 行.
SQL: SHOW COLUMNS FROM `bl_user` [ RunTime:0.0005s ]
SQL: SELECT COUNT(*) AS tp_count FROM `bl_user` WHERE ( role = 0 ) LIMIT 1   [ RunTime:0.0002s ]
SQL: SELECT * FROM `bl_user` WHERE ( role = 0 ) ORDER BY registertime desc LIMIT 7,1   [ RunTime:0.0002s ]

[ 2015-09-24T20:24:11+08:00 ] 222.204.1.5 /home/user/getusers
INFO: [ app_init ] --START--
INFO: Run Behavior\BuildLiteBehavior [ RunTime:0.000013s ]
INFO: [ app_init ] --END-- [ RunTime:0.000242s ]
INFO: [ app_begin ] --START--
INFO: Run Behavior\ReadHtmlCacheBehavior [ RunTime:0.000394s ]
INFO: [ app_begin ] --END-- [ RunTime:0.000437s ]
SQL: SHOW COLUMNS FROM `bl_user` [ RunTime:0.0008s ]
NOTIC: [8] Use of undefined constant getUsers - assumed 'getUsers' /var/www/betterapi/Application/Home/Controller/UserController.class.php 第 12 行.

[ 2015-09-24T20:24:11+08:00 ] 222.204.1.5 /home/user/getusers
INFO: [ app_init ] --START--
INFO: Run Behavior\BuildLiteBehavior [ RunTime:0.000017s ]
INFO: [ app_init ] --END-- [ RunTime:0.000301s ]
INFO: [ app_begin ] --START--
INFO: Run Behavior\ReadHtmlCacheBehavior [ RunTime:0.000303s ]
INFO: [ app_begin ] --END-- [ RunTime:0.000343s ]
SQL: SHOW COLUMNS FROM `bl_user` [ RunTime:0.0007s ]
NOTIC: [8] Use of undefined constant getUsers - assumed 'getUsers' /var/www/betterapi/Application/Home/Controller/UserController.class.php 第 12 行.
SQL: SHOW COLUMNS FROM `bl_user` [ RunTime:0.0005s ]
SQL: SELECT COUNT(*) AS tp_count FROM `bl_user` WHERE ( role = 0 ) LIMIT 1   [ RunTime:0.0002s ]
SQL: SELECT * FROM `bl_user` WHERE ( role = 0 ) ORDER BY registertime desc LIMIT 0,4   [ RunTime:0.0002s ]

[ 2015-09-24T20:24:14+08:00 ] 222.204.1.5 /home/user/getusers
INFO: [ app_init ] --START--
INFO: Run Behavior\BuildLiteBehavior [ RunTime:0.000014s ]
INFO: [ app_init ] --END-- [ RunTime:0.000248s ]
INFO: [ app_begin ] --START--
INFO: Run Behavior\ReadHtmlCacheBehavior [ RunTime:0.000309s ]
INFO: [ app_begin ] --END-- [ RunTime:0.000355s ]
SQL: SHOW COLUMNS FROM `bl_user` [ RunTime:0.0007s ]
NOTIC: [8] Use of undefined constant getUsers - assumed 'getUsers' /var/www/betterapi/Application/Home/Controller/UserController.class.php 第 12 行.

[ 2015-09-24T20:24:14+08:00 ] 222.204.1.5 /home/user/getusers
INFO: [ app_init ] --START--
INFO: Run Behavior\BuildLiteBehavior [ RunTime:0.000013s ]
INFO: [ app_init ] --END-- [ RunTime:0.000293s ]
INFO: [ app_begin ] --START--
INFO: Run Behavior\ReadHtmlCacheBehavior [ RunTime:0.000353s ]
INFO: [ app_begin ] --END-- [ RunTime:0.000393s ]
SQL: SHOW COLUMNS FROM `bl_user` [ RunTime:0.0008s ]
NOTIC: [8] Use of undefined constant getUsers - assumed 'getUsers' /var/www/betterapi/Application/Home/Controller/UserController.class.php 第 12 行.
SQL: SHOW COLUMNS FROM `bl_user` [ RunTime:0.0006s ]
SQL: SELECT COUNT(*) AS tp_count FROM `bl_user` WHERE ( role = 0 ) LIMIT 1   [ RunTime:0.0003s ]
SQL: SELECT * FROM `bl_user` WHERE ( role = 0 ) ORDER BY registertime desc LIMIT 0,8   [ RunTime:0.0002s ]

[ 2015-09-24T20:26:30+08:00 ] 222.204.1.5 /home/user/getusers
INFO: [ app_init ] --START--
INFO: Run Behavior\BuildLiteBehavior [ RunTime:0.000063s ]
INFO: [ app_init ] --END-- [ RunTime:0.000422s ]
INFO: [ app_begin ] --START--
INFO: Run Behavior\ReadHtmlCacheBehavior [ RunTime:0.000425s ]
INFO: [ app_begin ] --END-- [ RunTime:0.000481s ]
SQL: SHOW COLUMNS FROM `bl_user` [ RunTime:0.0008s ]
NOTIC: [8] Use of undefined constant getUsers - assumed 'getUsers' /var/www/betterapi/Application/Home/Controller/UserController.class.php 第 12 行.

[ 2015-09-24T20:26:30+08:00 ] 222.204.1.5 /home/user/getusers
INFO: [ app_init ] --START--
INFO: Run Behavior\BuildLiteBehavior [ RunTime:0.000013s ]
INFO: [ app_init ] --END-- [ RunTime:0.000265s ]
INFO: [ app_begin ] --START--
INFO: Run Behavior\ReadHtmlCacheBehavior [ RunTime:0.000390s ]
INFO: [ app_begin ] --END-- [ RunTime:0.000446s ]
SQL: SHOW COLUMNS FROM `bl_user` [ RunTime:0.0013s ]
NOTIC: [8] Use of undefined constant getUsers - assumed 'getUsers' /var/www/betterapi/Application/Home/Controller/UserController.class.php 第 12 行.
SQL: SHOW COLUMNS FROM `bl_user` [ RunTime:0.0006s ]
SQL: SELECT COUNT(*) AS tp_count FROM `bl_user` WHERE ( role = 0 ) LIMIT 1   [ RunTime:0.0002s ]
SQL: SELECT * FROM `bl_user` WHERE ( role = 0 ) ORDER BY registertime desc LIMIT 0,1   [ RunTime:0.0002s ]

