[ 2015-10-17T17:05:32+08:00 ] 110.52.101.144 /home/category/categorylist
INFO: [ app_init ] --START--
INFO: Run Behavior\BuildLiteBehavior [ RunTime:0.000015s ]
INFO: [ app_init ] --END-- [ RunTime:0.000302s ]
INFO: [ app_begin ] --START--
INFO: Run Behavior\ReadHtmlCacheBehavior [ RunTime:0.000388s ]
INFO: [ app_begin ] --END-- [ RunTime:0.000438s ]
SQL: SHOW COLUMNS FROM `bl_category` [ RunTime:0.0008s ]
NOTIC: [8] Use of undefined constant categoryList - assumed 'categoryList' /var/www/betterapi/Application/Home/Controller/CategoryController.class.php 第 19 行.

[ 2015-10-17T17:05:32+08:00 ] 110.52.101.144 /home/category/categorylist
INFO: [ app_init ] --START--
INFO: Run Behavior\BuildLiteBehavior [ RunTime:0.000014s ]
INFO: [ app_init ] --END-- [ RunTime:0.000300s ]
INFO: [ app_begin ] --START--
INFO: Run Behavior\ReadHtmlCacheBehavior [ RunTime:0.000405s ]
INFO: [ app_begin ] --END-- [ RunTime:0.000460s ]
SQL: SHOW COLUMNS FROM `bl_category` [ RunTime:0.0007s ]
NOTIC: [8] Use of undefined constant categoryList - assumed 'categoryList' /var/www/betterapi/Application/Home/Controller/CategoryController.class.php 第 19 行.
SQL: SHOW COLUMNS FROM `bl_category` [ RunTime:0.0005s ]
SQL: SELECT COUNT(*) AS tp_count FROM `bl_category` LIMIT 1   [ RunTime:0.0002s ]
SQL: SELECT * FROM `bl_category` LIMIT 0,4   [ RunTime:0.0001s ]
SQL: SHOW COLUMNS FROM `bl_sign` [ RunTime:0.0005s ]
SQL: SELECT * FROM `bl_sign` WHERE ( 1=1 AND category='1' )  [ RunTime:0.0002s ]
SQL: SELECT * FROM `bl_sign` WHERE ( 1=1 AND category='2' )  [ RunTime:0.0002s ]
SQL: SELECT * FROM `bl_sign` WHERE ( 1=1 AND category='3' )  [ RunTime:0.0002s ]
SQL: SELECT * FROM `bl_sign` WHERE ( 1=1 AND category='4' )  [ RunTime:0.0002s ]

[ 2015-10-17T17:06:13+08:00 ] 110.52.101.144 /home/category/addsign
INFO: [ app_init ] --START--
INFO: Run Behavior\BuildLiteBehavior [ RunTime:0.000020s ]
INFO: [ app_init ] --END-- [ RunTime:0.000519s ]
INFO: [ app_begin ] --START--
INFO: Run Behavior\ReadHtmlCacheBehavior [ RunTime:0.000505s ]
INFO: [ app_begin ] --END-- [ RunTime:0.000599s ]
SQL: SHOW COLUMNS FROM `bl_category` [ RunTime:0.0008s ]
NOTIC: [8] Use of undefined constant addSign - assumed 'addSign' /var/www/betterapi/Application/Home/Controller/CategoryController.class.php 第 23 行.

[ 2015-10-17T17:06:13+08:00 ] 110.52.101.144 /home/category/addsign
INFO: [ app_init ] --START--
INFO: Run Behavior\BuildLiteBehavior [ RunTime:0.000015s ]
INFO: [ app_init ] --END-- [ RunTime:0.000340s ]
INFO: [ app_begin ] --START--
INFO: Run Behavior\ReadHtmlCacheBehavior [ RunTime:0.000413s ]
INFO: [ app_begin ] --END-- [ RunTime:0.000467s ]
SQL: SHOW COLUMNS FROM `bl_category` [ RunTime:0.0007s ]
NOTIC: [8] Use of undefined constant addSign - assumed 'addSign' /var/www/betterapi/Application/Home/Controller/CategoryController.class.php 第 23 行.
NOTIC: [8] Undefined index: category /var/www/betterapi/Application/Home/Model/CategoryModel.class.php 第 49 行.
SQL: SHOW COLUMNS FROM `bl_sign` [ RunTime:0.0004s ]
SQL: SELECT * FROM `bl_sign` WHERE `signname` = '数据库' AND `category` = null  [ RunTime:0.0002s ]
SQL: INSERT INTO `bl_sign` (`signname`,`category`) VALUES ('数据库','1') [ RunTime:0.0002s ]

[ 2015-10-17T17:06:15+08:00 ] 110.52.101.144 /home/category/categorylist
INFO: [ app_init ] --START--
INFO: Run Behavior\BuildLiteBehavior [ RunTime:0.000017s ]
INFO: [ app_init ] --END-- [ RunTime:0.000387s ]
INFO: [ app_begin ] --START--
INFO: Run Behavior\ReadHtmlCacheBehavior [ RunTime:0.000351s ]
INFO: [ app_begin ] --END-- [ RunTime:0.000400s ]
SQL: SHOW COLUMNS FROM `bl_category` [ RunTime:0.0007s ]
NOTIC: [8] Use of undefined constant categoryList - assumed 'categoryList' /var/www/betterapi/Application/Home/Controller/CategoryController.class.php 第 19 行.

[ 2015-10-17T17:06:16+08:00 ] 110.52.101.144 /home/category/categorylist
INFO: [ app_init ] --START--
INFO: Run Behavior\BuildLiteBehavior [ RunTime:0.000015s ]
INFO: [ app_init ] --END-- [ RunTime:0.000287s ]
INFO: [ app_begin ] --START--
INFO: Run Behavior\ReadHtmlCacheBehavior [ RunTime:0.000414s ]
INFO: [ app_begin ] --END-- [ RunTime:0.000469s ]
SQL: SHOW COLUMNS FROM `bl_category` [ RunTime:0.0007s ]
NOTIC: [8] Use of undefined constant categoryList - assumed 'categoryList' /var/www/betterapi/Application/Home/Controller/CategoryController.class.php 第 19 行.
SQL: SHOW COLUMNS FROM `bl_category` [ RunTime:0.0004s ]
SQL: SELECT COUNT(*) AS tp_count FROM `bl_category` LIMIT 1   [ RunTime:0.0001s ]
SQL: SELECT * FROM `bl_category` LIMIT 0,4   [ RunTime:0.0002s ]
SQL: SHOW COLUMNS FROM `bl_sign` [ RunTime:0.0004s ]
SQL: SELECT * FROM `bl_sign` WHERE ( 1=1 AND category='1' )  [ RunTime:0.0003s ]
SQL: SELECT * FROM `bl_sign` WHERE ( 1=1 AND category='2' )  [ RunTime:0.0002s ]
SQL: SELECT * FROM `bl_sign` WHERE ( 1=1 AND category='3' )  [ RunTime:0.0002s ]
SQL: SELECT * FROM `bl_sign` WHERE ( 1=1 AND category='4' )  [ RunTime:0.0002s ]

[ 2015-10-17T17:10:02+08:00 ] 110.52.101.144 /home/category/categorylist
INFO: [ app_init ] --START--
INFO: Run Behavior\BuildLiteBehavior [ RunTime:0.000027s ]
INFO: [ app_init ] --END-- [ RunTime:0.000566s ]
INFO: [ app_begin ] --START--
INFO: Run Behavior\ReadHtmlCacheBehavior [ RunTime:0.000458s ]
INFO: [ app_begin ] --END-- [ RunTime:0.000530s ]
SQL: SHOW COLUMNS FROM `bl_category` [ RunTime:0.0008s ]
NOTIC: [8] Use of undefined constant categoryList - assumed 'categoryList' /var/www/betterapi/Application/Home/Controller/CategoryController.class.php 第 19 行.

[ 2015-10-17T17:10:02+08:00 ] 110.52.101.144 /home/category/categorylist
INFO: [ app_init ] --START--
INFO: Run Behavior\BuildLiteBehavior [ RunTime:0.000015s ]
INFO: [ app_init ] --END-- [ RunTime:0.000282s ]
INFO: [ app_begin ] --START--
INFO: Run Behavior\ReadHtmlCacheBehavior [ RunTime:0.000382s ]
INFO: [ app_begin ] --END-- [ RunTime:0.000437s ]
SQL: SHOW COLUMNS FROM `bl_category` [ RunTime:0.0007s ]
NOTIC: [8] Use of undefined constant categoryList - assumed 'categoryList' /var/www/betterapi/Application/Home/Controller/CategoryController.class.php 第 19 行.
SQL: SHOW COLUMNS FROM `bl_category` [ RunTime:0.0004s ]
SQL: SELECT COUNT(*) AS tp_count FROM `bl_category` LIMIT 1   [ RunTime:0.0001s ]
SQL: SELECT * FROM `bl_category` LIMIT 4,4   [ RunTime:0.0002s ]
SQL: SHOW COLUMNS FROM `bl_sign` [ RunTime:0.0004s ]
SQL: SELECT * FROM `bl_sign` WHERE ( 1=1 AND category='5' )  [ RunTime:0.0002s ]
SQL: SELECT * FROM `bl_sign` WHERE ( 1=1 AND category='6' )  [ RunTime:0.0002s ]
SQL: SELECT * FROM `bl_sign` WHERE ( 1=1 AND category='7' )  [ RunTime:0.0002s ]
SQL: SELECT * FROM `bl_sign` WHERE ( 1=1 AND category='8' )  [ RunTime:0.0002s ]

[ 2015-10-17T17:10:03+08:00 ] 110.52.101.144 /home/category/categorylist
INFO: [ app_init ] --START--
INFO: Run Behavior\BuildLiteBehavior [ RunTime:0.000015s ]
INFO: [ app_init ] --END-- [ RunTime:0.000288s ]
INFO: [ app_begin ] --START--
INFO: Run Behavior\ReadHtmlCacheBehavior [ RunTime:0.000504s ]
INFO: [ app_begin ] --END-- [ RunTime:0.000570s ]
SQL: SHOW COLUMNS FROM `bl_category` [ RunTime:0.0007s ]
NOTIC: [8] Use of undefined constant categoryList - assumed 'categoryList' /var/www/betterapi/Application/Home/Controller/CategoryController.class.php 第 19 行.

[ 2015-10-17T17:10:03+08:00 ] 110.52.101.144 /home/category/categorylist
INFO: [ app_init ] --START--
INFO: Run Behavior\BuildLiteBehavior [ RunTime:0.000015s ]
INFO: [ app_init ] --END-- [ RunTime:0.000288s ]
INFO: [ app_begin ] --START--
INFO: Run Behavior\ReadHtmlCacheBehavior [ RunTime:0.000419s ]
INFO: [ app_begin ] --END-- [ RunTime:0.000467s ]
SQL: SHOW COLUMNS FROM `bl_category` [ RunTime:0.0007s ]
NOTIC: [8] Use of undefined constant categoryList - assumed 'categoryList' /var/www/betterapi/Application/Home/Controller/CategoryController.class.php 第 19 行.
SQL: SHOW COLUMNS FROM `bl_category` [ RunTime:0.0005s ]
SQL: SELECT COUNT(*) AS tp_count FROM `bl_category` LIMIT 1   [ RunTime:0.0001s ]
SQL: SELECT * FROM `bl_category` LIMIT 8,4   [ RunTime:0.0002s ]
SQL: SHOW COLUMNS FROM `bl_sign` [ RunTime:0.0004s ]
SQL: SELECT * FROM `bl_sign` WHERE ( 1=1 AND category='9' )  [ RunTime:0.0003s ]
SQL: SELECT * FROM `bl_sign` WHERE ( 1=1 AND category='10' )  [ RunTime:0.0002s ]

[ 2015-10-17T17:10:25+08:00 ] 110.52.101.144 /home/category/addsign
INFO: [ app_init ] --START--
INFO: Run Behavior\BuildLiteBehavior [ RunTime:0.000015s ]
INFO: [ app_init ] --END-- [ RunTime:0.000313s ]
INFO: [ app_begin ] --START--
INFO: Run Behavior\ReadHtmlCacheBehavior [ RunTime:0.000417s ]
INFO: [ app_begin ] --END-- [ RunTime:0.000467s ]
SQL: SHOW COLUMNS FROM `bl_category` [ RunTime:0.0007s ]
NOTIC: [8] Use of undefined constant addSign - assumed 'addSign' /var/www/betterapi/Application/Home/Controller/CategoryController.class.php 第 23 行.

[ 2015-10-17T17:10:25+08:00 ] 110.52.101.144 /home/category/addsign
INFO: [ app_init ] --START--
INFO: Run Behavior\BuildLiteBehavior [ RunTime:0.000015s ]
INFO: [ app_init ] --END-- [ RunTime:0.000280s ]
INFO: [ app_begin ] --START--
INFO: Run Behavior\ReadHtmlCacheBehavior [ RunTime:0.000349s ]
INFO: [ app_begin ] --END-- [ RunTime:0.000396s ]
SQL: SHOW COLUMNS FROM `bl_category` [ RunTime:0.0006s ]
NOTIC: [8] Use of undefined constant addSign - assumed 'addSign' /var/www/betterapi/Application/Home/Controller/CategoryController.class.php 第 23 行.
NOTIC: [8] Undefined index: category /var/www/betterapi/Application/Home/Model/CategoryModel.class.php 第 49 行.
SQL: SHOW COLUMNS FROM `bl_sign` [ RunTime:0.0005s ]
SQL: SELECT * FROM `bl_sign` WHERE `signname` = '数据库设计' AND `category` = null  [ RunTime:0.0002s ]
SQL: INSERT INTO `bl_sign` (`signname`,`category`) VALUES ('数据库设计','9') [ RunTime:0.0002s ]

[ 2015-10-17T17:10:27+08:00 ] 110.52.101.144 /home/category/categorylist
INFO: [ app_init ] --START--
INFO: Run Behavior\BuildLiteBehavior [ RunTime:0.000017s ]
INFO: [ app_init ] --END-- [ RunTime:0.000297s ]
INFO: [ app_begin ] --START--
INFO: Run Behavior\ReadHtmlCacheBehavior [ RunTime:0.000364s ]
INFO: [ app_begin ] --END-- [ RunTime:0.000413s ]
SQL: SHOW COLUMNS FROM `bl_category` [ RunTime:0.0008s ]
NOTIC: [8] Use of undefined constant categoryList - assumed 'categoryList' /var/www/betterapi/Application/Home/Controller/CategoryController.class.php 第 19 行.

[ 2015-10-17T17:10:28+08:00 ] 110.52.101.144 /home/category/categorylist
INFO: [ app_init ] --START--
INFO: Run Behavior\BuildLiteBehavior [ RunTime:0.000015s ]
INFO: [ app_init ] --END-- [ RunTime:0.000365s ]
INFO: [ app_begin ] --START--
INFO: Run Behavior\ReadHtmlCacheBehavior [ RunTime:0.000411s ]
INFO: [ app_begin ] --END-- [ RunTime:0.000460s ]
SQL: SHOW COLUMNS FROM `bl_category` [ RunTime:0.0007s ]
NOTIC: [8] Use of undefined constant categoryList - assumed 'categoryList' /var/www/betterapi/Application/Home/Controller/CategoryController.class.php 第 19 行.
SQL: SHOW COLUMNS FROM `bl_category` [ RunTime:0.0005s ]
SQL: SELECT COUNT(*) AS tp_count FROM `bl_category` LIMIT 1   [ RunTime:0.0001s ]
SQL: SELECT * FROM `bl_category` LIMIT 0,4   [ RunTime:0.0001s ]
SQL: SHOW COLUMNS FROM `bl_sign` [ RunTime:0.0005s ]
SQL: SELECT * FROM `bl_sign` WHERE ( 1=1 AND category='1' )  [ RunTime:0.0002s ]
SQL: SELECT * FROM `bl_sign` WHERE ( 1=1 AND category='2' )  [ RunTime:0.0002s ]
SQL: SELECT * FROM `bl_sign` WHERE ( 1=1 AND category='3' )  [ RunTime:0.0002s ]
SQL: SELECT * FROM `bl_sign` WHERE ( 1=1 AND category='4' )  [ RunTime:0.0002s ]

