[ 2015-10-01T14:01:14+08:00 ] 182.96.181.225 /home/category/categorylist
INFO: [ app_init ] --START--
INFO: Run Behavior\BuildLiteBehavior [ RunTime:0.000017s ]
INFO: [ app_init ] --END-- [ RunTime:0.000261s ]
INFO: [ app_begin ] --START--
INFO: Run Behavior\ReadHtmlCacheBehavior [ RunTime:0.000432s ]
INFO: [ app_begin ] --END-- [ RunTime:0.000476s ]
SQL: SHOW COLUMNS FROM `bl_category` [ RunTime:0.0006s ]
NOTIC: [8] Use of undefined constant categoryList - assumed 'categoryList' /var/www/betterapi/Application/Home/Controller/CategoryController.class.php 第 19 行.

[ 2015-10-01T14:01:15+08:00 ] 182.96.181.225 /home/category/categorylist
INFO: [ app_init ] --START--
INFO: Run Behavior\BuildLiteBehavior [ RunTime:0.000013s ]
INFO: [ app_init ] --END-- [ RunTime:0.000243s ]
INFO: [ app_begin ] --START--
INFO: Run Behavior\ReadHtmlCacheBehavior [ RunTime:0.000358s ]
INFO: [ app_begin ] --END-- [ RunTime:0.000401s ]
SQL: SHOW COLUMNS FROM `bl_category` [ RunTime:0.0006s ]
NOTIC: [8] Use of undefined constant categoryList - assumed 'categoryList' /var/www/betterapi/Application/Home/Controller/CategoryController.class.php 第 19 行.
SQL: SHOW COLUMNS FROM `bl_category` [ RunTime:0.0005s ]
SQL: SELECT COUNT(*) AS tp_count FROM `bl_category` LIMIT 1   [ RunTime:0.0001s ]
SQL: SELECT * FROM `bl_category` LIMIT 0,4   [ RunTime:0.0001s ]
SQL: SHOW COLUMNS FROM `bl_sign` [ RunTime:0.0004s ]
SQL: SELECT * FROM `bl_sign` WHERE ( 1=1 AND category='1' )  [ RunTime:0.0002s ]
SQL: SELECT * FROM `bl_sign` WHERE ( 1=1 AND category='2' )  [ RunTime:0.0001s ]
SQL: SELECT * FROM `bl_sign` WHERE ( 1=1 AND category='3' )  [ RunTime:0.0002s ]
SQL: SELECT * FROM `bl_sign` WHERE ( 1=1 AND category='4' )  [ RunTime:0.0001s ]

[ 2015-10-01T14:01:50+08:00 ] 182.96.181.225 /home/category/addcategory
INFO: [ app_init ] --START--
INFO: Run Behavior\BuildLiteBehavior [ RunTime:0.000014s ]
INFO: [ app_init ] --END-- [ RunTime:0.000286s ]
INFO: [ app_begin ] --START--
INFO: Run Behavior\ReadHtmlCacheBehavior [ RunTime:0.000302s ]
INFO: [ app_begin ] --END-- [ RunTime:0.000344s ]
SQL: SHOW COLUMNS FROM `bl_category` [ RunTime:0.0006s ]
NOTIC: [8] Use of undefined constant addCategory - assumed 'addCategory' /var/www/betterapi/Application/Home/Controller/CategoryController.class.php 第 15 行.

[ 2015-10-01T14:01:50+08:00 ] 182.96.181.225 /home/category/addcategory
INFO: [ app_init ] --START--
INFO: Run Behavior\BuildLiteBehavior [ RunTime:0.000013s ]
INFO: [ app_init ] --END-- [ RunTime:0.000245s ]
INFO: [ app_begin ] --START--
INFO: Run Behavior\ReadHtmlCacheBehavior [ RunTime:0.000388s ]
INFO: [ app_begin ] --END-- [ RunTime:0.000430s ]
SQL: SHOW COLUMNS FROM `bl_category` [ RunTime:0.0006s ]
NOTIC: [8] Use of undefined constant addCategory - assumed 'addCategory' /var/www/betterapi/Application/Home/Controller/CategoryController.class.php 第 15 行.
SQL: SHOW COLUMNS FROM `bl_category` [ RunTime:0.0004s ]
SQL: SELECT * FROM `bl_category` WHERE `cname` = '框架'  [ RunTime:0.0002s ]
SQL: INSERT INTO `bl_category` (`cname`) VALUES ('框架') [ RunTime:0.0002s ]

[ 2015-10-01T14:01:53+08:00 ] 182.96.181.225 /home/category/categorylist
INFO: [ app_init ] --START--
INFO: Run Behavior\BuildLiteBehavior [ RunTime:0.000014s ]
INFO: [ app_init ] --END-- [ RunTime:0.000248s ]
INFO: [ app_begin ] --START--
INFO: Run Behavior\ReadHtmlCacheBehavior [ RunTime:0.000368s ]
INFO: [ app_begin ] --END-- [ RunTime:0.000410s ]
SQL: SHOW COLUMNS FROM `bl_category` [ RunTime:0.0006s ]
NOTIC: [8] Use of undefined constant categoryList - assumed 'categoryList' /var/www/betterapi/Application/Home/Controller/CategoryController.class.php 第 19 行.

[ 2015-10-01T14:01:53+08:00 ] 182.96.181.225 /home/category/categorylist
INFO: [ app_init ] --START--
INFO: Run Behavior\BuildLiteBehavior [ RunTime:0.000013s ]
INFO: [ app_init ] --END-- [ RunTime:0.000247s ]
INFO: [ app_begin ] --START--
INFO: Run Behavior\ReadHtmlCacheBehavior [ RunTime:0.000353s ]
INFO: [ app_begin ] --END-- [ RunTime:0.000394s ]
SQL: SHOW COLUMNS FROM `bl_category` [ RunTime:0.0007s ]
NOTIC: [8] Use of undefined constant categoryList - assumed 'categoryList' /var/www/betterapi/Application/Home/Controller/CategoryController.class.php 第 19 行.
SQL: SHOW COLUMNS FROM `bl_category` [ RunTime:0.0004s ]
SQL: SELECT COUNT(*) AS tp_count FROM `bl_category` LIMIT 1   [ RunTime:0.0001s ]
SQL: SELECT * FROM `bl_category` LIMIT 0,4   [ RunTime:0.0001s ]
SQL: SHOW COLUMNS FROM `bl_sign` [ RunTime:0.0004s ]
SQL: SELECT * FROM `bl_sign` WHERE ( 1=1 AND category='1' )  [ RunTime:0.0002s ]
SQL: SELECT * FROM `bl_sign` WHERE ( 1=1 AND category='2' )  [ RunTime:0.0003s ]
SQL: SELECT * FROM `bl_sign` WHERE ( 1=1 AND category='3' )  [ RunTime:0.0001s ]
SQL: SELECT * FROM `bl_sign` WHERE ( 1=1 AND category='4' )  [ RunTime:0.0001s ]

[ 2015-10-01T14:01:54+08:00 ] 182.96.181.225 /home/category/categorylist
INFO: [ app_init ] --START--
INFO: Run Behavior\BuildLiteBehavior [ RunTime:0.000014s ]
INFO: [ app_init ] --END-- [ RunTime:0.000253s ]
INFO: [ app_begin ] --START--
INFO: Run Behavior\ReadHtmlCacheBehavior [ RunTime:0.000431s ]
INFO: [ app_begin ] --END-- [ RunTime:0.000489s ]
SQL: SHOW COLUMNS FROM `bl_category` [ RunTime:0.0006s ]
NOTIC: [8] Use of undefined constant categoryList - assumed 'categoryList' /var/www/betterapi/Application/Home/Controller/CategoryController.class.php 第 19 行.

[ 2015-10-01T14:01:54+08:00 ] 182.96.181.225 /home/category/categorylist
INFO: [ app_init ] --START--
INFO: Run Behavior\BuildLiteBehavior [ RunTime:0.000014s ]
INFO: [ app_init ] --END-- [ RunTime:0.000269s ]
INFO: [ app_begin ] --START--
INFO: Run Behavior\ReadHtmlCacheBehavior [ RunTime:0.000357s ]
INFO: [ app_begin ] --END-- [ RunTime:0.000398s ]
SQL: SHOW COLUMNS FROM `bl_category` [ RunTime:0.0006s ]
NOTIC: [8] Use of undefined constant categoryList - assumed 'categoryList' /var/www/betterapi/Application/Home/Controller/CategoryController.class.php 第 19 行.
SQL: SHOW COLUMNS FROM `bl_category` [ RunTime:0.0004s ]
SQL: SELECT COUNT(*) AS tp_count FROM `bl_category` LIMIT 1   [ RunTime:0.0001s ]
SQL: SELECT * FROM `bl_category` LIMIT 8,4   [ RunTime:0.0002s ]
SQL: SHOW COLUMNS FROM `bl_sign` [ RunTime:0.0004s ]
SQL: SELECT * FROM `bl_sign` WHERE ( 1=1 AND category='9' )  [ RunTime:0.0003s ]
SQL: SELECT * FROM `bl_sign` WHERE ( 1=1 AND category='10' )  [ RunTime:0.0001s ]

[ 2015-10-01T14:02:01+08:00 ] 182.96.181.225 /home/category/addsign
INFO: [ app_init ] --START--
INFO: Run Behavior\BuildLiteBehavior [ RunTime:0.000014s ]
INFO: [ app_init ] --END-- [ RunTime:0.000245s ]
INFO: [ app_begin ] --START--
INFO: Run Behavior\ReadHtmlCacheBehavior [ RunTime:0.000373s ]
INFO: [ app_begin ] --END-- [ RunTime:0.000417s ]
SQL: SHOW COLUMNS FROM `bl_category` [ RunTime:0.0007s ]
NOTIC: [8] Use of undefined constant addSign - assumed 'addSign' /var/www/betterapi/Application/Home/Controller/CategoryController.class.php 第 23 行.

[ 2015-10-01T14:02:01+08:00 ] 182.96.181.225 /home/category/addsign
INFO: [ app_init ] --START--
INFO: Run Behavior\BuildLiteBehavior [ RunTime:0.000014s ]
INFO: [ app_init ] --END-- [ RunTime:0.000256s ]
INFO: [ app_begin ] --START--
INFO: Run Behavior\ReadHtmlCacheBehavior [ RunTime:0.000341s ]
INFO: [ app_begin ] --END-- [ RunTime:0.000426s ]
SQL: SHOW COLUMNS FROM `bl_category` [ RunTime:0.0006s ]
NOTIC: [8] Use of undefined constant addSign - assumed 'addSign' /var/www/betterapi/Application/Home/Controller/CategoryController.class.php 第 23 行.
NOTIC: [8] Undefined index: category /var/www/betterapi/Application/Home/Model/CategoryModel.class.php 第 49 行.
SQL: SHOW COLUMNS FROM `bl_sign` [ RunTime:0.0007s ]
SQL: SELECT * FROM `bl_sign` WHERE `signname` = 'laravel' AND `category` = null  [ RunTime:0.0002s ]
SQL: INSERT INTO `bl_sign` (`signname`,`category`) VALUES ('laravel','10') [ RunTime:0.0002s ]

[ 2015-10-01T14:02:03+08:00 ] 182.96.181.225 /home/category/categorylist
INFO: [ app_init ] --START--
INFO: Run Behavior\BuildLiteBehavior [ RunTime:0.000014s ]
INFO: [ app_init ] --END-- [ RunTime:0.000249s ]
INFO: [ app_begin ] --START--
INFO: Run Behavior\ReadHtmlCacheBehavior [ RunTime:0.000400s ]
INFO: [ app_begin ] --END-- [ RunTime:0.000453s ]
SQL: SHOW COLUMNS FROM `bl_category` [ RunTime:0.0007s ]
NOTIC: [8] Use of undefined constant categoryList - assumed 'categoryList' /var/www/betterapi/Application/Home/Controller/CategoryController.class.php 第 19 行.

[ 2015-10-01T14:02:03+08:00 ] 182.96.181.225 /home/category/categorylist
INFO: [ app_init ] --START--
INFO: Run Behavior\BuildLiteBehavior [ RunTime:0.000013s ]
INFO: [ app_init ] --END-- [ RunTime:0.000244s ]
INFO: [ app_begin ] --START--
INFO: Run Behavior\ReadHtmlCacheBehavior [ RunTime:0.000400s ]
INFO: [ app_begin ] --END-- [ RunTime:0.000441s ]
SQL: SHOW COLUMNS FROM `bl_category` [ RunTime:0.0007s ]
NOTIC: [8] Use of undefined constant categoryList - assumed 'categoryList' /var/www/betterapi/Application/Home/Controller/CategoryController.class.php 第 19 行.
SQL: SHOW COLUMNS FROM `bl_category` [ RunTime:0.0008s ]
SQL: SELECT COUNT(*) AS tp_count FROM `bl_category` LIMIT 1   [ RunTime:0.0002s ]
SQL: SELECT * FROM `bl_category` LIMIT 0,4   [ RunTime:0.0002s ]
SQL: SHOW COLUMNS FROM `bl_sign` [ RunTime:0.0005s ]
SQL: SELECT * FROM `bl_sign` WHERE ( 1=1 AND category='1' )  [ RunTime:0.0002s ]
SQL: SELECT * FROM `bl_sign` WHERE ( 1=1 AND category='2' )  [ RunTime:0.0002s ]
SQL: SELECT * FROM `bl_sign` WHERE ( 1=1 AND category='3' )  [ RunTime:0.0002s ]
SQL: SELECT * FROM `bl_sign` WHERE ( 1=1 AND category='4' )  [ RunTime:0.0001s ]

[ 2015-10-01T18:09:51+08:00 ] 121.42.0.36 /
INFO: [ app_init ] --START--
INFO: Run Behavior\BuildLiteBehavior [ RunTime:0.000017s ]
INFO: [ app_init ] --END-- [ RunTime:0.000310s ]
INFO: [ app_begin ] --START--
INFO: Run Behavior\ReadHtmlCacheBehavior [ RunTime:0.000314s ]
INFO: [ app_begin ] --END-- [ RunTime:0.000353s ]
ERR: 无法加载控制器:Index

