[ 2015-10-22T21:06:25+08:00 ] 103.47.209.186 /home/category/categorylist
INFO: [ app_init ] --START--
INFO: Run Behavior\BuildLiteBehavior [ RunTime:0.000015s ]
INFO: [ app_init ] --END-- [ RunTime:0.000347s ]
INFO: [ app_begin ] --START--
INFO: Run Behavior\ReadHtmlCacheBehavior [ RunTime:0.000509s ]
INFO: [ app_begin ] --END-- [ RunTime:0.000571s ]
SQL: SHOW COLUMNS FROM `bl_category` [ RunTime:0.0007s ]
NOTIC: [8] Use of undefined constant categoryList - assumed 'categoryList' /var/www/betterapi/Application/Home/Controller/CategoryController.class.php 第 19 行.

[ 2015-10-22T21:06:25+08:00 ] 103.47.209.186 /home/category/categorylist
INFO: [ app_init ] --START--
INFO: Run Behavior\BuildLiteBehavior [ RunTime:0.000015s ]
INFO: [ app_init ] --END-- [ RunTime:0.000286s ]
INFO: [ app_begin ] --START--
INFO: Run Behavior\ReadHtmlCacheBehavior [ RunTime:0.000396s ]
INFO: [ app_begin ] --END-- [ RunTime:0.000445s ]
SQL: SHOW COLUMNS FROM `bl_category` [ RunTime:0.0008s ]
NOTIC: [8] Use of undefined constant categoryList - assumed 'categoryList' /var/www/betterapi/Application/Home/Controller/CategoryController.class.php 第 19 行.
SQL: SHOW COLUMNS FROM `bl_category` [ RunTime:0.0004s ]
SQL: SELECT COUNT(*) AS tp_count FROM `bl_category` LIMIT 1   [ RunTime:0.0002s ]
SQL: SELECT * FROM `bl_category` LIMIT 0,4   [ RunTime:0.0001s ]
SQL: SHOW COLUMNS FROM `bl_sign` [ RunTime:0.0005s ]
SQL: SELECT * FROM `bl_sign` WHERE ( 1=1 AND category='1' )  [ RunTime:0.0002s ]
SQL: SELECT * FROM `bl_sign` WHERE ( 1=1 AND category='2' )  [ RunTime:0.0002s ]
SQL: SELECT * FROM `bl_sign` WHERE ( 1=1 AND category='3' )  [ RunTime:0.0002s ]
SQL: SELECT * FROM `bl_sign` WHERE ( 1=1 AND category='4' )  [ RunTime:0.0002s ]

[ 2015-10-22T21:06:38+08:00 ] 103.47.209.186 /home/category/addcategory
INFO: [ app_init ] --START--
INFO: Run Behavior\BuildLiteBehavior [ RunTime:0.000017s ]
INFO: [ app_init ] --END-- [ RunTime:0.000289s ]
INFO: [ app_begin ] --START--
INFO: Run Behavior\ReadHtmlCacheBehavior [ RunTime:0.000400s ]
INFO: [ app_begin ] --END-- [ RunTime:0.000454s ]
SQL: SHOW COLUMNS FROM `bl_category` [ RunTime:0.0007s ]
NOTIC: [8] Use of undefined constant addCategory - assumed 'addCategory' /var/www/betterapi/Application/Home/Controller/CategoryController.class.php 第 15 行.

[ 2015-10-22T21:06:40+08:00 ] 103.47.209.186 /home/category/addcategory
INFO: [ app_init ] --START--
INFO: Run Behavior\BuildLiteBehavior [ RunTime:0.000024s ]
INFO: [ app_init ] --END-- [ RunTime:0.000364s ]
INFO: [ app_begin ] --START--
INFO: Run Behavior\ReadHtmlCacheBehavior [ RunTime:0.000373s ]
INFO: [ app_begin ] --END-- [ RunTime:0.000421s ]
SQL: SHOW COLUMNS FROM `bl_category` [ RunTime:0.0008s ]
NOTIC: [8] Use of undefined constant addCategory - assumed 'addCategory' /var/www/betterapi/Application/Home/Controller/CategoryController.class.php 第 15 行.
SQL: SHOW COLUMNS FROM `bl_category` [ RunTime:0.0005s ]
SQL: SELECT * FROM `bl_category` WHERE `cname` = '商业'  [ RunTime:0.0002s ]
SQL: INSERT INTO `bl_category` (`cname`) VALUES ('商业') [ RunTime:0.0002s ]

[ 2015-10-22T21:06:43+08:00 ] 103.47.209.186 /home/category/addcategory
INFO: [ app_init ] --START--
INFO: Run Behavior\BuildLiteBehavior [ RunTime:0.000022s ]
INFO: [ app_init ] --END-- [ RunTime:0.000356s ]
INFO: [ app_begin ] --START--
INFO: Run Behavior\ReadHtmlCacheBehavior [ RunTime:0.000394s ]
INFO: [ app_begin ] --END-- [ RunTime:0.000444s ]
SQL: SHOW COLUMNS FROM `bl_category` [ RunTime:0.0008s ]
NOTIC: [8] Use of undefined constant addCategory - assumed 'addCategory' /var/www/betterapi/Application/Home/Controller/CategoryController.class.php 第 15 行.

[ 2015-10-22T21:06:45+08:00 ] 103.47.209.186 /home/category/addcategory
INFO: [ app_init ] --START--
INFO: Run Behavior\BuildLiteBehavior [ RunTime:0.000015s ]
INFO: [ app_init ] --END-- [ RunTime:0.000336s ]
INFO: [ app_begin ] --START--
INFO: Run Behavior\ReadHtmlCacheBehavior [ RunTime:0.000353s ]
INFO: [ app_begin ] --END-- [ RunTime:0.000453s ]
SQL: SHOW COLUMNS FROM `bl_category` [ RunTime:0.0006s ]
NOTIC: [8] Use of undefined constant addCategory - assumed 'addCategory' /var/www/betterapi/Application/Home/Controller/CategoryController.class.php 第 15 行.
SQL: SHOW COLUMNS FROM `bl_category` [ RunTime:0.0004s ]
SQL: SELECT * FROM `bl_category` WHERE `cname` = '商业'  [ RunTime:0.0003s ]

[ 2015-10-22T21:06:45+08:00 ] 103.47.209.186 /home/category/categorylist
INFO: [ app_init ] --START--
INFO: Run Behavior\BuildLiteBehavior [ RunTime:0.000027s ]
INFO: [ app_init ] --END-- [ RunTime:0.000556s ]
INFO: [ app_begin ] --START--
INFO: Run Behavior\ReadHtmlCacheBehavior [ RunTime:0.000458s ]
INFO: [ app_begin ] --END-- [ RunTime:0.000574s ]
SQL: SHOW COLUMNS FROM `bl_category` [ RunTime:0.0007s ]
NOTIC: [8] Use of undefined constant categoryList - assumed 'categoryList' /var/www/betterapi/Application/Home/Controller/CategoryController.class.php 第 19 行.

[ 2015-10-22T21:06:46+08:00 ] 103.47.209.186 /home/category/categorylist
INFO: [ app_init ] --START--
INFO: Run Behavior\BuildLiteBehavior [ RunTime:0.000014s ]
INFO: [ app_init ] --END-- [ RunTime:0.000281s ]
INFO: [ app_begin ] --START--
INFO: Run Behavior\ReadHtmlCacheBehavior [ RunTime:0.000359s ]
INFO: [ app_begin ] --END-- [ RunTime:0.000408s ]
SQL: SHOW COLUMNS FROM `bl_category` [ RunTime:0.0008s ]
NOTIC: [8] Use of undefined constant categoryList - assumed 'categoryList' /var/www/betterapi/Application/Home/Controller/CategoryController.class.php 第 19 行.
SQL: SHOW COLUMNS FROM `bl_category` [ RunTime:0.0005s ]
SQL: SELECT COUNT(*) AS tp_count FROM `bl_category` LIMIT 1   [ RunTime:0.0002s ]
SQL: SELECT * FROM `bl_category` LIMIT 0,4   [ RunTime:0.0006s ]
SQL: SHOW COLUMNS FROM `bl_sign` [ RunTime:0.0005s ]
SQL: SELECT * FROM `bl_sign` WHERE ( 1=1 AND category='1' )  [ RunTime:0.0002s ]
SQL: SELECT * FROM `bl_sign` WHERE ( 1=1 AND category='2' )  [ RunTime:0.0002s ]
SQL: SELECT * FROM `bl_sign` WHERE ( 1=1 AND category='3' )  [ RunTime:0.0002s ]
SQL: SELECT * FROM `bl_sign` WHERE ( 1=1 AND category='4' )  [ RunTime:0.0002s ]

[ 2015-10-22T21:06:51+08:00 ] 103.47.209.186 /home/category/categorylist
INFO: [ app_init ] --START--
INFO: Run Behavior\BuildLiteBehavior [ RunTime:0.000016s ]
INFO: [ app_init ] --END-- [ RunTime:0.000334s ]
INFO: [ app_begin ] --START--
INFO: Run Behavior\ReadHtmlCacheBehavior [ RunTime:0.000408s ]
INFO: [ app_begin ] --END-- [ RunTime:0.000458s ]
SQL: SHOW COLUMNS FROM `bl_category` [ RunTime:0.0007s ]
NOTIC: [8] Use of undefined constant categoryList - assumed 'categoryList' /var/www/betterapi/Application/Home/Controller/CategoryController.class.php 第 19 行.

[ 2015-10-22T21:06:52+08:00 ] 103.47.209.186 /home/category/categorylist
INFO: [ app_init ] --START--
INFO: Run Behavior\BuildLiteBehavior [ RunTime:0.000015s ]
INFO: [ app_init ] --END-- [ RunTime:0.000305s ]
INFO: [ app_begin ] --START--
INFO: Run Behavior\ReadHtmlCacheBehavior [ RunTime:0.000391s ]
INFO: [ app_begin ] --END-- [ RunTime:0.000458s ]
SQL: SHOW COLUMNS FROM `bl_category` [ RunTime:0.0008s ]
NOTIC: [8] Use of undefined constant categoryList - assumed 'categoryList' /var/www/betterapi/Application/Home/Controller/CategoryController.class.php 第 19 行.
SQL: SHOW COLUMNS FROM `bl_category` [ RunTime:0.0005s ]
SQL: SELECT COUNT(*) AS tp_count FROM `bl_category` LIMIT 1   [ RunTime:0.0001s ]
SQL: SELECT * FROM `bl_category` LIMIT 4,4   [ RunTime:0.0002s ]
SQL: SHOW COLUMNS FROM `bl_sign` [ RunTime:0.0004s ]
SQL: SELECT * FROM `bl_sign` WHERE ( 1=1 AND category='5' )  [ RunTime:0.0002s ]
SQL: SELECT * FROM `bl_sign` WHERE ( 1=1 AND category='6' )  [ RunTime:0.0002s ]
SQL: SELECT * FROM `bl_sign` WHERE ( 1=1 AND category='7' )  [ RunTime:0.0002s ]
SQL: SELECT * FROM `bl_sign` WHERE ( 1=1 AND category='8' )  [ RunTime:0.0002s ]

[ 2015-10-22T21:06:52+08:00 ] 103.47.209.186 /home/category/categorylist
INFO: [ app_init ] --START--
INFO: Run Behavior\BuildLiteBehavior [ RunTime:0.000016s ]
INFO: [ app_init ] --END-- [ RunTime:0.000339s ]
INFO: [ app_begin ] --START--
INFO: Run Behavior\ReadHtmlCacheBehavior [ RunTime:0.000374s ]
INFO: [ app_begin ] --END-- [ RunTime:0.000428s ]
SQL: SHOW COLUMNS FROM `bl_category` [ RunTime:0.0007s ]
NOTIC: [8] Use of undefined constant categoryList - assumed 'categoryList' /var/www/betterapi/Application/Home/Controller/CategoryController.class.php 第 19 行.

[ 2015-10-22T21:06:53+08:00 ] 103.47.209.186 /home/category/categorylist
INFO: [ app_init ] --START--
INFO: Run Behavior\BuildLiteBehavior [ RunTime:0.000021s ]
INFO: [ app_init ] --END-- [ RunTime:0.000467s ]
INFO: [ app_begin ] --START--
INFO: Run Behavior\ReadHtmlCacheBehavior [ RunTime:0.000592s ]
INFO: [ app_begin ] --END-- [ RunTime:0.000655s ]
SQL: SHOW COLUMNS FROM `bl_category` [ RunTime:0.0008s ]
NOTIC: [8] Use of undefined constant categoryList - assumed 'categoryList' /var/www/betterapi/Application/Home/Controller/CategoryController.class.php 第 19 行.
SQL: SHOW COLUMNS FROM `bl_category` [ RunTime:0.0005s ]
SQL: SELECT COUNT(*) AS tp_count FROM `bl_category` LIMIT 1   [ RunTime:0.0002s ]
SQL: SELECT * FROM `bl_category` LIMIT 8,4   [ RunTime:0.0002s ]
SQL: SHOW COLUMNS FROM `bl_sign` [ RunTime:0.0004s ]
SQL: SELECT * FROM `bl_sign` WHERE ( 1=1 AND category='9' )  [ RunTime:0.0003s ]
SQL: SELECT * FROM `bl_sign` WHERE ( 1=1 AND category='10' )  [ RunTime:0.0002s ]
SQL: SELECT * FROM `bl_sign` WHERE ( 1=1 AND category='11' )  [ RunTime:0.0002s ]

[ 2015-10-22T21:07:11+08:00 ] 103.47.209.186 /home/category/addsign
INFO: [ app_init ] --START--
INFO: Run Behavior\BuildLiteBehavior [ RunTime:0.000023s ]
INFO: [ app_init ] --END-- [ RunTime:0.000310s ]
INFO: [ app_begin ] --START--
INFO: Run Behavior\ReadHtmlCacheBehavior [ RunTime:0.000398s ]
INFO: [ app_begin ] --END-- [ RunTime:0.000448s ]
SQL: SHOW COLUMNS FROM `bl_category` [ RunTime:0.0007s ]
NOTIC: [8] Use of undefined constant addSign - assumed 'addSign' /var/www/betterapi/Application/Home/Controller/CategoryController.class.php 第 23 行.

[ 2015-10-22T21:07:29+08:00 ] 103.47.209.186 /home/category/addsign
INFO: [ app_init ] --START--
INFO: Run Behavior\BuildLiteBehavior [ RunTime:0.000015s ]
INFO: [ app_init ] --END-- [ RunTime:0.000365s ]
INFO: [ app_begin ] --START--
INFO: Run Behavior\ReadHtmlCacheBehavior [ RunTime:0.000428s ]
INFO: [ app_begin ] --END-- [ RunTime:0.000478s ]
SQL: SHOW COLUMNS FROM `bl_category` [ RunTime:0.0007s ]
NOTIC: [8] Use of undefined constant addSign - assumed 'addSign' /var/www/betterapi/Application/Home/Controller/CategoryController.class.php 第 23 行.

[ 2015-10-22T21:07:29+08:00 ] 103.47.209.186 /home/category/addsign
INFO: [ app_init ] --START--
INFO: Run Behavior\BuildLiteBehavior [ RunTime:0.000016s ]
INFO: [ app_init ] --END-- [ RunTime:0.000344s ]
INFO: [ app_begin ] --START--
INFO: Run Behavior\ReadHtmlCacheBehavior [ RunTime:0.000353s ]
INFO: [ app_begin ] --END-- [ RunTime:0.000453s ]
SQL: SHOW COLUMNS FROM `bl_category` [ RunTime:0.0007s ]
NOTIC: [8] Use of undefined constant addSign - assumed 'addSign' /var/www/betterapi/Application/Home/Controller/CategoryController.class.php 第 23 行.
NOTIC: [8] Undefined index: category /var/www/betterapi/Application/Home/Model/CategoryModel.class.php 第 49 行.
SQL: SHOW COLUMNS FROM `bl_sign` [ RunTime:0.0005s ]
SQL: SELECT * FROM `bl_sign` WHERE `signname` = '计算机' AND `category` = null  [ RunTime:0.0003s ]
SQL: INSERT INTO `bl_sign` (`signname`,`category`) VALUES ('计算机','11') [ RunTime:0.0002s ]

[ 2015-10-22T21:07:30+08:00 ] 103.47.209.186 /home/category/addsign
INFO: [ app_init ] --START--
INFO: Run Behavior\BuildLiteBehavior [ RunTime:0.000016s ]
INFO: [ app_init ] --END-- [ RunTime:0.000346s ]
INFO: [ app_begin ] --START--
INFO: Run Behavior\ReadHtmlCacheBehavior [ RunTime:0.000399s ]
INFO: [ app_begin ] --END-- [ RunTime:0.000449s ]
SQL: SHOW COLUMNS FROM `bl_category` [ RunTime:0.0008s ]
NOTIC: [8] Use of undefined constant addSign - assumed 'addSign' /var/www/betterapi/Application/Home/Controller/CategoryController.class.php 第 23 行.
NOTIC: [8] Undefined index: category /var/www/betterapi/Application/Home/Model/CategoryModel.class.php 第 49 行.
SQL: SHOW COLUMNS FROM `bl_sign` [ RunTime:0.0005s ]
SQL: SELECT * FROM `bl_sign` WHERE `signname` = '计算机' AND `category` = null  [ RunTime:0.0002s ]
SQL: INSERT INTO `bl_sign` (`signname`,`category`) VALUES ('计算机','11') [ RunTime:0.0002s ]

[ 2015-10-22T21:07:42+08:00 ] 103.47.209.186 /home/category/categorylist
INFO: [ app_init ] --START--
INFO: Run Behavior\BuildLiteBehavior [ RunTime:0.000015s ]
INFO: [ app_init ] --END-- [ RunTime:0.000283s ]
INFO: [ app_begin ] --START--
INFO: Run Behavior\ReadHtmlCacheBehavior [ RunTime:0.000361s ]
INFO: [ app_begin ] --END-- [ RunTime:0.000416s ]
SQL: SHOW COLUMNS FROM `bl_category` [ RunTime:0.0007s ]
NOTIC: [8] Use of undefined constant categoryList - assumed 'categoryList' /var/www/betterapi/Application/Home/Controller/CategoryController.class.php 第 19 行.

[ 2015-10-22T21:07:44+08:00 ] 103.47.209.186 /home/category/categorylist
INFO: [ app_init ] --START--
INFO: Run Behavior\BuildLiteBehavior [ RunTime:0.000015s ]
INFO: [ app_init ] --END-- [ RunTime:0.000377s ]
INFO: [ app_begin ] --START--
INFO: Run Behavior\ReadHtmlCacheBehavior [ RunTime:0.000405s ]
INFO: [ app_begin ] --END-- [ RunTime:0.000454s ]
SQL: SHOW COLUMNS FROM `bl_category` [ RunTime:0.0007s ]
NOTIC: [8] Use of undefined constant categoryList - assumed 'categoryList' /var/www/betterapi/Application/Home/Controller/CategoryController.class.php 第 19 行.
SQL: SHOW COLUMNS FROM `bl_category` [ RunTime:0.0004s ]
SQL: SELECT COUNT(*) AS tp_count FROM `bl_category` LIMIT 1   [ RunTime:0.0002s ]
SQL: SELECT * FROM `bl_category` LIMIT 0,4   [ RunTime:0.0001s ]
SQL: SHOW COLUMNS FROM `bl_sign` [ RunTime:0.0005s ]
SQL: SELECT * FROM `bl_sign` WHERE ( 1=1 AND category='1' )  [ RunTime:0.0002s ]
SQL: SELECT * FROM `bl_sign` WHERE ( 1=1 AND category='2' )  [ RunTime:0.0002s ]
SQL: SELECT * FROM `bl_sign` WHERE ( 1=1 AND category='3' )  [ RunTime:0.0002s ]
SQL: SELECT * FROM `bl_sign` WHERE ( 1=1 AND category='4' )  [ RunTime:0.0002s ]

[ 2015-10-22T21:09:00+08:00 ] 182.96.181.216 /home/category/categorylist
INFO: [ app_init ] --START--
INFO: Run Behavior\BuildLiteBehavior [ RunTime:0.000020s ]
INFO: [ app_init ] --END-- [ RunTime:0.000338s ]
INFO: [ app_begin ] --START--
INFO: Run Behavior\ReadHtmlCacheBehavior [ RunTime:0.000423s ]
INFO: [ app_begin ] --END-- [ RunTime:0.000473s ]
SQL: SHOW COLUMNS FROM `bl_category` [ RunTime:0.0007s ]
NOTIC: [8] Use of undefined constant categoryList - assumed 'categoryList' /var/www/betterapi/Application/Home/Controller/CategoryController.class.php 第 19 行.

[ 2015-10-22T21:09:01+08:00 ] 182.96.181.216 /home/category/categorylist
INFO: [ app_init ] --START--
INFO: Run Behavior\BuildLiteBehavior [ RunTime:0.000023s ]
INFO: [ app_init ] --END-- [ RunTime:0.000326s ]
INFO: [ app_begin ] --START--
INFO: Run Behavior\ReadHtmlCacheBehavior [ RunTime:0.000460s ]
INFO: [ app_begin ] --END-- [ RunTime:0.000510s ]
SQL: SHOW COLUMNS FROM `bl_category` [ RunTime:0.0007s ]
NOTIC: [8] Use of undefined constant categoryList - assumed 'categoryList' /var/www/betterapi/Application/Home/Controller/CategoryController.class.php 第 19 行.
SQL: SHOW COLUMNS FROM `bl_category` [ RunTime:0.0004s ]
SQL: SELECT COUNT(*) AS tp_count FROM `bl_category` LIMIT 1   [ RunTime:0.0001s ]
SQL: SELECT * FROM `bl_category` LIMIT 0,4   [ RunTime:0.0001s ]
SQL: SHOW COLUMNS FROM `bl_sign` [ RunTime:0.0005s ]
SQL: SELECT * FROM `bl_sign` WHERE ( 1=1 AND category='1' )  [ RunTime:0.0002s ]
SQL: SELECT * FROM `bl_sign` WHERE ( 1=1 AND category='2' )  [ RunTime:0.0002s ]
SQL: SELECT * FROM `bl_sign` WHERE ( 1=1 AND category='3' )  [ RunTime:0.0002s ]
SQL: SELECT * FROM `bl_sign` WHERE ( 1=1 AND category='4' )  [ RunTime:0.0002s ]

[ 2015-10-22T21:19:34+08:00 ] 182.96.181.216 /home/category/categorylist
INFO: [ app_init ] --START--
INFO: Run Behavior\BuildLiteBehavior [ RunTime:0.000015s ]
INFO: [ app_init ] --END-- [ RunTime:0.001331s ]
INFO: [ app_begin ] --START--
INFO: Run Behavior\ReadHtmlCacheBehavior [ RunTime:0.000351s ]
INFO: [ app_begin ] --END-- [ RunTime:0.000398s ]
SQL: SHOW COLUMNS FROM `bl_category` [ RunTime:0.0010s ]
NOTIC: [8] Use of undefined constant categoryList - assumed 'categoryList' /var/www/betterapi/Application/Home/Controller/CategoryController.class.php 第 19 行.

[ 2015-10-22T21:19:34+08:00 ] 182.96.181.216 /home/category/categorylist
INFO: [ app_init ] --START--
INFO: Run Behavior\BuildLiteBehavior [ RunTime:0.000015s ]
INFO: [ app_init ] --END-- [ RunTime:0.001384s ]
INFO: [ app_begin ] --START--
INFO: Run Behavior\ReadHtmlCacheBehavior [ RunTime:0.001429s ]
INFO: [ app_begin ] --END-- [ RunTime:0.001478s ]
SQL: SHOW COLUMNS FROM `bl_category` [ RunTime:0.0023s ]
NOTIC: [8] Use of undefined constant categoryList - assumed 'categoryList' /var/www/betterapi/Application/Home/Controller/CategoryController.class.php 第 19 行.

[ 2015-10-22T21:19:34+08:00 ] 182.96.181.216 /home/category/categorylist
INFO: [ app_init ] --START--
INFO: Run Behavior\BuildLiteBehavior [ RunTime:0.000017s ]
INFO: [ app_init ] --END-- [ RunTime:0.000291s ]
INFO: [ app_begin ] --START--
INFO: Run Behavior\ReadHtmlCacheBehavior [ RunTime:0.001434s ]
INFO: [ app_begin ] --END-- [ RunTime:0.001481s ]
SQL: SHOW COLUMNS FROM `bl_category` [ RunTime:0.0010s ]
NOTIC: [8] Use of undefined constant categoryList - assumed 'categoryList' /var/www/betterapi/Application/Home/Controller/CategoryController.class.php 第 19 行.
SQL: SHOW COLUMNS FROM `bl_category` [ RunTime:0.0018s ]
SQL: SELECT COUNT(*) AS tp_count FROM `bl_category` LIMIT 1   [ RunTime:0.0004s ]
SQL: SELECT * FROM `bl_category` LIMIT 8,4   [ RunTime:0.0002s ]
SQL: SHOW COLUMNS FROM `bl_sign` [ RunTime:0.0008s ]
SQL: SELECT * FROM `bl_sign` WHERE ( 1=1 AND category='9' )  [ RunTime:0.0008s ]
SQL: SELECT * FROM `bl_sign` WHERE ( 1=1 AND category='10' )  [ RunTime:0.0006s ]
SQL: SELECT * FROM `bl_sign` WHERE ( 1=1 AND category='11' )  [ RunTime:0.0009s ]

[ 2015-10-22T21:19:34+08:00 ] 182.96.181.216 /home/category/categorylist
INFO: [ app_init ] --START--
INFO: Run Behavior\BuildLiteBehavior [ RunTime:0.000014s ]
INFO: [ app_init ] --END-- [ RunTime:0.001343s ]
INFO: [ app_begin ] --START--
INFO: Run Behavior\ReadHtmlCacheBehavior [ RunTime:0.000354s ]
INFO: [ app_begin ] --END-- [ RunTime:0.000400s ]
SQL: SHOW COLUMNS FROM `bl_category` [ RunTime:0.0012s ]
NOTIC: [8] Use of undefined constant categoryList - assumed 'categoryList' /var/www/betterapi/Application/Home/Controller/CategoryController.class.php 第 19 行.
SQL: SHOW COLUMNS FROM `bl_category` [ RunTime:0.0007s ]
SQL: SELECT COUNT(*) AS tp_count FROM `bl_category` LIMIT 1   [ RunTime:0.0006s ]
SQL: SELECT * FROM `bl_category` LIMIT 4,4   [ RunTime:0.0007s ]
SQL: SHOW COLUMNS FROM `bl_sign` [ RunTime:0.0011s ]
SQL: SELECT * FROM `bl_sign` WHERE ( 1=1 AND category='5' )  [ RunTime:0.0007s ]
SQL: SELECT * FROM `bl_sign` WHERE ( 1=1 AND category='6' )  [ RunTime:0.0005s ]
SQL: SELECT * FROM `bl_sign` WHERE ( 1=1 AND category='7' )  [ RunTime:0.0002s ]
SQL: SELECT * FROM `bl_sign` WHERE ( 1=1 AND category='8' )  [ RunTime:0.0021s ]

[ 2015-10-22T21:19:43+08:00 ] 182.96.181.216 /home/category/categorylist
INFO: [ app_init ] --START--
INFO: Run Behavior\BuildLiteBehavior [ RunTime:0.000019s ]
INFO: [ app_init ] --END-- [ RunTime:0.001404s ]
INFO: [ app_begin ] --START--
INFO: Run Behavior\ReadHtmlCacheBehavior [ RunTime:0.001436s ]
INFO: [ app_begin ] --END-- [ RunTime:0.001497s ]
SQL: SHOW COLUMNS FROM `bl_category` [ RunTime:0.0007s ]
NOTIC: [8] Use of undefined constant categoryList - assumed 'categoryList' /var/www/betterapi/Application/Home/Controller/CategoryController.class.php 第 19 行.

[ 2015-10-22T21:19:43+08:00 ] 182.96.181.216 /home/category/categorylist
INFO: [ app_init ] --START--
INFO: Run Behavior\BuildLiteBehavior [ RunTime:0.000015s ]
INFO: [ app_init ] --END-- [ RunTime:0.000326s ]
INFO: [ app_begin ] --START--
INFO: Run Behavior\ReadHtmlCacheBehavior [ RunTime:0.000405s ]
INFO: [ app_begin ] --END-- [ RunTime:0.001524s ]
SQL: SHOW COLUMNS FROM `bl_category` [ RunTime:0.0005s ]
NOTIC: [8] Use of undefined constant categoryList - assumed 'categoryList' /var/www/betterapi/Application/Home/Controller/CategoryController.class.php 第 19 行.

[ 2015-10-22T21:19:43+08:00 ] 182.96.181.216 /home/category/categorylist
INFO: [ app_init ] --START--
INFO: Run Behavior\BuildLiteBehavior [ RunTime:0.000021s ]
INFO: [ app_init ] --END-- [ RunTime:0.001391s ]
INFO: [ app_begin ] --START--
INFO: Run Behavior\ReadHtmlCacheBehavior [ RunTime:0.001456s ]
INFO: [ app_begin ] --END-- [ RunTime:0.001507s ]
SQL: SHOW COLUMNS FROM `bl_category` [ RunTime:0.0007s ]
NOTIC: [8] Use of undefined constant categoryList - assumed 'categoryList' /var/www/betterapi/Application/Home/Controller/CategoryController.class.php 第 19 行.
SQL: SHOW COLUMNS FROM `bl_category` [ RunTime:0.0014s ]
SQL: SELECT COUNT(*) AS tp_count FROM `bl_category` LIMIT 1   [ RunTime:0.0010s ]
SQL: SELECT * FROM `bl_category` LIMIT 0,4   [ RunTime:0.0001s ]
SQL: SHOW COLUMNS FROM `bl_sign` [ RunTime:0.0014s ]
SQL: SELECT * FROM `bl_sign` WHERE ( 1=1 AND category='1' )  [ RunTime:0.0002s ]
SQL: SELECT * FROM `bl_sign` WHERE ( 1=1 AND category='2' )  [ RunTime:0.0010s ]
SQL: SELECT * FROM `bl_sign` WHERE ( 1=1 AND category='3' )  [ RunTime:0.0002s ]
SQL: SELECT * FROM `bl_sign` WHERE ( 1=1 AND category='4' )  [ RunTime:0.0005s ]

[ 2015-10-22T21:19:43+08:00 ] 182.96.181.216 /home/category/categorylist
INFO: [ app_init ] --START--
INFO: Run Behavior\BuildLiteBehavior [ RunTime:0.000016s ]
INFO: [ app_init ] --END-- [ RunTime:0.001419s ]
INFO: [ app_begin ] --START--
INFO: Run Behavior\ReadHtmlCacheBehavior [ RunTime:0.001431s ]
INFO: [ app_begin ] --END-- [ RunTime:0.001479s ]
SQL: SHOW COLUMNS FROM `bl_category` [ RunTime:0.0005s ]
NOTIC: [8] Use of undefined constant categoryList - assumed 'categoryList' /var/www/betterapi/Application/Home/Controller/CategoryController.class.php 第 19 行.
SQL: SHOW COLUMNS FROM `bl_category` [ RunTime:0.0011s ]
SQL: SELECT COUNT(*) AS tp_count FROM `bl_category` LIMIT 1   [ RunTime:0.0001s ]
SQL: SELECT * FROM `bl_category` LIMIT 4,4   [ RunTime:0.0008s ]
SQL: SHOW COLUMNS FROM `bl_sign` [ RunTime:0.0005s ]
SQL: SELECT * FROM `bl_sign` WHERE ( 1=1 AND category='5' )  [ RunTime:0.0012s ]
SQL: SELECT * FROM `bl_sign` WHERE ( 1=1 AND category='6' )  [ RunTime:0.0002s ]
SQL: SELECT * FROM `bl_sign` WHERE ( 1=1 AND category='7' )  [ RunTime:0.0010s ]
SQL: SELECT * FROM `bl_sign` WHERE ( 1=1 AND category='8' )  [ RunTime:0.0019s ]

[ 2015-10-22T21:19:44+08:00 ] 182.96.181.216 /home/category/categorylist
INFO: [ app_init ] --START--
INFO: Run Behavior\BuildLiteBehavior [ RunTime:0.000023s ]
INFO: [ app_init ] --END-- [ RunTime:0.000390s ]
INFO: [ app_begin ] --START--
INFO: Run Behavior\ReadHtmlCacheBehavior [ RunTime:0.000497s ]
INFO: [ app_begin ] --END-- [ RunTime:0.000549s ]
SQL: SHOW COLUMNS FROM `bl_category` [ RunTime:0.0007s ]
NOTIC: [8] Use of undefined constant categoryList - assumed 'categoryList' /var/www/betterapi/Application/Home/Controller/CategoryController.class.php 第 19 行.

[ 2015-10-22T21:19:44+08:00 ] 182.96.181.216 /home/category/categorylist
INFO: [ app_init ] --START--
INFO: Run Behavior\BuildLiteBehavior [ RunTime:0.000016s ]
INFO: [ app_init ] --END-- [ RunTime:0.000285s ]
INFO: [ app_begin ] --START--
INFO: Run Behavior\ReadHtmlCacheBehavior [ RunTime:0.000370s ]
INFO: [ app_begin ] --END-- [ RunTime:0.000422s ]
SQL: SHOW COLUMNS FROM `bl_category` [ RunTime:0.0008s ]
NOTIC: [8] Use of undefined constant categoryList - assumed 'categoryList' /var/www/betterapi/Application/Home/Controller/CategoryController.class.php 第 19 行.
SQL: SHOW COLUMNS FROM `bl_category` [ RunTime:0.0005s ]
SQL: SELECT COUNT(*) AS tp_count FROM `bl_category` LIMIT 1   [ RunTime:0.0001s ]
SQL: SELECT * FROM `bl_category` LIMIT 4,4   [ RunTime:0.0004s ]
SQL: SHOW COLUMNS FROM `bl_sign` [ RunTime:0.0006s ]
SQL: SELECT * FROM `bl_sign` WHERE ( 1=1 AND category='5' )  [ RunTime:0.0002s ]
SQL: SELECT * FROM `bl_sign` WHERE ( 1=1 AND category='6' )  [ RunTime:0.0002s ]
SQL: SELECT * FROM `bl_sign` WHERE ( 1=1 AND category='7' )  [ RunTime:0.0002s ]
SQL: SELECT * FROM `bl_sign` WHERE ( 1=1 AND category='8' )  [ RunTime:0.0002s ]

[ 2015-10-22T21:19:54+08:00 ] 182.96.181.216 /home/category/categorylist
INFO: [ app_init ] --START--
INFO: Run Behavior\BuildLiteBehavior [ RunTime:0.000015s ]
INFO: [ app_init ] --END-- [ RunTime:0.000295s ]
INFO: [ app_begin ] --START--
INFO: Run Behavior\ReadHtmlCacheBehavior [ RunTime:0.000420s ]
INFO: [ app_begin ] --END-- [ RunTime:0.000470s ]
SQL: SHOW COLUMNS FROM `bl_category` [ RunTime:0.0007s ]
NOTIC: [8] Use of undefined constant categoryList - assumed 'categoryList' /var/www/betterapi/Application/Home/Controller/CategoryController.class.php 第 19 行.

[ 2015-10-22T21:19:54+08:00 ] 182.96.181.216 /home/category/categorylist
INFO: [ app_init ] --START--
INFO: Run Behavior\BuildLiteBehavior [ RunTime:0.000015s ]
INFO: [ app_init ] --END-- [ RunTime:0.000283s ]
INFO: [ app_begin ] --START--
INFO: Run Behavior\ReadHtmlCacheBehavior [ RunTime:0.000411s ]
INFO: [ app_begin ] --END-- [ RunTime:0.000463s ]
SQL: SHOW COLUMNS FROM `bl_category` [ RunTime:0.0006s ]
NOTIC: [8] Use of undefined constant categoryList - assumed 'categoryList' /var/www/betterapi/Application/Home/Controller/CategoryController.class.php 第 19 行.
SQL: SHOW COLUMNS FROM `bl_category` [ RunTime:0.0004s ]
SQL: SELECT COUNT(*) AS tp_count FROM `bl_category` LIMIT 1   [ RunTime:0.0001s ]
SQL: SELECT * FROM `bl_category` LIMIT 0,4   [ RunTime:0.0002s ]
SQL: SHOW COLUMNS FROM `bl_sign` [ RunTime:0.0004s ]
SQL: SELECT * FROM `bl_sign` WHERE ( 1=1 AND category='1' )  [ RunTime:0.0002s ]
SQL: SELECT * FROM `bl_sign` WHERE ( 1=1 AND category='2' )  [ RunTime:0.0002s ]
SQL: SELECT * FROM `bl_sign` WHERE ( 1=1 AND category='3' )  [ RunTime:0.0002s ]
SQL: SELECT * FROM `bl_sign` WHERE ( 1=1 AND category='4' )  [ RunTime:0.0002s ]

[ 2015-10-22T21:19:57+08:00 ] 182.96.181.216 /home/category/categorylist
INFO: [ app_init ] --START--
INFO: Run Behavior\BuildLiteBehavior [ RunTime:0.000017s ]
INFO: [ app_init ] --END-- [ RunTime:0.000303s ]
INFO: [ app_begin ] --START--
INFO: Run Behavior\ReadHtmlCacheBehavior [ RunTime:0.000399s ]
INFO: [ app_begin ] --END-- [ RunTime:0.000451s ]
SQL: SHOW COLUMNS FROM `bl_category` [ RunTime:0.0008s ]
NOTIC: [8] Use of undefined constant categoryList - assumed 'categoryList' /var/www/betterapi/Application/Home/Controller/CategoryController.class.php 第 19 行.

[ 2015-10-22T21:19:58+08:00 ] 182.96.181.216 /home/category/categorylist
INFO: [ app_init ] --START--
INFO: Run Behavior\BuildLiteBehavior [ RunTime:0.000015s ]
INFO: [ app_init ] --END-- [ RunTime:0.000290s ]
INFO: [ app_begin ] --START--
INFO: Run Behavior\ReadHtmlCacheBehavior [ RunTime:0.000419s ]
INFO: [ app_begin ] --END-- [ RunTime:0.000468s ]
SQL: SHOW COLUMNS FROM `bl_category` [ RunTime:0.0007s ]
NOTIC: [8] Use of undefined constant categoryList - assumed 'categoryList' /var/www/betterapi/Application/Home/Controller/CategoryController.class.php 第 19 行.
SQL: SHOW COLUMNS FROM `bl_category` [ RunTime:0.0004s ]
SQL: SELECT COUNT(*) AS tp_count FROM `bl_category` LIMIT 1   [ RunTime:0.0002s ]
SQL: SELECT * FROM `bl_category` LIMIT 8,4   [ RunTime:0.0001s ]
SQL: SHOW COLUMNS FROM `bl_sign` [ RunTime:0.0005s ]
SQL: SELECT * FROM `bl_sign` WHERE ( 1=1 AND category='9' )  [ RunTime:0.0002s ]
SQL: SELECT * FROM `bl_sign` WHERE ( 1=1 AND category='10' )  [ RunTime:0.0002s ]
SQL: SELECT * FROM `bl_sign` WHERE ( 1=1 AND category='11' )  [ RunTime:0.0002s ]

[ 2015-10-22T21:20:12+08:00 ] 182.96.181.216 /home/category/addsign
INFO: [ app_init ] --START--
INFO: Run Behavior\BuildLiteBehavior [ RunTime:0.000019s ]
INFO: [ app_init ] --END-- [ RunTime:0.000368s ]
INFO: [ app_begin ] --START--
INFO: Run Behavior\ReadHtmlCacheBehavior [ RunTime:0.000452s ]
INFO: [ app_begin ] --END-- [ RunTime:0.000501s ]
SQL: SHOW COLUMNS FROM `bl_category` [ RunTime:0.0007s ]
NOTIC: [8] Use of undefined constant addSign - assumed 'addSign' /var/www/betterapi/Application/Home/Controller/CategoryController.class.php 第 23 行.

[ 2015-10-22T21:20:14+08:00 ] 182.96.181.216 /home/category/addsign
INFO: [ app_init ] --START--
INFO: Run Behavior\BuildLiteBehavior [ RunTime:0.000015s ]
INFO: [ app_init ] --END-- [ RunTime:0.000343s ]
INFO: [ app_begin ] --START--
INFO: Run Behavior\ReadHtmlCacheBehavior [ RunTime:0.000375s ]
INFO: [ app_begin ] --END-- [ RunTime:0.000481s ]
SQL: SHOW COLUMNS FROM `bl_category` [ RunTime:0.0007s ]
NOTIC: [8] Use of undefined constant addSign - assumed 'addSign' /var/www/betterapi/Application/Home/Controller/CategoryController.class.php 第 23 行.
NOTIC: [8] Undefined index: category /var/www/betterapi/Application/Home/Model/CategoryModel.class.php 第 49 行.
SQL: SHOW COLUMNS FROM `bl_sign` [ RunTime:0.0005s ]
SQL: SELECT * FROM `bl_sign` WHERE `signname` = '计算机发展史' AND `category` = null  [ RunTime:0.0002s ]
SQL: INSERT INTO `bl_sign` (`signname`,`category`) VALUES ('计算机发展史','9') [ RunTime:0.0004s ]

[ 2015-10-22T21:20:17+08:00 ] 182.96.181.216 /home/category/categorylist
INFO: [ app_init ] --START--
INFO: Run Behavior\BuildLiteBehavior [ RunTime:0.000022s ]
INFO: [ app_init ] --END-- [ RunTime:0.000467s ]
INFO: [ app_begin ] --START--
INFO: Run Behavior\ReadHtmlCacheBehavior [ RunTime:0.000663s ]
INFO: [ app_begin ] --END-- [ RunTime:0.000741s ]
SQL: SHOW COLUMNS FROM `bl_category` [ RunTime:0.0007s ]
NOTIC: [8] Use of undefined constant categoryList - assumed 'categoryList' /var/www/betterapi/Application/Home/Controller/CategoryController.class.php 第 19 行.

[ 2015-10-22T21:20:17+08:00 ] 182.96.181.216 /home/category/categorylist
INFO: [ app_init ] --START--
INFO: Run Behavior\BuildLiteBehavior [ RunTime:0.000016s ]
INFO: [ app_init ] --END-- [ RunTime:0.000345s ]
INFO: [ app_begin ] --START--
INFO: Run Behavior\ReadHtmlCacheBehavior [ RunTime:0.000668s ]
INFO: [ app_begin ] --END-- [ RunTime:0.000756s ]
SQL: SHOW COLUMNS FROM `bl_category` [ RunTime:0.0008s ]
NOTIC: [8] Use of undefined constant categoryList - assumed 'categoryList' /var/www/betterapi/Application/Home/Controller/CategoryController.class.php 第 19 行.
SQL: SHOW COLUMNS FROM `bl_category` [ RunTime:0.0005s ]
SQL: SELECT COUNT(*) AS tp_count FROM `bl_category` LIMIT 1   [ RunTime:0.0001s ]
SQL: SELECT * FROM `bl_category` LIMIT 0,4   [ RunTime:0.0001s ]
SQL: SHOW COLUMNS FROM `bl_sign` [ RunTime:0.0004s ]
SQL: SELECT * FROM `bl_sign` WHERE ( 1=1 AND category='1' )  [ RunTime:0.0003s ]
SQL: SELECT * FROM `bl_sign` WHERE ( 1=1 AND category='2' )  [ RunTime:0.0002s ]
SQL: SELECT * FROM `bl_sign` WHERE ( 1=1 AND category='3' )  [ RunTime:0.0002s ]
SQL: SELECT * FROM `bl_sign` WHERE ( 1=1 AND category='4' )  [ RunTime:0.0002s ]

